TN:
SF:/home/thanga-inc-5829/Documents/Infusion_pump/include/infusion.hpp
FN:18,18,_ZN12InfusionModeC2ER13VolumeTrackerR16OcclusionMonitorR12AlarmManager
FN:31,32,_ZN16ConstantRateModeC2EfR13VolumeTrackerR16OcclusionMonitorR12AlarmManager
FN:42,43,_ZN14LinearRampModeC2EfffR13VolumeTrackerR16OcclusionMonitorR12AlarmManager
FNDA:34,_ZN12InfusionModeC2ER13VolumeTrackerR16OcclusionMonitorR12AlarmManager
FNDA:17,_ZN16ConstantRateModeC2EfR13VolumeTrackerR16OcclusionMonitorR12AlarmManager
FNDA:17,_ZN14LinearRampModeC2EfffR13VolumeTrackerR16OcclusionMonitorR12AlarmManager
FNF:3
FNH:3
DA:18,34
DA:31,17
DA:32,17
DA:42,17
DA:43,17
LF:5
LH:5
end_of_record
TN:
SF:/home/thanga-inc-5829/Documents/Infusion_pump/include/volume.hpp
FN:17,18,_ZN13VolumeTrackerC2Efmf
FNDA:17,_ZN13VolumeTrackerC2Efmf
FNF:1
FNH:1
DA:17,17
DA:18,17
LF:2
LH:2
end_of_record
TN:
SF:/home/thanga-inc-5829/Documents/Infusion_pump/src/alarm.cpp
FN:3,6,_ZN12AlarmManager3addEP13Alarmobserver
FN:8,13,_ZN12AlarmManager6notifyEv
FNDA:6,_ZN12AlarmManager3addEP13Alarmobserver
FNDA:13,_ZN12AlarmManager6notifyEv
FNF:2
FNH:2
DA:3,6
DA:4,6
DA:5,6
DA:6,6
DA:8,13
DA:9,19
DA:10,6
DA:12,13
DA:13,13
LF:9
LH:9
end_of_record
TN:
SF:/home/thanga-inc-5829/Documents/Infusion_pump/src/infusion.cpp
FN:11,15,_ZN12InfusionMode3runEv
FN:16,25,_ZN12InfusionMode9applyRateEf
FN:27,34,_ZN12InfusionMode10checkAlarmEv
FN:36,38,_ZN16ConstantRateMode17computeTargetRateEv
FN:40,46,_ZN14LinearRampMode17computeTargetRateEv
FNDA:13,_ZN12InfusionMode3runEv
FNDA:13,_ZN12InfusionMode9applyRateEf
FNDA:13,_ZN12InfusionMode10checkAlarmEv
FNDA:19,_ZN16ConstantRateMode17computeTargetRateEv
FNDA:171,_ZN14LinearRampMode17computeTargetRateEv
FNF:5
FNH:5
DA:11,13
DA:12,13
DA:13,13
DA:14,13
DA:15,13
DA:16,13
DA:17,13
DA:18,10
DA:19,10
DA:21,13
DA:22,13
DA:23,13
DA:24,13
DA:25,13
DA:27,13
DA:28,13
DA:29,1
DA:31,13
DA:32,9
DA:34,13
DA:36,19
DA:37,19
DA:40,171
DA:41,171
DA:42,171
DA:43,18
DA:45,171
LF:27
LH:27
end_of_record
TN:
SF:/home/thanga-inc-5829/Documents/Infusion_pump/src/occlusion.cpp
FN:8,14,_ZN16OcclusionMonitor9isoccluedEv
FNDA:19,_ZN16OcclusionMonitor9isoccluedEv
FNF:1
FNH:1
DA:8,19
DA:9,19
DA:10,19
DA:11,12
DA:13,7
LF:5
LH:5
end_of_record
TN:
SF:/home/thanga-inc-5829/Documents/Infusion_pump/src/volume.cpp
FN:14,25,_ZN13VolumeTracker3calEv
FNDA:22,_ZN13VolumeTracker3calEv
FNF:1
FNH:1
DA:14,22
DA:15,22
DA:16,22
DA:17,22
DA:18,22
DA:19,22
DA:20,7
DA:21,7
DA:22,4
DA:24,3
LF:10
LH:10
end_of_record
TN:
SF:/home/thanga-inc-5829/Documents/Infusion_pump/test/mock_hardware.cpp
FN:11,11,_Z12sensor_pressv
FN:12,12,_Z10atomic_getPv
FN:13,13,_Z12k_uptime_getv
FN:14,14,_Z14set_delay_ratej
FN:16,16,_ZN3led6updateEv
FN:17,17,_ZN3buz6updateEv
FN:18,18,_Z13get_pump_modev
FNDA:19,_Z12sensor_pressv
FNDA:22,_Z10atomic_getPv
FNDA:32,_Z12k_uptime_getv
FNDA:13,_Z14set_delay_ratej
FNDA:3,_ZN3led6updateEv
FNDA:3,_ZN3buz6updateEv
FNDA:2,_Z13get_pump_modev
FNF:7
FNH:7
DA:11,19
DA:12,22
DA:13,32
DA:14,13
DA:16,3
DA:17,3
DA:18,2
LF:7
LH:7
end_of_record
TN:
SF:/home/thanga-inc-5829/Documents/Infusion_pump/test/test_infusion.cpp
FN:101,101,_ZN27infusion_test_get_mode_Test8TestBodyEv
FN:101,101,_ZN27infusion_test_get_mode_TestC2Ev
FN:101,101,_ZN27infusion_test_get_mode_TestD0Ev
FN:101,101,_ZN27infusion_test_get_mode_TestD2Ev
FN:19,19,_ZN28infusion_test_occlu_cal_Test8TestBodyEv
FN:19,19,_ZN28infusion_test_occlu_cal_TestC2Ev
FN:19,19,_ZN28infusion_test_occlu_cal_TestD0Ev
FN:19,19,_ZN28infusion_test_occlu_cal_TestD2Ev
FN:22,22,_ZN31infusion_test_notify_alarm_Test8TestBodyEv
FN:22,22,_ZN31infusion_test_notify_alarm_TestC2Ev
FN:22,22,_ZN31infusion_test_notify_alarm_TestD0Ev
FN:22,22,_ZN31infusion_test_notify_alarm_TestD2Ev
FN:30,30,_ZN26infusion_test_vol_cal_Test8TestBodyEv
FN:30,30,_ZN26infusion_test_vol_cal_TestC2Ev
FN:30,30,_ZN26infusion_test_vol_cal_TestD0Ev
FN:30,30,_ZN26infusion_test_vol_cal_TestD2Ev
FN:34,34,_ZN26infusion_test_const_t_Test8TestBodyEv
FN:34,34,_ZN26infusion_test_const_t_TestC2Ev
FN:34,34,_ZN26infusion_test_const_t_TestD0Ev
FN:34,34,_ZN26infusion_test_const_t_TestD2Ev
FN:37,37,_ZN25infusion_test_ramp_t_Test8TestBodyEv
FN:37,37,_ZN25infusion_test_ramp_t_TestC2Ev
FN:37,37,_ZN25infusion_test_ramp_t_TestD0Ev
FN:37,37,_ZN25infusion_test_ramp_t_TestD2Ev
FN:40,40,_ZN31infusion_test_multi_ramp_t_Test8TestBodyEv
FN:40,40,_ZN31infusion_test_multi_ramp_t_TestC2Ev
FN:40,40,_ZN31infusion_test_multi_ramp_t_TestD0Ev
FN:40,40,_ZN31infusion_test_multi_ramp_t_TestD2Ev
FN:46,46,_ZN34infusion_test_occlu_cal_alram_Test8TestBodyEv
FN:46,46,_ZN34infusion_test_occlu_cal_alram_TestC2Ev
FN:46,46,_ZN34infusion_test_occlu_cal_alram_TestD0Ev
FN:46,46,_ZN34infusion_test_occlu_cal_alram_TestD2Ev
FN:50,50,_ZN27infusion_test_vt_alarm_Test8TestBodyEv
FN:50,50,_ZN27infusion_test_vt_alarm_TestC2Ev
FN:50,50,_ZN27infusion_test_vt_alarm_TestD0Ev
FN:50,50,_ZN27infusion_test_vt_alarm_TestD2Ev
FN:55,62,_ZN30infusion_test_switch_mode_Test8TestBodyEv
FN:55,62,_ZN30infusion_test_switch_mode_TestC2Ev
FN:55,62,_ZN30infusion_test_switch_mode_TestD0Ev
FN:55,62,_ZN30infusion_test_switch_mode_TestD2Ev
FN:63,63,_ZN27infusion_test_ramp_cap_Test8TestBodyEv
FN:63,63,_ZN27infusion_test_ramp_cap_TestC2Ev
FN:63,63,_ZN27infusion_test_ramp_cap_TestD0Ev
FN:63,63,_ZN27infusion_test_ramp_cap_TestD2Ev
FN:68,68,_ZN36infusion_test_alarm_no_observer_Test8TestBodyEv
FN:68,68,_ZN36infusion_test_alarm_no_observer_TestC2Ev
FN:68,68,_ZN36infusion_test_alarm_no_observer_TestD0Ev
FN:68,68,_ZN36infusion_test_alarm_no_observer_TestD2Ev
FN:73,73,_ZN35infusion_test_vt_zero_expected_Test8TestBodyEv
FN:73,73,_ZN35infusion_test_vt_zero_expected_TestC2Ev
FN:73,73,_ZN35infusion_test_vt_zero_expected_TestD0Ev
FN:73,73,_ZN35infusion_test_vt_zero_expected_TestD2Ev
FN:78,78,_ZN30infusion_test_check_alarm_Test8TestBodyEv
FN:78,78,_ZN30infusion_test_check_alarm_TestC2Ev
FN:78,78,_ZN30infusion_test_check_alarm_TestD0Ev
FN:78,78,_ZN30infusion_test_check_alarm_TestD2Ev
FN:84,84,_ZN29infusion_test_apply_rate_Test8TestBodyEv
FN:84,84,_ZN29infusion_test_apply_rate_TestC2Ev
FN:84,84,_ZN29infusion_test_apply_rate_TestD0Ev
FN:84,84,_ZN29infusion_test_apply_rate_TestD2Ev
FN:88,88,_ZN34infusion_test_vol_ok_no_alarm_Test8TestBodyEv
FN:88,88,_ZN34infusion_test_vol_ok_no_alarm_TestC2Ev
FN:88,88,_ZN34infusion_test_vol_ok_no_alarm_TestD0Ev
FN:88,88,_ZN34infusion_test_vol_ok_no_alarm_TestD2Ev
FN:95,95,_ZN38infusion_test_vol_deviation_alarm_Test8TestBodyEv
FN:95,95,_ZN38infusion_test_vol_deviation_alarm_TestC2Ev
FN:95,95,_ZN38infusion_test_vol_deviation_alarm_TestD0Ev
FN:95,95,_ZN38infusion_test_vol_deviation_alarm_TestD2Ev
FNDA:1,_ZN27infusion_test_get_mode_Test8TestBodyEv
FNDA:1,_ZN27infusion_test_get_mode_TestC2Ev
FNDA:1,_ZN27infusion_test_get_mode_TestD0Ev
FNDA:1,_ZN27infusion_test_get_mode_TestD2Ev
FNDA:1,_ZN28infusion_test_occlu_cal_Test8TestBodyEv
FNDA:1,_ZN28infusion_test_occlu_cal_TestC2Ev
FNDA:1,_ZN28infusion_test_occlu_cal_TestD0Ev
FNDA:1,_ZN28infusion_test_occlu_cal_TestD2Ev
FNDA:1,_ZN31infusion_test_notify_alarm_Test8TestBodyEv
FNDA:1,_ZN31infusion_test_notify_alarm_TestC2Ev
FNDA:1,_ZN31infusion_test_notify_alarm_TestD0Ev
FNDA:1,_ZN31infusion_test_notify_alarm_TestD2Ev
FNDA:1,_ZN26infusion_test_vol_cal_Test8TestBodyEv
FNDA:1,_ZN26infusion_test_vol_cal_TestC2Ev
FNDA:1,_ZN26infusion_test_vol_cal_TestD0Ev
FNDA:1,_ZN26infusion_test_vol_cal_TestD2Ev
FNDA:1,_ZN26infusion_test_const_t_Test8TestBodyEv
FNDA:1,_ZN26infusion_test_const_t_TestC2Ev
FNDA:1,_ZN26infusion_test_const_t_TestD0Ev
FNDA:1,_ZN26infusion_test_const_t_TestD2Ev
FNDA:1,_ZN25infusion_test_ramp_t_Test8TestBodyEv
FNDA:1,_ZN25infusion_test_ramp_t_TestC2Ev
FNDA:1,_ZN25infusion_test_ramp_t_TestD0Ev
FNDA:1,_ZN25infusion_test_ramp_t_TestD2Ev
FNDA:1,_ZN31infusion_test_multi_ramp_t_Test8TestBodyEv
FNDA:1,_ZN31infusion_test_multi_ramp_t_TestC2Ev
FNDA:1,_ZN31infusion_test_multi_ramp_t_TestD0Ev
FNDA:1,_ZN31infusion_test_multi_ramp_t_TestD2Ev
FNDA:1,_ZN34infusion_test_occlu_cal_alram_Test8TestBodyEv
FNDA:1,_ZN34infusion_test_occlu_cal_alram_TestC2Ev
FNDA:1,_ZN34infusion_test_occlu_cal_alram_TestD0Ev
FNDA:1,_ZN34infusion_test_occlu_cal_alram_TestD2Ev
FNDA:1,_ZN27infusion_test_vt_alarm_Test8TestBodyEv
FNDA:1,_ZN27infusion_test_vt_alarm_TestC2Ev
FNDA:1,_ZN27infusion_test_vt_alarm_TestD0Ev
FNDA:1,_ZN27infusion_test_vt_alarm_TestD2Ev
FNDA:1,_ZN30infusion_test_switch_mode_Test8TestBodyEv
FNDA:1,_ZN30infusion_test_switch_mode_TestC2Ev
FNDA:1,_ZN30infusion_test_switch_mode_TestD0Ev
FNDA:1,_ZN30infusion_test_switch_mode_TestD2Ev
FNDA:1,_ZN27infusion_test_ramp_cap_Test8TestBodyEv
FNDA:1,_ZN27infusion_test_ramp_cap_TestC2Ev
FNDA:1,_ZN27infusion_test_ramp_cap_TestD0Ev
FNDA:1,_ZN27infusion_test_ramp_cap_TestD2Ev
FNDA:1,_ZN36infusion_test_alarm_no_observer_Test8TestBodyEv
FNDA:1,_ZN36infusion_test_alarm_no_observer_TestC2Ev
FNDA:1,_ZN36infusion_test_alarm_no_observer_TestD0Ev
FNDA:1,_ZN36infusion_test_alarm_no_observer_TestD2Ev
FNDA:1,_ZN35infusion_test_vt_zero_expected_Test8TestBodyEv
FNDA:1,_ZN35infusion_test_vt_zero_expected_TestC2Ev
FNDA:1,_ZN35infusion_test_vt_zero_expected_TestD0Ev
FNDA:1,_ZN35infusion_test_vt_zero_expected_TestD2Ev
FNDA:1,_ZN30infusion_test_check_alarm_Test8TestBodyEv
FNDA:1,_ZN30infusion_test_check_alarm_TestC2Ev
FNDA:1,_ZN30infusion_test_check_alarm_TestD0Ev
FNDA:1,_ZN30infusion_test_check_alarm_TestD2Ev
FNDA:1,_ZN29infusion_test_apply_rate_Test8TestBodyEv
FNDA:1,_ZN29infusion_test_apply_rate_TestC2Ev
FNDA:1,_ZN29infusion_test_apply_rate_TestD0Ev
FNDA:1,_ZN29infusion_test_apply_rate_TestD2Ev
FNDA:1,_ZN34infusion_test_vol_ok_no_alarm_Test8TestBodyEv
FNDA:1,_ZN34infusion_test_vol_ok_no_alarm_TestC2Ev
FNDA:1,_ZN34infusion_test_vol_ok_no_alarm_TestD0Ev
FNDA:1,_ZN34infusion_test_vol_ok_no_alarm_TestD2Ev
FNDA:1,_ZN38infusion_test_vol_deviation_alarm_Test8TestBodyEv
FNDA:1,_ZN38infusion_test_vol_deviation_alarm_TestC2Ev
FNDA:1,_ZN38infusion_test_vol_deviation_alarm_TestD0Ev
FNDA:1,_ZN38infusion_test_vol_deviation_alarm_TestD2Ev
FNF:68
FNH:68
DA:19,4
DA:20,1
DA:21,1
DA:22,4
DA:23,1
DA:24,1
DA:25,1
DA:26,1
DA:27,1
DA:28,1
DA:29,1
DA:30,4
DA:31,1
DA:32,1
DA:33,1
DA:34,4
DA:35,1
DA:36,1
DA:37,4
DA:38,1
DA:39,1
DA:40,4
DA:41,1
DA:42,1
DA:43,1
DA:44,1
DA:45,1
DA:46,4
DA:47,1
DA:48,1
DA:49,1
DA:50,4
DA:51,1
DA:52,1
DA:53,1
DA:54,1
DA:55,4
DA:56,1
DA:58,1
DA:60,1
DA:61,1
DA:62,1
DA:63,4
DA:64,51
DA:65,1
DA:66,1
DA:68,4
DA:70,1
DA:71,1
DA:73,4
DA:74,1
DA:75,1
DA:76,1
DA:77,1
DA:78,4
DA:79,1
DA:80,1
DA:81,1
DA:82,1
DA:83,1
DA:84,4
DA:85,1
DA:86,1
DA:87,1
DA:88,4
DA:89,1
DA:90,1
DA:91,1
DA:92,1
DA:93,1
DA:94,1
DA:95,4
DA:96,1
DA:97,1
DA:98,1
DA:99,1
DA:100,1
DA:101,4
DA:102,1
DA:103,1
LF:80
LH:80
end_of_record
