TN:
SF:/home/thanga-inc-5829/Documents/Infusion_pump/include/infusion.hpp
FN:19,19,_ZN12InfusionModeC2ER13VolumeTrackerR16OcclusionMonitorR12AlarmManager
FN:32,33,_ZN16ConstantRateModeC2EfR13VolumeTrackerR16OcclusionMonitorR12AlarmManager
FN:47,50,_ZN14LinearRampModeC2EffffR13VolumeTrackerR16OcclusionMonitorR12AlarmManager
FNDA:46,_ZN12InfusionModeC2ER13VolumeTrackerR16OcclusionMonitorR12AlarmManager
FNDA:23,_ZN16ConstantRateModeC2EfR13VolumeTrackerR16OcclusionMonitorR12AlarmManager
FNDA:23,_ZN14LinearRampModeC2EffffR13VolumeTrackerR16OcclusionMonitorR12AlarmManager
FNF:3
FNH:3
DA:19,46
DA:32,23
DA:33,23
DA:47,23
DA:49,46
DA:50,23
LF:6
LH:6
end_of_record
TN:
SF:/home/thanga-inc-5829/Documents/Infusion_pump/src/alarm.cpp
FN:12,17,_ZN12AlarmManager6notifyEv
FN:3,6,_ZN12AlarmManager3addEP13Alarmobserver
FN:7,11,_ZN12AlarmManager8clearAllEv
FNDA:4,_ZN12AlarmManager6notifyEv
FNDA:4,_ZN12AlarmManager3addEP13Alarmobserver
FNDA:7,_ZN12AlarmManager8clearAllEv
FNF:3
FNH:3
DA:3,4
DA:4,4
DA:5,4
DA:6,4
DA:7,7
DA:8,9
DA:9,2
DA:11,7
DA:12,4
DA:13,6
DA:14,2
DA:16,4
DA:17,4
LF:13
LH:13
end_of_record
TN:
SF:/home/thanga-inc-5829/Documents/Infusion_pump/src/infusion.cpp
FN:17,21,_ZN12InfusionMode3runEv
FN:23,35,_ZN12InfusionMode9applyRateEf
FN:37,53,_ZN12InfusionMode10checkAlarmEf
FN:55,57,_ZN16ConstantRateMode17computeTargetRateEv
FN:59,74,_ZN14LinearRampMode17computeTargetRateEv
FN:75,82,_Z11switch_modeP12InfusionModeS0_
FNDA:7,_ZN12InfusionMode3runEv
FNDA:7,_ZN12InfusionMode9applyRateEf
FNDA:7,_ZN12InfusionMode10checkAlarmEf
FNDA:9,_ZN16ConstantRateMode17computeTargetRateEv
FNDA:65,_ZN14LinearRampMode17computeTargetRateEv
FNDA:1,_Z11switch_modeP12InfusionModeS0_
FNF:6
FNH:6
DA:17,7
DA:18,7
DA:19,7
DA:20,7
DA:21,7
DA:23,7
DA:24,7
DA:25,6
DA:26,6
DA:28,7
DA:29,6
DA:30,6
DA:31,6
DA:32,6
DA:33,6
DA:34,6
DA:37,7
DA:39,7
DA:40,2
DA:41,2
DA:42,1
DA:43,1
DA:45,2
DA:47,7
DA:48,1
DA:49,1
DA:51,6
DA:53,7
DA:55,9
DA:56,9
DA:59,65
DA:60,65
DA:61,65
DA:62,61
DA:63,61
DA:64,61
DA:66,65
DA:67,65
DA:68,65
DA:69,1
DA:70,1
DA:71,1
DA:73,65
DA:75,1
DA:76,1
DA:77,1
DA:78,1
DA:79,1
DA:80,1
DA:81,1
LF:50
LH:50
end_of_record
TN:
SF:/home/thanga-inc-5829/Documents/Infusion_pump/src/occlusion.cpp
FN:8,13,_ZN16OcclusionMonitor9isoccluedEv
FNDA:9,_ZN16OcclusionMonitor9isoccluedEv
FNF:1
FNH:1
DA:8,9
DA:9,9
DA:12,9
LF:3
LH:3
end_of_record
TN:
SF:/home/thanga-inc-5829/Documents/Infusion_pump/src/volume.cpp
FN:15,45,_ZN13VolumeTracker3calEff
FNDA:10,_ZN13VolumeTracker3calEff
FNF:1
FNH:1
DA:15,10
DA:20,10
DA:21,10
DA:22,10
DA:23,10
DA:25,10
DA:27,4
DA:28,1
DA:29,1
DA:32,4
DA:36,4
DA:37,4
DA:38,1
DA:39,1
DA:41,1
DA:42,1
DA:44,4
LF:17
LH:17
end_of_record
TN:
SF:/home/thanga-inc-5829/Documents/Infusion_pump/test/mock_hardware.cpp
FN:11,13,_Z12sensor_pressv
FN:14,16,_Z10atomic_getPv
FN:17,18,_Z12k_uptime_getv
FN:19,19,_Z14set_delay_ratej
FN:20,20,_Z10motor_stopv
FN:21,21,_Z12motor_enablev
FN:22,22,_Z13hardware_initv
FN:23,23,_Z10atomic_incPi
FN:24,24,_Z10atomic_setPii
FN:26,26,_ZN3led6updateEv
FN:27,27,_ZN3led5clearEv
FN:28,28,_ZN3buz6updateEv
FN:29,29,_ZN3buz5clearEv
FN:31,33,_Z13get_pump_modev
FNDA:9,_Z12sensor_pressv
FNDA:10,_Z10atomic_getPv
FNDA:94,_Z12k_uptime_getv
FNDA:6,_Z14set_delay_ratej
FNDA:3,_Z10motor_stopv
FNDA:7,_Z12motor_enablev
FNDA:1,_Z13hardware_initv
FNDA:1,_Z10atomic_incPi
FNDA:1,_Z10atomic_setPii
FNDA:1,_ZN3led6updateEv
FNDA:1,_ZN3led5clearEv
FNDA:1,_ZN3buz6updateEv
FNDA:1,_ZN3buz5clearEv
FNDA:1,_Z13get_pump_modev
FNF:14
FNH:14
DA:11,9
DA:12,9
DA:14,10
DA:15,10
DA:17,94
DA:18,94
DA:19,6
DA:20,3
DA:21,7
DA:22,1
DA:23,1
DA:24,1
DA:26,1
DA:27,1
DA:28,1
DA:29,1
DA:31,1
DA:32,1
LF:18
LH:18
end_of_record
TN:
SF:/home/thanga-inc-5829/Documents/Infusion_pump/test/test_infusion.cpp
FN:10,15,_ZN12InfusionTest5SetUpEv
FN:101,101,_ZN50InfusionTest_LinearRampMode_OverMax_CapsAtFin_Test8TestBodyEv
FN:101,101,_ZN50InfusionTest_LinearRampMode_OverMax_CapsAtFin_TestC2Ev
FN:101,101,_ZN50InfusionTest_LinearRampMode_OverMax_CapsAtFin_TestD0Ev
FN:101,101,_ZN50InfusionTest_LinearRampMode_OverMax_CapsAtFin_TestD2Ev
FN:109,109,_ZN61InfusionTest_InfusionMode_SwitchMode_ComputesCorrectRate_Test8TestBodyEv
FN:109,109,_ZN61InfusionTest_InfusionMode_SwitchMode_ComputesCorrectRate_TestC2Ev
FN:109,109,_ZN61InfusionTest_InfusionMode_SwitchMode_ComputesCorrectRate_TestD0Ev
FN:109,109,_ZN61InfusionTest_InfusionMode_SwitchMode_ComputesCorrectRate_TestD2Ev
FN:116,120,_ZN58InfusionTest_InfusionMode_OcclusionAlarm_NotifyCount1_Test8TestBodyEv
FN:116,120,_ZN58InfusionTest_InfusionMode_OcclusionAlarm_NotifyCount1_TestC2Ev
FN:116,120,_ZN58InfusionTest_InfusionMode_OcclusionAlarm_NotifyCount1_TestD0Ev
FN:116,120,_ZN58InfusionTest_InfusionMode_OcclusionAlarm_NotifyCount1_TestD2Ev
FN:122,122,_ZN48InfusionTest_InfusionMode_ApplyRate_NoError_Test8TestBodyEv
FN:122,122,_ZN48InfusionTest_InfusionMode_ApplyRate_NoError_TestC2Ev
FN:122,122,_ZN48InfusionTest_InfusionMode_ApplyRate_NoError_TestD0Ev
FN:122,122,_ZN48InfusionTest_InfusionMode_ApplyRate_NoError_TestD2Ev
FN:127,127,_ZN49InfusionTest_InfusionMode_NoPressure_NoAlarm_Test8TestBodyEv
FN:127,127,_ZN49InfusionTest_InfusionMode_NoPressure_NoAlarm_TestC2Ev
FN:127,127,_ZN49InfusionTest_InfusionMode_NoPressure_NoAlarm_TestD0Ev
FN:127,127,_ZN49InfusionTest_InfusionMode_NoPressure_NoAlarm_TestD2Ev
FN:133,133,_ZN48InfusionTest_InfusionMode_ZeroRate_NoAction_Test8TestBodyEv
FN:133,133,_ZN48InfusionTest_InfusionMode_ZeroRate_NoAction_TestC2Ev
FN:133,133,_ZN48InfusionTest_InfusionMode_ZeroRate_NoAction_TestD0Ev
FN:133,133,_ZN48InfusionTest_InfusionMode_ZeroRate_NoAction_TestD2Ev
FN:140,140,_ZN54InfusionTest_Hardware_GetPumpMode_ReturnsConstant_Test8TestBodyEv
FN:140,140,_ZN54InfusionTest_Hardware_GetPumpMode_ReturnsConstant_TestC2Ev
FN:140,140,_ZN54InfusionTest_Hardware_GetPumpMode_ReturnsConstant_TestD0Ev
FN:140,140,_ZN54InfusionTest_Hardware_GetPumpMode_ReturnsConstant_TestD2Ev
FN:144,144,_ZN50InfusionTest_Hardware_MotorStopEnable_NoError_Test8TestBodyEv
FN:144,144,_ZN50InfusionTest_Hardware_MotorStopEnable_NoError_TestC2Ev
FN:144,144,_ZN50InfusionTest_Hardware_MotorStopEnable_NoError_TestD0Ev
FN:144,144,_ZN50InfusionTest_Hardware_MotorStopEnable_NoError_TestD2Ev
FN:153,153,_ZN57InfusionTest_ModeSwitch_NoRestart_ResetsNewModeState_Test8TestBodyEv
FN:153,153,_ZN57InfusionTest_ModeSwitch_NoRestart_ResetsNewModeState_TestC2Ev
FN:153,153,_ZN57InfusionTest_ModeSwitch_NoRestart_ResetsNewModeState_TestD0Ev
FN:153,153,_ZN57InfusionTest_ModeSwitch_NoRestart_ResetsNewModeState_TestD2Ev
FN:25,25,_ZN61InfusionTest_OcclusionMonitor_NormalPressure_ReturnsTrue_Test8TestBodyEv
FN:25,25,_ZN61InfusionTest_OcclusionMonitor_NormalPressure_ReturnsTrue_TestC2Ev
FN:25,25,_ZN61InfusionTest_OcclusionMonitor_NormalPressure_ReturnsTrue_TestD0Ev
FN:25,25,_ZN61InfusionTest_OcclusionMonitor_NormalPressure_ReturnsTrue_TestD2Ev
FN:30,30,_ZN60InfusionTest_OcclusionMonitor_HighPressure_ReturnsFalse_Test8TestBodyEv
FN:30,30,_ZN60InfusionTest_OcclusionMonitor_HighPressure_ReturnsFalse_TestC2Ev
FN:30,30,_ZN60InfusionTest_OcclusionMonitor_HighPressure_ReturnsFalse_TestD0Ev
FN:30,30,_ZN60InfusionTest_OcclusionMonitor_HighPressure_ReturnsFalse_TestD2Ev
FN:37,37,_ZN58InfusionTest_AlarmManager_TwoObservers_NotifyCountOne_Test8TestBodyEv
FN:37,37,_ZN58InfusionTest_AlarmManager_TwoObservers_NotifyCountOne_TestC2Ev
FN:37,37,_ZN58InfusionTest_AlarmManager_TwoObservers_NotifyCountOne_TestD0Ev
FN:37,37,_ZN58InfusionTest_AlarmManager_TwoObservers_NotifyCountOne_TestD2Ev
FN:44,44,_ZN52InfusionTest_AlarmManager_NoObservers_CountZero_Test8TestBodyEv
FN:44,44,_ZN52InfusionTest_AlarmManager_NoObservers_CountZero_TestC2Ev
FN:44,44,_ZN52InfusionTest_AlarmManager_NoObservers_CountZero_TestD0Ev
FN:44,44,_ZN52InfusionTest_AlarmManager_NoObservers_CountZero_TestD2Ev
FN:48,48,_ZN47InfusionTest_AlarmManager_ClearAll_NoError_Test8TestBodyEv
FN:48,48,_ZN47InfusionTest_AlarmManager_ClearAll_NoError_TestC2Ev
FN:48,48,_ZN47InfusionTest_AlarmManager_ClearAll_NoError_TestD0Ev
FN:48,48,_ZN47InfusionTest_AlarmManager_ClearAll_NoError_TestD2Ev
FN:56,56,_ZN52InfusionTest_VolumeTracker_ZeroTime_ReturnsTrue_Test8TestBodyEv
FN:56,56,_ZN52InfusionTest_VolumeTracker_ZeroTime_ReturnsTrue_TestC2Ev
FN:56,56,_ZN52InfusionTest_VolumeTracker_ZeroTime_ReturnsTrue_TestD0Ev
FN:56,56,_ZN52InfusionTest_VolumeTracker_ZeroTime_ReturnsTrue_TestD2Ev
FN:61,61,_ZN60InfusionTest_VolumeTracker_TimeElapsed_ReturnsDeviation_Test8TestBodyEv
FN:61,61,_ZN60InfusionTest_VolumeTracker_TimeElapsed_ReturnsDeviation_TestC2Ev
FN:61,61,_ZN60InfusionTest_VolumeTracker_TimeElapsed_ReturnsDeviation_TestD0Ev
FN:61,61,_ZN60InfusionTest_VolumeTracker_TimeElapsed_ReturnsDeviation_TestD2Ev
FN:67,67,_ZN56InfusionTest_VolumeTracker_CorrectTicks_ReturnsTrue_Test8TestBodyEv
FN:67,67,_ZN56InfusionTest_VolumeTracker_CorrectTicks_ReturnsTrue_TestC2Ev
FN:67,67,_ZN56InfusionTest_VolumeTracker_CorrectTicks_ReturnsTrue_TestD0Ev
FN:67,67,_ZN56InfusionTest_VolumeTracker_CorrectTicks_ReturnsTrue_TestD2Ev
FN:75,75,_ZN56InfusionTest_VolumeTracker_ZeroTicks_AlarmTriggered_Test8TestBodyEv
FN:75,75,_ZN56InfusionTest_VolumeTracker_ZeroTicks_AlarmTriggered_TestC2Ev
FN:75,75,_ZN56InfusionTest_VolumeTracker_ZeroTicks_AlarmTriggered_TestD0Ev
FN:75,75,_ZN56InfusionTest_VolumeTracker_ZeroTicks_AlarmTriggered_TestD2Ev
FN:81,81,_ZN57InfusionTest_ConstantRateMode_ComputeRate_Returns100_Test8TestBodyEv
FN:81,81,_ZN57InfusionTest_ConstantRateMode_ComputeRate_Returns100_TestC2Ev
FN:81,81,_ZN57InfusionTest_ConstantRateMode_ComputeRate_Returns100_TestD0Ev
FN:81,81,_ZN57InfusionTest_ConstantRateMode_ComputeRate_Returns100_TestD2Ev
FN:85,85,_ZN57InfusionTest_LinearRampMode_FirstCall_ReturnsInitial_Test8TestBodyEv
FN:85,85,_ZN57InfusionTest_LinearRampMode_FirstCall_ReturnsInitial_TestC2Ev
FN:85,85,_ZN57InfusionTest_LinearRampMode_FirstCall_ReturnsInitial_TestD0Ev
FN:85,85,_ZN57InfusionTest_LinearRampMode_FirstCall_ReturnsInitial_TestD2Ev
FN:88,88,_ZN58InfusionTest_LinearRampMode_VolumeComplete_StopsMotor_Test8TestBodyEv
FN:88,88,_ZN58InfusionTest_LinearRampMode_VolumeComplete_StopsMotor_TestC2Ev
FN:88,88,_ZN58InfusionTest_LinearRampMode_VolumeComplete_StopsMotor_TestD0Ev
FN:88,88,_ZN58InfusionTest_LinearRampMode_VolumeComplete_StopsMotor_TestD2Ev
FN:93,93,_ZN57InfusionTest_LinearRampMode_AfterInterval_Increments_Test8TestBodyEv
FN:93,93,_ZN57InfusionTest_LinearRampMode_AfterInterval_Increments_TestC2Ev
FN:93,93,_ZN57InfusionTest_LinearRampMode_AfterInterval_Increments_TestD0Ev
FN:93,93,_ZN57InfusionTest_LinearRampMode_AfterInterval_Increments_TestD2Ev
FNDA:22,_ZN12InfusionTest5SetUpEv
FNDA:1,_ZN50InfusionTest_LinearRampMode_OverMax_CapsAtFin_Test8TestBodyEv
FNDA:1,_ZN50InfusionTest_LinearRampMode_OverMax_CapsAtFin_TestC2Ev
FNDA:1,_ZN50InfusionTest_LinearRampMode_OverMax_CapsAtFin_TestD0Ev
FNDA:1,_ZN50InfusionTest_LinearRampMode_OverMax_CapsAtFin_TestD2Ev
FNDA:1,_ZN61InfusionTest_InfusionMode_SwitchMode_ComputesCorrectRate_Test8TestBodyEv
FNDA:1,_ZN61InfusionTest_InfusionMode_SwitchMode_ComputesCorrectRate_TestC2Ev
FNDA:1,_ZN61InfusionTest_InfusionMode_SwitchMode_ComputesCorrectRate_TestD0Ev
FNDA:1,_ZN61InfusionTest_InfusionMode_SwitchMode_ComputesCorrectRate_TestD2Ev
FNDA:1,_ZN58InfusionTest_InfusionMode_OcclusionAlarm_NotifyCount1_Test8TestBodyEv
FNDA:1,_ZN58InfusionTest_InfusionMode_OcclusionAlarm_NotifyCount1_TestC2Ev
FNDA:1,_ZN58InfusionTest_InfusionMode_OcclusionAlarm_NotifyCount1_TestD0Ev
FNDA:1,_ZN58InfusionTest_InfusionMode_OcclusionAlarm_NotifyCount1_TestD2Ev
FNDA:1,_ZN48InfusionTest_InfusionMode_ApplyRate_NoError_Test8TestBodyEv
FNDA:1,_ZN48InfusionTest_InfusionMode_ApplyRate_NoError_TestC2Ev
FNDA:1,_ZN48InfusionTest_InfusionMode_ApplyRate_NoError_TestD0Ev
FNDA:1,_ZN48InfusionTest_InfusionMode_ApplyRate_NoError_TestD2Ev
FNDA:1,_ZN49InfusionTest_InfusionMode_NoPressure_NoAlarm_Test8TestBodyEv
FNDA:1,_ZN49InfusionTest_InfusionMode_NoPressure_NoAlarm_TestC2Ev
FNDA:1,_ZN49InfusionTest_InfusionMode_NoPressure_NoAlarm_TestD0Ev
FNDA:1,_ZN49InfusionTest_InfusionMode_NoPressure_NoAlarm_TestD2Ev
FNDA:1,_ZN48InfusionTest_InfusionMode_ZeroRate_NoAction_Test8TestBodyEv
FNDA:1,_ZN48InfusionTest_InfusionMode_ZeroRate_NoAction_TestC2Ev
FNDA:1,_ZN48InfusionTest_InfusionMode_ZeroRate_NoAction_TestD0Ev
FNDA:1,_ZN48InfusionTest_InfusionMode_ZeroRate_NoAction_TestD2Ev
FNDA:1,_ZN54InfusionTest_Hardware_GetPumpMode_ReturnsConstant_Test8TestBodyEv
FNDA:1,_ZN54InfusionTest_Hardware_GetPumpMode_ReturnsConstant_TestC2Ev
FNDA:1,_ZN54InfusionTest_Hardware_GetPumpMode_ReturnsConstant_TestD0Ev
FNDA:1,_ZN54InfusionTest_Hardware_GetPumpMode_ReturnsConstant_TestD2Ev
FNDA:1,_ZN50InfusionTest_Hardware_MotorStopEnable_NoError_Test8TestBodyEv
FNDA:1,_ZN50InfusionTest_Hardware_MotorStopEnable_NoError_TestC2Ev
FNDA:1,_ZN50InfusionTest_Hardware_MotorStopEnable_NoError_TestD0Ev
FNDA:1,_ZN50InfusionTest_Hardware_MotorStopEnable_NoError_TestD2Ev
FNDA:1,_ZN57InfusionTest_ModeSwitch_NoRestart_ResetsNewModeState_Test8TestBodyEv
FNDA:1,_ZN57InfusionTest_ModeSwitch_NoRestart_ResetsNewModeState_TestC2Ev
FNDA:1,_ZN57InfusionTest_ModeSwitch_NoRestart_ResetsNewModeState_TestD0Ev
FNDA:1,_ZN57InfusionTest_ModeSwitch_NoRestart_ResetsNewModeState_TestD2Ev
FNDA:1,_ZN61InfusionTest_OcclusionMonitor_NormalPressure_ReturnsTrue_Test8TestBodyEv
FNDA:1,_ZN61InfusionTest_OcclusionMonitor_NormalPressure_ReturnsTrue_TestC2Ev
FNDA:1,_ZN61InfusionTest_OcclusionMonitor_NormalPressure_ReturnsTrue_TestD0Ev
FNDA:1,_ZN61InfusionTest_OcclusionMonitor_NormalPressure_ReturnsTrue_TestD2Ev
FNDA:1,_ZN60InfusionTest_OcclusionMonitor_HighPressure_ReturnsFalse_Test8TestBodyEv
FNDA:1,_ZN60InfusionTest_OcclusionMonitor_HighPressure_ReturnsFalse_TestC2Ev
FNDA:1,_ZN60InfusionTest_OcclusionMonitor_HighPressure_ReturnsFalse_TestD0Ev
FNDA:1,_ZN60InfusionTest_OcclusionMonitor_HighPressure_ReturnsFalse_TestD2Ev
FNDA:1,_ZN58InfusionTest_AlarmManager_TwoObservers_NotifyCountOne_Test8TestBodyEv
FNDA:1,_ZN58InfusionTest_AlarmManager_TwoObservers_NotifyCountOne_TestC2Ev
FNDA:1,_ZN58InfusionTest_AlarmManager_TwoObservers_NotifyCountOne_TestD0Ev
FNDA:1,_ZN58InfusionTest_AlarmManager_TwoObservers_NotifyCountOne_TestD2Ev
FNDA:1,_ZN52InfusionTest_AlarmManager_NoObservers_CountZero_Test8TestBodyEv
FNDA:1,_ZN52InfusionTest_AlarmManager_NoObservers_CountZero_TestC2Ev
FNDA:1,_ZN52InfusionTest_AlarmManager_NoObservers_CountZero_TestD0Ev
FNDA:1,_ZN52InfusionTest_AlarmManager_NoObservers_CountZero_TestD2Ev
FNDA:1,_ZN47InfusionTest_AlarmManager_ClearAll_NoError_Test8TestBodyEv
FNDA:1,_ZN47InfusionTest_AlarmManager_ClearAll_NoError_TestC2Ev
FNDA:1,_ZN47InfusionTest_AlarmManager_ClearAll_NoError_TestD0Ev
FNDA:1,_ZN47InfusionTest_AlarmManager_ClearAll_NoError_TestD2Ev
FNDA:1,_ZN52InfusionTest_VolumeTracker_ZeroTime_ReturnsTrue_Test8TestBodyEv
FNDA:1,_ZN52InfusionTest_VolumeTracker_ZeroTime_ReturnsTrue_TestC2Ev
FNDA:1,_ZN52InfusionTest_VolumeTracker_ZeroTime_ReturnsTrue_TestD0Ev
FNDA:1,_ZN52InfusionTest_VolumeTracker_ZeroTime_ReturnsTrue_TestD2Ev
FNDA:1,_ZN60InfusionTest_VolumeTracker_TimeElapsed_ReturnsDeviation_Test8TestBodyEv
FNDA:1,_ZN60InfusionTest_VolumeTracker_TimeElapsed_ReturnsDeviation_TestC2Ev
FNDA:1,_ZN60InfusionTest_VolumeTracker_TimeElapsed_ReturnsDeviation_TestD0Ev
FNDA:1,_ZN60InfusionTest_VolumeTracker_TimeElapsed_ReturnsDeviation_TestD2Ev
FNDA:1,_ZN56InfusionTest_VolumeTracker_CorrectTicks_ReturnsTrue_Test8TestBodyEv
FNDA:1,_ZN56InfusionTest_VolumeTracker_CorrectTicks_ReturnsTrue_TestC2Ev
FNDA:1,_ZN56InfusionTest_VolumeTracker_CorrectTicks_ReturnsTrue_TestD0Ev
FNDA:1,_ZN56InfusionTest_VolumeTracker_CorrectTicks_ReturnsTrue_TestD2Ev
FNDA:1,_ZN56InfusionTest_VolumeTracker_ZeroTicks_AlarmTriggered_Test8TestBodyEv
FNDA:1,_ZN56InfusionTest_VolumeTracker_ZeroTicks_AlarmTriggered_TestC2Ev
FNDA:1,_ZN56InfusionTest_VolumeTracker_ZeroTicks_AlarmTriggered_TestD0Ev
FNDA:1,_ZN56InfusionTest_VolumeTracker_ZeroTicks_AlarmTriggered_TestD2Ev
FNDA:1,_ZN57InfusionTest_ConstantRateMode_ComputeRate_Returns100_Test8TestBodyEv
FNDA:1,_ZN57InfusionTest_ConstantRateMode_ComputeRate_Returns100_TestC2Ev
FNDA:1,_ZN57InfusionTest_ConstantRateMode_ComputeRate_Returns100_TestD0Ev
FNDA:1,_ZN57InfusionTest_ConstantRateMode_ComputeRate_Returns100_TestD2Ev
FNDA:1,_ZN57InfusionTest_LinearRampMode_FirstCall_ReturnsInitial_Test8TestBodyEv
FNDA:1,_ZN57InfusionTest_LinearRampMode_FirstCall_ReturnsInitial_TestC2Ev
FNDA:1,_ZN57InfusionTest_LinearRampMode_FirstCall_ReturnsInitial_TestD0Ev
FNDA:1,_ZN57InfusionTest_LinearRampMode_FirstCall_ReturnsInitial_TestD2Ev
FNDA:1,_ZN58InfusionTest_LinearRampMode_VolumeComplete_StopsMotor_Test8TestBodyEv
FNDA:1,_ZN58InfusionTest_LinearRampMode_VolumeComplete_StopsMotor_TestC2Ev
FNDA:1,_ZN58InfusionTest_LinearRampMode_VolumeComplete_StopsMotor_TestD0Ev
FNDA:1,_ZN58InfusionTest_LinearRampMode_VolumeComplete_StopsMotor_TestD2Ev
FNDA:1,_ZN57InfusionTest_LinearRampMode_AfterInterval_Increments_Test8TestBodyEv
FNDA:1,_ZN57InfusionTest_LinearRampMode_AfterInterval_Increments_TestC2Ev
FNDA:1,_ZN57InfusionTest_LinearRampMode_AfterInterval_Increments_TestD0Ev
FNDA:1,_ZN57InfusionTest_LinearRampMode_AfterInterval_Increments_TestD2Ev
FNF:89
FNH:89
DA:10,22
DA:11,22
DA:12,22
DA:13,22
DA:14,22
DA:15,22
DA:25,4
DA:26,1
DA:27,1
DA:28,1
DA:30,4
DA:31,1
DA:32,1
DA:33,1
DA:37,4
DA:38,1
DA:39,1
DA:40,1
DA:41,1
DA:42,1
DA:44,4
DA:45,1
DA:46,1
DA:48,4
DA:49,1
DA:50,1
DA:51,1
DA:52,1
DA:56,4
DA:57,1
DA:58,1
DA:59,1
DA:61,4
DA:62,1
DA:63,1
DA:64,1
DA:65,1
DA:67,4
DA:68,1
DA:69,1
DA:70,1
DA:71,1
DA:75,4
DA:76,1
DA:77,1
DA:78,1
DA:79,1
DA:81,4
DA:82,1
DA:83,1
DA:85,4
DA:86,1
DA:87,1
DA:88,4
DA:89,1
DA:90,1
DA:91,1
DA:92,1
DA:93,4
DA:94,1
DA:95,1
DA:96,1
DA:97,1
DA:98,1
DA:99,1
DA:101,4
DA:102,61
DA:103,60
DA:104,60
DA:106,1
DA:107,1
DA:109,4
DA:110,1
DA:111,1
DA:112,1
DA:113,1
DA:114,1
DA:116,4
DA:117,1
DA:118,1
DA:119,1
DA:120,1
DA:122,4
DA:123,1
DA:124,1
DA:125,1
DA:127,4
DA:128,1
DA:129,1
DA:130,1
DA:131,1
DA:133,4
DA:134,1
DA:135,1
DA:136,1
DA:140,4
DA:141,1
DA:142,1
DA:144,4
DA:145,1
DA:146,1
DA:147,1
DA:148,1
DA:149,1
DA:153,4
DA:154,1
DA:155,1
DA:156,1
DA:157,1
DA:159,1
DA:160,1
DA:161,1
DA:162,1
LF:113
LH:113
end_of_record
