TN:
SF:/home/thanga-inc-5829/Documents/Infusion_pump/Implementation_file.hpp
FN:105,105,_ZN12InfusionModeC2ER13VolumeTrackerR16OcclusionMonitorR12AlarmManager
FN:107,111,_ZN12InfusionMode3runEv
FN:112,121,_ZN12InfusionMode9applyRateEf
FN:122,129,_ZN12InfusionMode10checkAlarmEv
FN:134,135,_ZN16ConstantRateModeC2EfR13VolumeTrackerR16OcclusionMonitorR12AlarmManager
FN:136,138,_ZN16ConstantRateMode17computeTargetRateEv
FN:146,147,_ZN14LinearRampModeC2EfffR13VolumeTrackerR16OcclusionMonitorR12AlarmManager
FN:148,154,_ZN14LinearRampMode17computeTargetRateEv
FN:19,27,_ZN16OcclusionMonitor9isoccluedEv
FN:41,41,_ZN13VolumeTrackerC2Efmf
FN:42,55,_ZN13VolumeTracker3calEv
FN:63,67,_ZN3led6updateEv
FN:71,75,_ZN3buz6updateEv
FN:82,85,_ZN12AlarmManager3addEP13Alarmobserver
FN:86,91,_ZN12AlarmManager6notifyEv
FNDA:28,_ZN12InfusionModeC2ER13VolumeTrackerR16OcclusionMonitorR12AlarmManager
FNDA:3,_ZN12InfusionMode3runEv
FNDA:3,_ZN12InfusionMode9applyRateEf
FNDA:3,_ZN12InfusionMode10checkAlarmEv
FNDA:14,_ZN16ConstantRateModeC2EfR13VolumeTrackerR16OcclusionMonitorR12AlarmManager
FNDA:5,_ZN16ConstantRateMode17computeTargetRateEv
FNDA:14,_ZN14LinearRampModeC2EfffR13VolumeTrackerR16OcclusionMonitorR12AlarmManager
FNDA:57,_ZN14LinearRampMode17computeTargetRateEv
FNDA:5,_ZN16OcclusionMonitor9isoccluedEv
FNDA:14,_ZN13VolumeTrackerC2Efmf
FNDA:6,_ZN13VolumeTracker3calEv
FNDA:1,_ZN3led6updateEv
FNDA:1,_ZN3buz6updateEv
FNDA:2,_ZN12AlarmManager3addEP13Alarmobserver
FNDA:4,_ZN12AlarmManager6notifyEv
FNF:15
FNH:15
DA:19,5
DA:20,5
DA:21,5
DA:22,4
DA:25,1
DA:41,14
DA:42,6
DA:43,6
DA:44,6
DA:45,6
DA:46,6
DA:47,6
DA:48,2
DA:49,2
DA:50,1
DA:53,1
DA:63,1
DA:67,1
DA:71,1
DA:75,1
DA:82,2
DA:83,2
DA:84,2
DA:85,2
DA:86,4
DA:87,6
DA:88,2
DA:90,4
DA:91,4
DA:105,28
DA:107,3
DA:108,3
DA:109,3
DA:110,3
DA:111,3
DA:112,3
DA:113,3
DA:114,2
DA:115,2
DA:117,3
DA:118,3
DA:119,3
DA:120,3
DA:121,3
DA:122,3
DA:123,3
DA:124,0
DA:126,3
DA:127,3
DA:129,3
DA:134,14
DA:135,14
DA:136,5
DA:137,5
DA:146,14
DA:147,14
DA:148,57
DA:149,57
DA:150,57
DA:151,6
DA:153,57
LF:61
LH:60
end_of_record
TN:
SF:/home/thanga-inc-5829/Documents/Infusion_pump/stub_hardware.cpp
FN:10,12,_Z10atomic_getPv
FN:13,15,_Z12k_uptime_getv
FN:16,16,_Z14set_delay_ratej
FN:7,9,_Z12sensor_pressv
FNDA:6,_Z10atomic_getPv
FNDA:8,_Z12k_uptime_getv
FNDA:3,_Z14set_delay_ratej
FNDA:5,_Z12sensor_pressv
FNF:4
FNH:4
DA:7,5
DA:8,5
DA:10,6
DA:11,6
DA:13,8
DA:14,8
DA:16,3
LF:7
LH:7
end_of_record
TN:
SF:/home/thanga-inc-5829/Documents/Infusion_pump/test_infusion.cpp
FN:15,15,_ZN28infusion_test_occlu_cal_Test8TestBodyEv
FN:15,15,_ZN28infusion_test_occlu_cal_TestC2Ev
FN:15,15,_ZN28infusion_test_occlu_cal_TestD0Ev
FN:15,15,_ZN28infusion_test_occlu_cal_TestD2Ev
FN:18,18,_ZN31infusion_test_notify_alarm_Test8TestBodyEv
FN:18,18,_ZN31infusion_test_notify_alarm_TestC2Ev
FN:18,18,_ZN31infusion_test_notify_alarm_TestD0Ev
FN:18,18,_ZN31infusion_test_notify_alarm_TestD2Ev
FN:26,26,_ZN26infusion_test_vol_cal_Test8TestBodyEv
FN:26,26,_ZN26infusion_test_vol_cal_TestC2Ev
FN:26,26,_ZN26infusion_test_vol_cal_TestD0Ev
FN:26,26,_ZN26infusion_test_vol_cal_TestD2Ev
FN:30,30,_ZN26infusion_test_const_t_Test8TestBodyEv
FN:30,30,_ZN26infusion_test_const_t_TestC2Ev
FN:30,30,_ZN26infusion_test_const_t_TestD0Ev
FN:30,30,_ZN26infusion_test_const_t_TestD2Ev
FN:33,33,_ZN25infusion_test_ramp_t_Test8TestBodyEv
FN:33,33,_ZN25infusion_test_ramp_t_TestC2Ev
FN:33,33,_ZN25infusion_test_ramp_t_TestD0Ev
FN:33,33,_ZN25infusion_test_ramp_t_TestD2Ev
FN:36,36,_ZN31infusion_test_multi_ramp_t_Test8TestBodyEv
FN:36,36,_ZN31infusion_test_multi_ramp_t_TestC2Ev
FN:36,36,_ZN31infusion_test_multi_ramp_t_TestD0Ev
FN:36,36,_ZN31infusion_test_multi_ramp_t_TestD2Ev
FN:42,42,_ZN34infusion_test_occlu_cal_alram_Test8TestBodyEv
FN:42,42,_ZN34infusion_test_occlu_cal_alram_TestC2Ev
FN:42,42,_ZN34infusion_test_occlu_cal_alram_TestD0Ev
FN:42,42,_ZN34infusion_test_occlu_cal_alram_TestD2Ev
FN:46,46,_ZN27infusion_test_vt_alarm_Test8TestBodyEv
FN:46,46,_ZN27infusion_test_vt_alarm_TestC2Ev
FN:46,46,_ZN27infusion_test_vt_alarm_TestD0Ev
FN:46,46,_ZN27infusion_test_vt_alarm_TestD2Ev
FN:51,51,_ZN30infusion_test_switch_mode_Test8TestBodyEv
FN:51,51,_ZN30infusion_test_switch_mode_TestC2Ev
FN:51,51,_ZN30infusion_test_switch_mode_TestD0Ev
FN:51,51,_ZN30infusion_test_switch_mode_TestD2Ev
FN:59,59,_ZN27infusion_test_ramp_cap_Test8TestBodyEv
FN:59,59,_ZN27infusion_test_ramp_cap_TestC2Ev
FN:59,59,_ZN27infusion_test_ramp_cap_TestD0Ev
FN:59,59,_ZN27infusion_test_ramp_cap_TestD2Ev
FN:64,64,_ZN36infusion_test_alarm_no_observer_Test8TestBodyEv
FN:64,64,_ZN36infusion_test_alarm_no_observer_TestC2Ev
FN:64,64,_ZN36infusion_test_alarm_no_observer_TestD0Ev
FN:64,64,_ZN36infusion_test_alarm_no_observer_TestD2Ev
FN:69,69,_ZN35infusion_test_vt_zero_expected_Test8TestBodyEv
FN:69,69,_ZN35infusion_test_vt_zero_expected_TestC2Ev
FN:69,69,_ZN35infusion_test_vt_zero_expected_TestD0Ev
FN:69,69,_ZN35infusion_test_vt_zero_expected_TestD2Ev
FN:74,74,_ZN30infusion_test_check_alarm_Test8TestBodyEv
FN:74,74,_ZN30infusion_test_check_alarm_TestC2Ev
FN:74,74,_ZN30infusion_test_check_alarm_TestD0Ev
FN:74,74,_ZN30infusion_test_check_alarm_TestD2Ev
FN:80,83,_ZN29infusion_test_apply_rate_Test8TestBodyEv
FN:80,83,_ZN29infusion_test_apply_rate_TestC2Ev
FN:80,83,_ZN29infusion_test_apply_rate_TestD0Ev
FN:80,83,_ZN29infusion_test_apply_rate_TestD2Ev
FNDA:1,_ZN28infusion_test_occlu_cal_Test8TestBodyEv
FNDA:1,_ZN28infusion_test_occlu_cal_TestC2Ev
FNDA:1,_ZN28infusion_test_occlu_cal_TestD0Ev
FNDA:1,_ZN28infusion_test_occlu_cal_TestD2Ev
FNDA:1,_ZN31infusion_test_notify_alarm_Test8TestBodyEv
FNDA:1,_ZN31infusion_test_notify_alarm_TestC2Ev
FNDA:1,_ZN31infusion_test_notify_alarm_TestD0Ev
FNDA:1,_ZN31infusion_test_notify_alarm_TestD2Ev
FNDA:1,_ZN26infusion_test_vol_cal_Test8TestBodyEv
FNDA:1,_ZN26infusion_test_vol_cal_TestC2Ev
FNDA:1,_ZN26infusion_test_vol_cal_TestD0Ev
FNDA:1,_ZN26infusion_test_vol_cal_TestD2Ev
FNDA:1,_ZN26infusion_test_const_t_Test8TestBodyEv
FNDA:1,_ZN26infusion_test_const_t_TestC2Ev
FNDA:1,_ZN26infusion_test_const_t_TestD0Ev
FNDA:1,_ZN26infusion_test_const_t_TestD2Ev
FNDA:1,_ZN25infusion_test_ramp_t_Test8TestBodyEv
FNDA:1,_ZN25infusion_test_ramp_t_TestC2Ev
FNDA:1,_ZN25infusion_test_ramp_t_TestD0Ev
FNDA:1,_ZN25infusion_test_ramp_t_TestD2Ev
FNDA:1,_ZN31infusion_test_multi_ramp_t_Test8TestBodyEv
FNDA:1,_ZN31infusion_test_multi_ramp_t_TestC2Ev
FNDA:1,_ZN31infusion_test_multi_ramp_t_TestD0Ev
FNDA:1,_ZN31infusion_test_multi_ramp_t_TestD2Ev
FNDA:1,_ZN34infusion_test_occlu_cal_alram_Test8TestBodyEv
FNDA:1,_ZN34infusion_test_occlu_cal_alram_TestC2Ev
FNDA:1,_ZN34infusion_test_occlu_cal_alram_TestD0Ev
FNDA:1,_ZN34infusion_test_occlu_cal_alram_TestD2Ev
FNDA:1,_ZN27infusion_test_vt_alarm_Test8TestBodyEv
FNDA:1,_ZN27infusion_test_vt_alarm_TestC2Ev
FNDA:1,_ZN27infusion_test_vt_alarm_TestD0Ev
FNDA:1,_ZN27infusion_test_vt_alarm_TestD2Ev
FNDA:1,_ZN30infusion_test_switch_mode_Test8TestBodyEv
FNDA:1,_ZN30infusion_test_switch_mode_TestC2Ev
FNDA:1,_ZN30infusion_test_switch_mode_TestD0Ev
FNDA:1,_ZN30infusion_test_switch_mode_TestD2Ev
FNDA:1,_ZN27infusion_test_ramp_cap_Test8TestBodyEv
FNDA:1,_ZN27infusion_test_ramp_cap_TestC2Ev
FNDA:1,_ZN27infusion_test_ramp_cap_TestD0Ev
FNDA:1,_ZN27infusion_test_ramp_cap_TestD2Ev
FNDA:1,_ZN36infusion_test_alarm_no_observer_Test8TestBodyEv
FNDA:1,_ZN36infusion_test_alarm_no_observer_TestC2Ev
FNDA:1,_ZN36infusion_test_alarm_no_observer_TestD0Ev
FNDA:1,_ZN36infusion_test_alarm_no_observer_TestD2Ev
FNDA:1,_ZN35infusion_test_vt_zero_expected_Test8TestBodyEv
FNDA:1,_ZN35infusion_test_vt_zero_expected_TestC2Ev
FNDA:1,_ZN35infusion_test_vt_zero_expected_TestD0Ev
FNDA:1,_ZN35infusion_test_vt_zero_expected_TestD2Ev
FNDA:1,_ZN30infusion_test_check_alarm_Test8TestBodyEv
FNDA:1,_ZN30infusion_test_check_alarm_TestC2Ev
FNDA:1,_ZN30infusion_test_check_alarm_TestD0Ev
FNDA:1,_ZN30infusion_test_check_alarm_TestD2Ev
FNDA:1,_ZN29infusion_test_apply_rate_Test8TestBodyEv
FNDA:1,_ZN29infusion_test_apply_rate_TestC2Ev
FNDA:1,_ZN29infusion_test_apply_rate_TestD0Ev
FNDA:1,_ZN29infusion_test_apply_rate_TestD2Ev
FNF:56
FNH:56
DA:15,4
DA:16,1
DA:17,1
DA:18,4
DA:19,1
DA:20,1
DA:21,1
DA:22,1
DA:23,1
DA:24,1
DA:25,1
DA:26,4
DA:27,1
DA:28,1
DA:29,1
DA:30,4
DA:31,1
DA:32,1
DA:33,4
DA:34,1
DA:35,1
DA:36,4
DA:37,1
DA:38,1
DA:39,1
DA:40,1
DA:41,1
DA:42,4
DA:43,1
DA:44,1
DA:45,1
DA:46,4
DA:47,1
DA:48,1
DA:49,1
DA:50,1
DA:51,4
DA:52,1
DA:54,1
DA:56,1
DA:57,1
DA:58,1
DA:59,4
DA:60,51
DA:61,1
DA:62,1
DA:64,4
DA:66,1
DA:67,1
DA:69,4
DA:70,1
DA:71,1
DA:72,1
DA:73,1
DA:74,4
DA:75,1
DA:76,1
DA:77,1
DA:78,1
DA:79,1
DA:80,4
DA:81,1
DA:82,1
DA:83,1
LF:64
LH:64
end_of_record
