TN:
SF:/home/thanga-inc-5829/Documents/Infusion_pump/include/alarm.hpp
FN:27,27,_ZNK12AlarmManager16get_notify_countEv
FNDA:48,_ZNK12AlarmManager16get_notify_countEv
FNF:1
FNH:1
DA:27,48
LF:1
LH:1
end_of_record
TN:
SF:/home/thanga-inc-5829/Documents/Infusion_pump/include/infusion.hpp
FN:26,27,_ZN12InfusionModeC2ER13VolumeTrackerR16OcclusionMonitorR12AlarmManager
FN:53,54,_ZN16ConstantRateModeC2EfR13VolumeTrackerR16OcclusionMonitorR12AlarmManager
FN:72,75,_ZN14LinearRampModeC2EffffR13VolumeTrackerR16OcclusionMonitorR12AlarmManager
FNDA:594,_ZN12InfusionModeC2ER13VolumeTrackerR16OcclusionMonitorR12AlarmManager
FNDA:294,_ZN16ConstantRateModeC2EfR13VolumeTrackerR16OcclusionMonitorR12AlarmManager
FNDA:300,_ZN14LinearRampModeC2EffffR13VolumeTrackerR16OcclusionMonitorR12AlarmManager
FNF:3
FNH:3
DA:26,594
DA:27,594
DA:53,294
DA:54,294
DA:72,300
DA:74,600
DA:75,300
LF:7
LH:7
end_of_record
TN:
SF:/home/thanga-inc-5829/Documents/Infusion_pump/src/alarm.cpp
FN:12,20,_ZN12AlarmManager6notifyE9AlarmType
FN:23,32,_ZN12AlarmManager5clearE9AlarmType
FN:35,41,_ZN12AlarmManager8clearAllEv
FN:4,9,_ZN12AlarmManager3addEP13AlarmObserver
FNDA:96,_ZN12AlarmManager6notifyE9AlarmType
FNDA:252,_ZN12AlarmManager5clearE9AlarmType
FNDA:18,_ZN12AlarmManager8clearAllEv
FNDA:78,_ZN12AlarmManager3addEP13AlarmObserver
FNF:4
FNH:4
BRDA:5,0,0,72
BRDA:5,0,1,6
BRDA:13,0,0,60
BRDA:13,0,1,36
BRDA:14,0,0,36
BRDA:14,0,1,60
BRDA:16,0,0,36
BRDA:16,0,1,96
BRDA:24,0,0,120
BRDA:24,0,1,132
BRDA:25,0,0,132
BRDA:25,0,1,120
BRDA:27,0,0,222
BRDA:27,0,1,30
BRDA:27,0,2,216
BRDA:27,0,3,6
BRDA:28,0,0,24
BRDA:28,0,1,216
BRDA:38,0,0,12
BRDA:38,0,1,18
BRF:20
BRH:20
DA:4,78
DA:5,78
DA:6,72
DA:7,72
DA:9,78
DA:12,96
DA:13,96
DA:14,96
DA:16,132
DA:17,36
DA:19,96
DA:20,96
DA:23,252
DA:24,252
DA:25,252
DA:27,252
DA:28,240
DA:29,24
DA:32,252
DA:35,18
DA:36,18
DA:37,18
DA:38,30
DA:39,12
DA:41,18
LF:25
LH:25
end_of_record
TN:
SF:/home/thanga-inc-5829/Documents/Infusion_pump/src/infusion.cpp
FN:110,121,_Z11switch_modeP12InfusionModeS0_
FN:23,27,_ZN12InfusionMode3runEv
FN:30,45,_ZN12InfusionMode9applyRateEf
FN:49,70,_ZN12InfusionMode10checkAlarmEf
FN:73,75,_ZN16ConstantRateMode17computeTargetRateEv
FN:78,107,_ZN14LinearRampMode17computeTargetRateEv
FNDA:12,_Z11switch_modeP12InfusionModeS0_
FNDA:126,_ZN12InfusionMode3runEv
FNDA:126,_ZN12InfusionMode9applyRateEf
FNDA:126,_ZN12InfusionMode10checkAlarmEf
FNDA:138,_ZN16ConstantRateMode17computeTargetRateEv
FNDA:414,_ZN14LinearRampMode17computeTargetRateEv
FNF:6
FNH:6
BRDA:31,0,0,66
BRDA:31,0,1,60
BRDA:36,0,0,12
BRDA:36,0,1,114
BRDA:52,0,0,24
BRDA:52,0,1,102
BRDA:54,0,0,18
BRDA:54,0,1,6
BRDA:64,0,0,6
BRDA:64,0,1,120
BRDA:82,0,0,366
BRDA:82,0,1,48
BRDA:84,0,0,90
BRDA:84,0,1,276
BRDA:92,0,0,360
BRDA:92,0,1,54
BRDA:101,0,0,12
BRDA:101,0,1,402
BRDA:111,0,0,6
BRDA:111,0,1,6
BRF:20
BRH:20
DA:23,126
DA:24,126
DA:25,126
DA:26,126
DA:27,126
DA:30,126
DA:31,126
DA:32,66
DA:33,66
DA:34,66
DA:36,126
DA:38,114
DA:40,114
DA:41,114
DA:43,114
DA:44,114
DA:49,126
DA:52,126
DA:53,24
DA:54,24
DA:55,18
DA:56,18
DA:58,24
DA:60,102
DA:64,126
DA:65,6
DA:66,6
DA:68,120
DA:70,126
DA:73,138
DA:74,138
DA:78,414
DA:79,414
DA:82,414
DA:83,366
DA:84,366
DA:85,366
DA:88,414
DA:89,414
DA:92,414
DA:93,360
DA:94,360
DA:95,360
DA:97,360
DA:98,360
DA:101,414
DA:102,12
DA:103,12
DA:104,12
DA:106,414
DA:110,12
DA:111,12
DA:113,6
DA:114,6
DA:115,6
DA:116,6
DA:117,6
DA:118,6
DA:119,6
DA:120,6
LF:60
LH:60
end_of_record
TN:
SF:/home/thanga-inc-5829/Documents/Infusion_pump/src/occlusion.cpp
FN:14,26,_ZN16OcclusionMonitor16isPressureNormalEv
FNDA:162,_ZN16OcclusionMonitor16isPressureNormalEv
FNF:1
FNH:1
BRDA:19,0,0,12
BRDA:19,0,1,150
BRF:2
BRH:2
DA:14,162
DA:15,162
DA:18,162
DA:19,162
DA:20,12
DA:21,12
DA:23,12
DA:25,162
LF:8
LH:8
end_of_record
TN:
SF:/home/thanga-inc-5829/Documents/Infusion_pump/src/volume.cpp
FN:21,46,_ZN13VolumeTracker3calEf
FNDA:204,_ZN13VolumeTracker3calEf
FNF:1
FNH:1
BRDA:25,0,0,126
BRDA:25,0,1,78
BRDA:32,0,0,132
BRDA:32,0,1,72
BRDA:37,0,0,12
BRDA:37,0,1,60
BRF:6
BRH:6
DA:21,204
DA:22,204
DA:24,204
DA:25,204
DA:26,204
DA:27,204
DA:28,204
DA:30,204
DA:32,204
DA:34,72
DA:37,72
DA:38,12
DA:40,12
DA:41,12
DA:42,12
DA:43,12
DA:45,72
LF:17
LH:17
end_of_record
