TN:
SF:/home/thanga-inc-5829/Documents/Infusion_pump/include/alarm.hpp
FN:16,16,_ZNK12AlarmManager16get_notify_countEv
FNDA:10,_ZNK12AlarmManager16get_notify_countEv
FNF:1
FNH:1
DA:16,10
LF:1
LH:1
end_of_record
TN:
SF:/home/thanga-inc-5829/Documents/Infusion_pump/include/infusion.hpp
FN:25,26,_ZN12InfusionModeC2ER13VolumeTrackerR16OcclusionMonitorR12AlarmManager
FN:50,51,_ZN16ConstantRateModeC2EfR13VolumeTrackerR16OcclusionMonitorR12AlarmManager
FN:68,71,_ZN14LinearRampModeC2EffffR13VolumeTrackerR16OcclusionMonitorR12AlarmManager
FNDA:124,_ZN12InfusionModeC2ER13VolumeTrackerR16OcclusionMonitorR12AlarmManager
FNDA:62,_ZN16ConstantRateModeC2EfR13VolumeTrackerR16OcclusionMonitorR12AlarmManager
FNDA:62,_ZN14LinearRampModeC2EffffR13VolumeTrackerR16OcclusionMonitorR12AlarmManager
FNF:3
FNH:3
DA:25,124
DA:26,124
DA:50,62
DA:51,62
DA:68,62
DA:70,124
DA:71,62
LF:7
LH:7
end_of_record
TN:
SF:/home/thanga-inc-5829/Documents/Infusion_pump/src/alarm.cpp
FN:10,18,_ZN12AlarmManager6notifyE9AlarmType
FN:20,29,_ZN12AlarmManager5clearE9AlarmType
FN:3,8,_ZN12AlarmManager3addEP13AlarmObserver
FN:31,37,_ZN12AlarmManager8clearAllEv
FNDA:25,_ZN12AlarmManager6notifyE9AlarmType
FNDA:50,_ZN12AlarmManager5clearE9AlarmType
FNDA:24,_ZN12AlarmManager3addEP13AlarmObserver
FNDA:3,_ZN12AlarmManager8clearAllEv
FNF:4
FNH:4
BRDA:4,0,0,22
BRDA:4,0,1,2
BRDA:11,0,0,20
BRDA:11,0,1,5
BRDA:12,0,0,5
BRDA:12,0,1,20
BRDA:14,0,0,8
BRDA:14,0,1,25
BRDA:21,0,0,22
BRDA:21,0,1,28
BRDA:22,0,0,28
BRDA:22,0,1,22
BRDA:24,0,0,37
BRDA:24,0,1,13
BRDA:24,0,2,35
BRDA:24,0,3,2
BRDA:25,0,0,2
BRDA:25,0,1,35
BRDA:34,0,0,6
BRDA:34,0,1,3
BRF:20
BRH:20
DA:3,24
DA:4,24
DA:5,22
DA:6,22
DA:8,24
DA:10,25
DA:11,25
DA:12,25
DA:14,33
DA:15,8
DA:17,25
DA:18,25
DA:20,50
DA:21,50
DA:22,50
DA:24,50
DA:25,37
DA:26,2
DA:29,50
DA:31,3
DA:32,3
DA:33,3
DA:34,9
DA:35,6
DA:37,3
LF:25
LH:25
end_of_record
TN:
SF:/home/thanga-inc-5829/Documents/Infusion_pump/src/infusion.cpp
FN:21,25,_ZN12InfusionMode3runEv
FN:28,43,_ZN12InfusionMode9applyRateEf
FN:47,68,_ZN12InfusionMode10checkAlarmEf
FN:71,73,_ZN16ConstantRateMode17computeTargetRateEv
FN:76,96,_ZN14LinearRampMode17computeTargetRateEv
FN:99,111,_Z11switch_modeP12InfusionModeS0_
FNDA:31,_ZN12InfusionMode3runEv
FNDA:31,_ZN12InfusionMode9applyRateEf
FNDA:31,_ZN12InfusionMode10checkAlarmEf
FNDA:37,_ZN16ConstantRateMode17computeTargetRateEv
FNDA:195,_ZN14LinearRampMode17computeTargetRateEv
FNDA:6,_Z11switch_modeP12InfusionModeS0_
FNF:6
FNH:6
BRDA:29,0,0,23
BRDA:29,0,1,8
BRDA:34,0,0,3
BRDA:34,0,1,28
BRDA:50,0,0,13
BRDA:50,0,1,18
BRDA:52,0,0,11
BRDA:52,0,1,2
BRDA:62,0,0,3
BRDA:62,0,1,28
BRDA:80,0,0,183
BRDA:80,0,1,12
BRDA:82,0,0,45
BRDA:82,0,1,138
BRDA:90,0,0,3
BRDA:90,0,1,192
BRDA:100,0,0,3
BRDA:100,0,1,3
BRF:18
BRH:18
DA:21,31
DA:22,31
DA:23,31
DA:24,31
DA:25,31
DA:28,31
DA:29,31
DA:30,23
DA:31,23
DA:32,23
DA:34,31
DA:36,28
DA:37,28
DA:39,28
DA:41,28
DA:42,28
DA:47,31
DA:50,31
DA:51,13
DA:52,13
DA:53,11
DA:54,11
DA:56,13
DA:58,18
DA:62,31
DA:63,3
DA:64,3
DA:66,28
DA:68,31
DA:71,37
DA:72,37
DA:76,195
DA:77,195
DA:80,195
DA:81,183
DA:82,183
DA:83,183
DA:87,195
DA:88,195
DA:90,195
DA:91,3
DA:92,3
DA:93,3
DA:95,195
DA:99,6
DA:100,6
DA:102,3
DA:103,3
DA:104,3
DA:105,3
DA:106,3
DA:107,3
DA:108,3
DA:110,3
LF:54
LH:54
end_of_record
TN:
SF:/home/thanga-inc-5829/Documents/Infusion_pump/src/occlusion.cpp
FN:8,12,_ZN16OcclusionMonitor9isoccluedEv
FNDA:40,_ZN16OcclusionMonitor9isoccluedEv
FNF:1
FNH:1
DA:8,40
DA:9,40
DA:11,40
LF:3
LH:3
end_of_record
TN:
SF:/home/thanga-inc-5829/Documents/Infusion_pump/src/volume.cpp
FN:19,47,_ZN13VolumeTracker3calEff
FNDA:49,_ZN13VolumeTracker3calEff
FNF:1
FNH:1
BRDA:28,0,0,21
BRDA:28,0,1,28
BRDA:29,0,0,3
BRDA:29,0,1,25
BRDA:31,0,0,22
BRDA:31,0,1,3
BRDA:31,0,2,6
BRDA:31,0,3,16
BRDA:40,0,0,3
BRDA:40,0,1,22
BRF:10
BRH:10
DA:19,49
DA:22,49
DA:24,49
DA:25,49
DA:26,49
DA:28,49
DA:29,28
DA:31,25
DA:32,6
DA:33,6
DA:36,25
DA:39,25
DA:40,25
DA:41,3
DA:42,3
DA:43,3
DA:44,3
DA:46,25
LF:18
LH:18
end_of_record
