TN:
SF:/home/thanga-inc-5829/Documents/Infusion_pump/include/alarm.hpp
FN:16,16,_ZNK12AlarmManager16get_notify_countEv
FNDA:10,_ZNK12AlarmManager16get_notify_countEv
FNF:1
FNH:1
DA:16,10
LF:1
LH:1
end_of_record
TN:
SF:/home/thanga-inc-5829/Documents/Infusion_pump/include/infusion.hpp
FN:25,26,_ZN12InfusionModeC2ER13VolumeTrackerR16OcclusionMonitorR12AlarmManager
FN:50,51,_ZN16ConstantRateModeC2EfR13VolumeTrackerR16OcclusionMonitorR12AlarmManager
FN:68,71,_ZN14LinearRampModeC2EffffR13VolumeTrackerR16OcclusionMonitorR12AlarmManager
FNDA:124,_ZN12InfusionModeC2ER13VolumeTrackerR16OcclusionMonitorR12AlarmManager
FNDA:62,_ZN16ConstantRateModeC2EfR13VolumeTrackerR16OcclusionMonitorR12AlarmManager
FNDA:62,_ZN14LinearRampModeC2EffffR13VolumeTrackerR16OcclusionMonitorR12AlarmManager
FNF:3
FNH:3
DA:25,124
DA:26,124
DA:50,62
DA:51,62
DA:68,62
DA:70,124
DA:71,62
LF:7
LH:7
end_of_record
TN:
SF:/home/thanga-inc-5829/Documents/Infusion_pump/include/volume.hpp
FNF:0
FNH:0
LF:0
LH:0
end_of_record
TN:
SF:/home/thanga-inc-5829/Documents/Infusion_pump/src/alarm.cpp
FN:10,18,_ZN12AlarmManager6notifyE9AlarmType
FN:20,29,_ZN12AlarmManager5clearE9AlarmType
FN:3,8,_ZN12AlarmManager3addEP13AlarmObserver
FN:31,37,_ZN12AlarmManager8clearAllEv
FNDA:25,_ZN12AlarmManager6notifyE9AlarmType
FNDA:50,_ZN12AlarmManager5clearE9AlarmType
FNDA:24,_ZN12AlarmManager3addEP13AlarmObserver
FNDA:3,_ZN12AlarmManager8clearAllEv
FNF:4
FNH:4
BRDA:4,0,0,22
BRDA:4,0,1,2
BRDA:11,0,0,20
BRDA:11,0,1,5
BRDA:12,0,0,5
BRDA:12,0,1,20
BRDA:14,0,0,8
BRDA:14,0,1,25
BRDA:21,0,0,22
BRDA:21,0,1,28
BRDA:22,0,0,28
BRDA:22,0,1,22
BRDA:24,0,0,37
BRDA:24,0,1,13
BRDA:24,0,2,35
BRDA:24,0,3,2
BRDA:25,0,0,2
BRDA:25,0,1,35
BRDA:34,0,0,6
BRDA:34,0,1,3
BRF:20
BRH:20
DA:3,24
DA:4,24
DA:5,22
DA:6,22
DA:8,24
DA:10,25
DA:11,25
DA:12,25
DA:14,33
DA:15,8
DA:17,25
DA:18,25
DA:20,50
DA:21,50
DA:22,50
DA:24,50
DA:25,37
DA:26,2
DA:29,50
DA:31,3
DA:32,3
DA:33,3
DA:34,9
DA:35,6
DA:37,3
LF:25
LH:25
end_of_record
TN:
SF:/home/thanga-inc-5829/Documents/Infusion_pump/src/infusion.cpp
FN:21,25,_ZN12InfusionMode3runEv
FN:28,43,_ZN12InfusionMode9applyRateEf
FN:47,68,_ZN12InfusionMode10checkAlarmEf
FN:71,73,_ZN16ConstantRateMode17computeTargetRateEv
FN:76,96,_ZN14LinearRampMode17computeTargetRateEv
FN:99,111,_Z11switch_modeP12InfusionModeS0_
FNDA:31,_ZN12InfusionMode3runEv
FNDA:31,_ZN12InfusionMode9applyRateEf
FNDA:31,_ZN12InfusionMode10checkAlarmEf
FNDA:37,_ZN16ConstantRateMode17computeTargetRateEv
FNDA:195,_ZN14LinearRampMode17computeTargetRateEv
FNDA:6,_Z11switch_modeP12InfusionModeS0_
FNF:6
FNH:6
BRDA:29,0,0,23
BRDA:29,0,1,8
BRDA:34,0,0,3
BRDA:34,0,1,28
BRDA:50,0,0,13
BRDA:50,0,1,18
BRDA:52,0,0,11
BRDA:52,0,1,2
BRDA:62,0,0,3
BRDA:62,0,1,28
BRDA:80,0,0,183
BRDA:80,0,1,12
BRDA:82,0,0,45
BRDA:82,0,1,138
BRDA:90,0,0,3
BRDA:90,0,1,192
BRDA:100,0,0,3
BRDA:100,0,1,3
BRF:18
BRH:18
DA:21,31
DA:22,31
DA:23,31
DA:24,31
DA:25,31
DA:28,31
DA:29,31
DA:30,23
DA:31,23
DA:32,23
DA:34,31
DA:36,28
DA:37,28
DA:39,28
DA:41,28
DA:42,28
DA:47,31
DA:50,31
DA:51,13
DA:52,13
DA:53,11
DA:54,11
DA:56,13
DA:58,18
DA:62,31
DA:63,3
DA:64,3
DA:66,28
DA:68,31
DA:71,37
DA:72,37
DA:76,195
DA:77,195
DA:80,195
DA:81,183
DA:82,183
DA:83,183
DA:87,195
DA:88,195
DA:90,195
DA:91,3
DA:92,3
DA:93,3
DA:95,195
DA:99,6
DA:100,6
DA:102,3
DA:103,3
DA:104,3
DA:105,3
DA:106,3
DA:107,3
DA:108,3
DA:110,3
LF:54
LH:54
end_of_record
TN:
SF:/home/thanga-inc-5829/Documents/Infusion_pump/src/occlusion.cpp
FN:8,12,_ZN16OcclusionMonitor9isoccluedEv
FNDA:40,_ZN16OcclusionMonitor9isoccluedEv
FNF:1
FNH:1
DA:8,40
DA:9,40
DA:11,40
LF:3
LH:3
end_of_record
TN:
SF:/home/thanga-inc-5829/Documents/Infusion_pump/src/volume.cpp
FN:19,47,_ZN13VolumeTracker3calEff
FNDA:49,_ZN13VolumeTracker3calEff
FNF:1
FNH:1
BRDA:28,0,0,21
BRDA:28,0,1,28
BRDA:29,0,0,3
BRDA:29,0,1,25
BRDA:31,0,0,22
BRDA:31,0,1,3
BRDA:31,0,2,6
BRDA:31,0,3,16
BRDA:40,0,0,3
BRDA:40,0,1,22
BRF:10
BRH:10
DA:19,49
DA:22,49
DA:24,49
DA:25,49
DA:26,49
DA:28,49
DA:29,28
DA:31,25
DA:32,6
DA:33,6
DA:36,25
DA:39,25
DA:40,25
DA:41,3
DA:42,3
DA:43,3
DA:44,3
DA:46,25
LF:18
LH:18
end_of_record
TN:
SF:/home/thanga-inc-5829/Documents/Infusion_pump/test/stub_file.cpp
FN:10,12,_Z12sensor_pressv
FN:14,16,_Z20get_encoder_positionv
FN:18,20,_Z12k_uptime_getv
FN:22,22,_Z14set_delay_ratej
FN:23,23,_Z10motor_stopv
FN:24,24,_Z11motor_startv
FN:25,25,_Z13hardware_initv
FN:27,27,_ZN3led6updateEb
FN:28,28,_ZN3buz6updateEb
FN:29,29,_ZN13uart_observer6updateEb
FNDA:40,_Z12sensor_pressv
FNDA:72,_Z20get_encoder_positionv
FNDA:336,_Z12k_uptime_getv
FNDA:28,_Z14set_delay_ratej
FNDA:9,_Z10motor_stopv
FNDA:31,_Z11motor_startv
FNDA:3,_Z13hardware_initv
FNDA:10,_ZN3led6updateEb
FNDA:6,_ZN3buz6updateEb
FNDA:0,_ZN13uart_observer6updateEb
FNF:10
FNH:9
DA:10,40
DA:11,40
DA:14,72
DA:15,72
DA:18,336
DA:19,336
DA:22,28
DA:23,9
DA:24,31
DA:25,3
DA:27,10
DA:28,6
DA:29,0
LF:13
LH:12
end_of_record
TN:
SF:/home/thanga-inc-5829/Documents/Infusion_pump/test/test_infusion.cpp
FN:10,14,_ZN12InfusionTest5SetUpEv
FN:102,102,_ZN60InfusionTest_VolumeTracker_TimeElapsed_ReturnsDeviation_Test8TestBodyEv
FN:102,102,_ZN60InfusionTest_VolumeTracker_TimeElapsed_ReturnsDeviation_TestC2Ev
FN:102,102,_ZN60InfusionTest_VolumeTracker_TimeElapsed_ReturnsDeviation_TestD0Ev
FN:102,102,_ZN60InfusionTest_VolumeTracker_TimeElapsed_ReturnsDeviation_TestD2Ev
FN:109,109,_ZN56InfusionTest_VolumeTracker_CorrectTicks_ReturnsTrue_Test8TestBodyEv
FN:109,109,_ZN56InfusionTest_VolumeTracker_CorrectTicks_ReturnsTrue_TestC2Ev
FN:109,109,_ZN56InfusionTest_VolumeTracker_CorrectTicks_ReturnsTrue_TestD0Ev
FN:109,109,_ZN56InfusionTest_VolumeTracker_CorrectTicks_ReturnsTrue_TestD2Ev
FN:116,116,_ZN56InfusionTest_VolumeTracker_EarlyElapsed_ReturnsTrue_Test8TestBodyEv
FN:116,116,_ZN56InfusionTest_VolumeTracker_EarlyElapsed_ReturnsTrue_TestC2Ev
FN:116,116,_ZN56InfusionTest_VolumeTracker_EarlyElapsed_ReturnsTrue_TestD0Ev
FN:116,116,_ZN56InfusionTest_VolumeTracker_EarlyElapsed_ReturnsTrue_TestD2Ev
FN:122,122,_ZN60InfusionTest_VolumeTracker_AlreadyCorrected_SkipsRecalc_Test8TestBodyEv
FN:122,122,_ZN60InfusionTest_VolumeTracker_AlreadyCorrected_SkipsRecalc_TestC2Ev
FN:122,122,_ZN60InfusionTest_VolumeTracker_AlreadyCorrected_SkipsRecalc_TestD0Ev
FN:122,122,_ZN60InfusionTest_VolumeTracker_AlreadyCorrected_SkipsRecalc_TestD2Ev
FN:130,140,_ZN63InfusionTest_VolumeTracker_OffsetCapture_TicksReflectDelta_Test8TestBodyEv
FN:130,140,_ZN63InfusionTest_VolumeTracker_OffsetCapture_TicksReflectDelta_TestC2Ev
FN:130,140,_ZN63InfusionTest_VolumeTracker_OffsetCapture_TicksReflectDelta_TestD0Ev
FN:130,140,_ZN63InfusionTest_VolumeTracker_OffsetCapture_TicksReflectDelta_TestD2Ev
FN:145,145,_ZN56InfusionTest_VolumeTracker_ZeroTicks_AlarmTriggered_Test8TestBodyEv
FN:145,145,_ZN56InfusionTest_VolumeTracker_ZeroTicks_AlarmTriggered_TestC2Ev
FN:145,145,_ZN56InfusionTest_VolumeTracker_ZeroTicks_AlarmTriggered_TestD0Ev
FN:145,145,_ZN56InfusionTest_VolumeTracker_ZeroTicks_AlarmTriggered_TestD2Ev
FN:152,158,_ZN38InfusionTest_VolumeAlertThrottled_Test8TestBodyEv
FN:152,158,_ZN38InfusionTest_VolumeAlertThrottled_TestC2Ev
FN:152,158,_ZN38InfusionTest_VolumeAlertThrottled_TestD0Ev
FN:152,158,_ZN38InfusionTest_VolumeAlertThrottled_TestD2Ev
FN:161,161,_ZN57InfusionTest_ConstantRateMode_ComputeRate_Returns100_Test8TestBodyEv
FN:161,161,_ZN57InfusionTest_ConstantRateMode_ComputeRate_Returns100_TestC2Ev
FN:161,161,_ZN57InfusionTest_ConstantRateMode_ComputeRate_Returns100_TestD0Ev
FN:161,161,_ZN57InfusionTest_ConstantRateMode_ComputeRate_Returns100_TestD2Ev
FN:166,166,_ZN57InfusionTest_LinearRampMode_FirstCall_ReturnsInitial_Test8TestBodyEv
FN:166,166,_ZN57InfusionTest_LinearRampMode_FirstCall_ReturnsInitial_TestC2Ev
FN:166,166,_ZN57InfusionTest_LinearRampMode_FirstCall_ReturnsInitial_TestD0Ev
FN:166,166,_ZN57InfusionTest_LinearRampMode_FirstCall_ReturnsInitial_TestD2Ev
FN:171,175,_ZN58InfusionTest_LinearRampMode_VolumeComplete_StopsMotor_Test8TestBodyEv
FN:171,175,_ZN58InfusionTest_LinearRampMode_VolumeComplete_StopsMotor_TestC2Ev
FN:171,175,_ZN58InfusionTest_LinearRampMode_VolumeComplete_StopsMotor_TestD0Ev
FN:171,175,_ZN58InfusionTest_LinearRampMode_VolumeComplete_StopsMotor_TestD2Ev
FN:178,183,_ZN57InfusionTest_LinearRampMode_AfterInterval_Increments_Test8TestBodyEv
FN:178,183,_ZN57InfusionTest_LinearRampMode_AfterInterval_Increments_TestC2Ev
FN:178,183,_ZN57InfusionTest_LinearRampMode_AfterInterval_Increments_TestD0Ev
FN:178,183,_ZN57InfusionTest_LinearRampMode_AfterInterval_Increments_TestD2Ev
FN:186,186,_ZN50InfusionTest_LinearRampMode_OverMax_CapsAtFin_Test8TestBodyEv
FN:186,186,_ZN50InfusionTest_LinearRampMode_OverMax_CapsAtFin_TestC2Ev
FN:186,186,_ZN50InfusionTest_LinearRampMode_OverMax_CapsAtFin_TestD0Ev
FN:186,186,_ZN50InfusionTest_LinearRampMode_OverMax_CapsAtFin_TestD2Ev
FN:195,195,_ZN61InfusionTest_InfusionMode_SwitchMode_ComputesCorrectRate_Test8TestBodyEv
FN:195,195,_ZN61InfusionTest_InfusionMode_SwitchMode_ComputesCorrectRate_TestC2Ev
FN:195,195,_ZN61InfusionTest_InfusionMode_SwitchMode_ComputesCorrectRate_TestD0Ev
FN:195,195,_ZN61InfusionTest_InfusionMode_SwitchMode_ComputesCorrectRate_TestD2Ev
FN:203,203,_ZN58InfusionTest_InfusionMode_OcclusionAlarm_NotifyCount1_Test8TestBodyEv
FN:203,203,_ZN58InfusionTest_InfusionMode_OcclusionAlarm_NotifyCount1_TestC2Ev
FN:203,203,_ZN58InfusionTest_InfusionMode_OcclusionAlarm_NotifyCount1_TestD0Ev
FN:203,203,_ZN58InfusionTest_InfusionMode_OcclusionAlarm_NotifyCount1_TestD2Ev
FN:210,210,_ZN48InfusionTest_InfusionMode_ApplyRate_NoError_Test8TestBodyEv
FN:210,210,_ZN48InfusionTest_InfusionMode_ApplyRate_NoError_TestC2Ev
FN:210,210,_ZN48InfusionTest_InfusionMode_ApplyRate_NoError_TestD0Ev
FN:210,210,_ZN48InfusionTest_InfusionMode_ApplyRate_NoError_TestD2Ev
FN:216,216,_ZN49InfusionTest_InfusionMode_NoPressure_NoAlarm_Test8TestBodyEv
FN:216,216,_ZN49InfusionTest_InfusionMode_NoPressure_NoAlarm_TestC2Ev
FN:216,216,_ZN49InfusionTest_InfusionMode_NoPressure_NoAlarm_TestD0Ev
FN:216,216,_ZN49InfusionTest_InfusionMode_NoPressure_NoAlarm_TestD2Ev
FN:223,223,_ZN48InfusionTest_InfusionMode_ZeroRate_NoAction_Test8TestBodyEv
FN:223,223,_ZN48InfusionTest_InfusionMode_ZeroRate_NoAction_TestC2Ev
FN:223,223,_ZN48InfusionTest_InfusionMode_ZeroRate_NoAction_TestD0Ev
FN:223,223,_ZN48InfusionTest_InfusionMode_ZeroRate_NoAction_TestD2Ev
FN:229,233,_ZN52InfusionTest_ModeSwitch_SamePointer_ReturnsSame_Test8TestBodyEv
FN:229,233,_ZN52InfusionTest_ModeSwitch_SamePointer_ReturnsSame_TestC2Ev
FN:229,233,_ZN52InfusionTest_ModeSwitch_SamePointer_ReturnsSame_TestD0Ev
FN:229,233,_ZN52InfusionTest_ModeSwitch_SamePointer_ReturnsSame_TestD2Ev
FN:236,245,_ZN57InfusionTest_ModeSwitch_NoRestart_ResetsNewModeState_Test8TestBodyEv
FN:236,245,_ZN57InfusionTest_ModeSwitch_NoRestart_ResetsNewModeState_TestC2Ev
FN:236,245,_ZN57InfusionTest_ModeSwitch_NoRestart_ResetsNewModeState_TestD0Ev
FN:236,245,_ZN57InfusionTest_ModeSwitch_NoRestart_ResetsNewModeState_TestD2Ev
FN:25,25,_ZN61InfusionTest_OcclusionMonitor_NormalPressure_ReturnsTrue_Test8TestBodyEv
FN:25,25,_ZN61InfusionTest_OcclusionMonitor_NormalPressure_ReturnsTrue_TestC2Ev
FN:25,25,_ZN61InfusionTest_OcclusionMonitor_NormalPressure_ReturnsTrue_TestD0Ev
FN:25,25,_ZN61InfusionTest_OcclusionMonitor_NormalPressure_ReturnsTrue_TestD2Ev
FN:250,254,_ZN49InfusionTest_Hardware_MotorStopStart_NoError_Test8TestBodyEv
FN:250,254,_ZN49InfusionTest_Hardware_MotorStopStart_NoError_TestC2Ev
FN:250,254,_ZN49InfusionTest_Hardware_MotorStopStart_NoError_TestD0Ev
FN:250,254,_ZN49InfusionTest_Hardware_MotorStopStart_NoError_TestD2Ev
FN:31,31,_ZN59InfusionTest_OcclusionMonitor_EqualPressure_ReturnTrue_Test8TestBodyEv
FN:31,31,_ZN59InfusionTest_OcclusionMonitor_EqualPressure_ReturnTrue_TestC2Ev
FN:31,31,_ZN59InfusionTest_OcclusionMonitor_EqualPressure_ReturnTrue_TestD0Ev
FN:31,31,_ZN59InfusionTest_OcclusionMonitor_EqualPressure_ReturnTrue_TestD2Ev
FN:37,37,_ZN60InfusionTest_OcclusionMonitor_HighPressure_ReturnsFalse_Test8TestBodyEv
FN:37,37,_ZN60InfusionTest_OcclusionMonitor_HighPressure_ReturnsFalse_TestC2Ev
FN:37,37,_ZN60InfusionTest_OcclusionMonitor_HighPressure_ReturnsFalse_TestD0Ev
FN:37,37,_ZN60InfusionTest_OcclusionMonitor_HighPressure_ReturnsFalse_TestD2Ev
FN:45,45,_ZN58InfusionTest_AlarmManager_TwoObservers_NotifyCountOne_Test8TestBodyEv
FN:45,45,_ZN58InfusionTest_AlarmManager_TwoObservers_NotifyCountOne_TestC2Ev
FN:45,45,_ZN58InfusionTest_AlarmManager_TwoObservers_NotifyCountOne_TestD0Ev
FN:45,45,_ZN58InfusionTest_AlarmManager_TwoObservers_NotifyCountOne_TestD2Ev
FN:53,53,_ZN52InfusionTest_AlarmManager_NoObservers_CountZero_Test8TestBodyEv
FN:53,53,_ZN52InfusionTest_AlarmManager_NoObservers_CountZero_TestC2Ev
FN:53,53,_ZN52InfusionTest_AlarmManager_NoObservers_CountZero_TestD0Ev
FN:53,53,_ZN52InfusionTest_AlarmManager_NoObservers_CountZero_TestD2Ev
FN:58,58,_ZN47InfusionTest_AlarmManager_ClearAll_NoError_Test8TestBodyEv
FN:58,58,_ZN47InfusionTest_AlarmManager_ClearAll_NoError_TestC2Ev
FN:58,58,_ZN47InfusionTest_AlarmManager_ClearAll_NoError_TestD0Ev
FN:58,58,_ZN47InfusionTest_AlarmManager_ClearAll_NoError_TestD2Ev
FN:65,65,_ZN62InfusionTest_AlarmManager_ClearVolumeWhileOcclusionActive_Test8TestBodyEv
FN:65,65,_ZN62InfusionTest_AlarmManager_ClearVolumeWhileOcclusionActive_TestC2Ev
FN:65,65,_ZN62InfusionTest_AlarmManager_ClearVolumeWhileOcclusionActive_TestD0Ev
FN:65,65,_ZN62InfusionTest_AlarmManager_ClearVolumeWhileOcclusionActive_TestD2Ev
FN:73,73,_ZN62InfusionTest_AlarmManager_ClearBothAlarmsNotifiesObserver_Test8TestBodyEv
FN:73,73,_ZN62InfusionTest_AlarmManager_ClearBothAlarmsNotifiesObserver_TestC2Ev
FN:73,73,_ZN62InfusionTest_AlarmManager_ClearBothAlarmsNotifiesObserver_TestD0Ev
FN:73,73,_ZN62InfusionTest_AlarmManager_ClearBothAlarmsNotifiesObserver_TestD2Ev
FN:82,82,_ZN51InfusionTest_AlarmManager_AddBeyondMax_Ignored_Test8TestBodyEv
FN:82,82,_ZN51InfusionTest_AlarmManager_AddBeyondMax_Ignored_TestC2Ev
FN:82,82,_ZN51InfusionTest_AlarmManager_AddBeyondMax_Ignored_TestD0Ev
FN:82,82,_ZN51InfusionTest_AlarmManager_AddBeyondMax_Ignored_TestD2Ev
FN:96,96,_ZN52InfusionTest_VolumeTracker_ZeroTime_ReturnsTrue_Test8TestBodyEv
FN:96,96,_ZN52InfusionTest_VolumeTracker_ZeroTime_ReturnsTrue_TestC2Ev
FN:96,96,_ZN52InfusionTest_VolumeTracker_ZeroTime_ReturnsTrue_TestD0Ev
FN:96,96,_ZN52InfusionTest_VolumeTracker_ZeroTime_ReturnsTrue_TestD2Ev
FNDA:60,_ZN12InfusionTest5SetUpEv
FNDA:2,_ZN60InfusionTest_VolumeTracker_TimeElapsed_ReturnsDeviation_Test8TestBodyEv
FNDA:2,_ZN60InfusionTest_VolumeTracker_TimeElapsed_ReturnsDeviation_TestC2Ev
FNDA:2,_ZN60InfusionTest_VolumeTracker_TimeElapsed_ReturnsDeviation_TestD0Ev
FNDA:2,_ZN60InfusionTest_VolumeTracker_TimeElapsed_ReturnsDeviation_TestD2Ev
FNDA:2,_ZN56InfusionTest_VolumeTracker_CorrectTicks_ReturnsTrue_Test8TestBodyEv
FNDA:2,_ZN56InfusionTest_VolumeTracker_CorrectTicks_ReturnsTrue_TestC2Ev
FNDA:2,_ZN56InfusionTest_VolumeTracker_CorrectTicks_ReturnsTrue_TestD0Ev
FNDA:2,_ZN56InfusionTest_VolumeTracker_CorrectTicks_ReturnsTrue_TestD2Ev
FNDA:2,_ZN56InfusionTest_VolumeTracker_EarlyElapsed_ReturnsTrue_Test8TestBodyEv
FNDA:2,_ZN56InfusionTest_VolumeTracker_EarlyElapsed_ReturnsTrue_TestC2Ev
FNDA:2,_ZN56InfusionTest_VolumeTracker_EarlyElapsed_ReturnsTrue_TestD0Ev
FNDA:2,_ZN56InfusionTest_VolumeTracker_EarlyElapsed_ReturnsTrue_TestD2Ev
FNDA:2,_ZN60InfusionTest_VolumeTracker_AlreadyCorrected_SkipsRecalc_Test8TestBodyEv
FNDA:2,_ZN60InfusionTest_VolumeTracker_AlreadyCorrected_SkipsRecalc_TestC2Ev
FNDA:2,_ZN60InfusionTest_VolumeTracker_AlreadyCorrected_SkipsRecalc_TestD0Ev
FNDA:2,_ZN60InfusionTest_VolumeTracker_AlreadyCorrected_SkipsRecalc_TestD2Ev
FNDA:2,_ZN63InfusionTest_VolumeTracker_OffsetCapture_TicksReflectDelta_Test8TestBodyEv
FNDA:2,_ZN63InfusionTest_VolumeTracker_OffsetCapture_TicksReflectDelta_TestC2Ev
FNDA:2,_ZN63InfusionTest_VolumeTracker_OffsetCapture_TicksReflectDelta_TestD0Ev
FNDA:2,_ZN63InfusionTest_VolumeTracker_OffsetCapture_TicksReflectDelta_TestD2Ev
FNDA:2,_ZN56InfusionTest_VolumeTracker_ZeroTicks_AlarmTriggered_Test8TestBodyEv
FNDA:2,_ZN56InfusionTest_VolumeTracker_ZeroTicks_AlarmTriggered_TestC2Ev
FNDA:2,_ZN56InfusionTest_VolumeTracker_ZeroTicks_AlarmTriggered_TestD0Ev
FNDA:2,_ZN56InfusionTest_VolumeTracker_ZeroTicks_AlarmTriggered_TestD2Ev
FNDA:2,_ZN38InfusionTest_VolumeAlertThrottled_Test8TestBodyEv
FNDA:2,_ZN38InfusionTest_VolumeAlertThrottled_TestC2Ev
FNDA:2,_ZN38InfusionTest_VolumeAlertThrottled_TestD0Ev
FNDA:2,_ZN38InfusionTest_VolumeAlertThrottled_TestD2Ev
FNDA:2,_ZN57InfusionTest_ConstantRateMode_ComputeRate_Returns100_Test8TestBodyEv
FNDA:2,_ZN57InfusionTest_ConstantRateMode_ComputeRate_Returns100_TestC2Ev
FNDA:2,_ZN57InfusionTest_ConstantRateMode_ComputeRate_Returns100_TestD0Ev
FNDA:2,_ZN57InfusionTest_ConstantRateMode_ComputeRate_Returns100_TestD2Ev
FNDA:2,_ZN57InfusionTest_LinearRampMode_FirstCall_ReturnsInitial_Test8TestBodyEv
FNDA:2,_ZN57InfusionTest_LinearRampMode_FirstCall_ReturnsInitial_TestC2Ev
FNDA:2,_ZN57InfusionTest_LinearRampMode_FirstCall_ReturnsInitial_TestD0Ev
FNDA:2,_ZN57InfusionTest_LinearRampMode_FirstCall_ReturnsInitial_TestD2Ev
FNDA:2,_ZN58InfusionTest_LinearRampMode_VolumeComplete_StopsMotor_Test8TestBodyEv
FNDA:2,_ZN58InfusionTest_LinearRampMode_VolumeComplete_StopsMotor_TestC2Ev
FNDA:2,_ZN58InfusionTest_LinearRampMode_VolumeComplete_StopsMotor_TestD0Ev
FNDA:2,_ZN58InfusionTest_LinearRampMode_VolumeComplete_StopsMotor_TestD2Ev
FNDA:2,_ZN57InfusionTest_LinearRampMode_AfterInterval_Increments_Test8TestBodyEv
FNDA:2,_ZN57InfusionTest_LinearRampMode_AfterInterval_Increments_TestC2Ev
FNDA:2,_ZN57InfusionTest_LinearRampMode_AfterInterval_Increments_TestD0Ev
FNDA:2,_ZN57InfusionTest_LinearRampMode_AfterInterval_Increments_TestD2Ev
FNDA:2,_ZN50InfusionTest_LinearRampMode_OverMax_CapsAtFin_Test8TestBodyEv
FNDA:2,_ZN50InfusionTest_LinearRampMode_OverMax_CapsAtFin_TestC2Ev
FNDA:2,_ZN50InfusionTest_LinearRampMode_OverMax_CapsAtFin_TestD0Ev
FNDA:2,_ZN50InfusionTest_LinearRampMode_OverMax_CapsAtFin_TestD2Ev
FNDA:2,_ZN61InfusionTest_InfusionMode_SwitchMode_ComputesCorrectRate_Test8TestBodyEv
FNDA:2,_ZN61InfusionTest_InfusionMode_SwitchMode_ComputesCorrectRate_TestC2Ev
FNDA:2,_ZN61InfusionTest_InfusionMode_SwitchMode_ComputesCorrectRate_TestD0Ev
FNDA:2,_ZN61InfusionTest_InfusionMode_SwitchMode_ComputesCorrectRate_TestD2Ev
FNDA:2,_ZN58InfusionTest_InfusionMode_OcclusionAlarm_NotifyCount1_Test8TestBodyEv
FNDA:2,_ZN58InfusionTest_InfusionMode_OcclusionAlarm_NotifyCount1_TestC2Ev
FNDA:2,_ZN58InfusionTest_InfusionMode_OcclusionAlarm_NotifyCount1_TestD0Ev
FNDA:2,_ZN58InfusionTest_InfusionMode_OcclusionAlarm_NotifyCount1_TestD2Ev
FNDA:2,_ZN48InfusionTest_InfusionMode_ApplyRate_NoError_Test8TestBodyEv
FNDA:2,_ZN48InfusionTest_InfusionMode_ApplyRate_NoError_TestC2Ev
FNDA:2,_ZN48InfusionTest_InfusionMode_ApplyRate_NoError_TestD0Ev
FNDA:2,_ZN48InfusionTest_InfusionMode_ApplyRate_NoError_TestD2Ev
FNDA:2,_ZN49InfusionTest_InfusionMode_NoPressure_NoAlarm_Test8TestBodyEv
FNDA:2,_ZN49InfusionTest_InfusionMode_NoPressure_NoAlarm_TestC2Ev
FNDA:2,_ZN49InfusionTest_InfusionMode_NoPressure_NoAlarm_TestD0Ev
FNDA:2,_ZN49InfusionTest_InfusionMode_NoPressure_NoAlarm_TestD2Ev
FNDA:2,_ZN48InfusionTest_InfusionMode_ZeroRate_NoAction_Test8TestBodyEv
FNDA:2,_ZN48InfusionTest_InfusionMode_ZeroRate_NoAction_TestC2Ev
FNDA:2,_ZN48InfusionTest_InfusionMode_ZeroRate_NoAction_TestD0Ev
FNDA:2,_ZN48InfusionTest_InfusionMode_ZeroRate_NoAction_TestD2Ev
FNDA:2,_ZN52InfusionTest_ModeSwitch_SamePointer_ReturnsSame_Test8TestBodyEv
FNDA:2,_ZN52InfusionTest_ModeSwitch_SamePointer_ReturnsSame_TestC2Ev
FNDA:2,_ZN52InfusionTest_ModeSwitch_SamePointer_ReturnsSame_TestD0Ev
FNDA:2,_ZN52InfusionTest_ModeSwitch_SamePointer_ReturnsSame_TestD2Ev
FNDA:2,_ZN57InfusionTest_ModeSwitch_NoRestart_ResetsNewModeState_Test8TestBodyEv
FNDA:2,_ZN57InfusionTest_ModeSwitch_NoRestart_ResetsNewModeState_TestC2Ev
FNDA:2,_ZN57InfusionTest_ModeSwitch_NoRestart_ResetsNewModeState_TestD0Ev
FNDA:2,_ZN57InfusionTest_ModeSwitch_NoRestart_ResetsNewModeState_TestD2Ev
FNDA:2,_ZN61InfusionTest_OcclusionMonitor_NormalPressure_ReturnsTrue_Test8TestBodyEv
FNDA:2,_ZN61InfusionTest_OcclusionMonitor_NormalPressure_ReturnsTrue_TestC2Ev
FNDA:2,_ZN61InfusionTest_OcclusionMonitor_NormalPressure_ReturnsTrue_TestD0Ev
FNDA:2,_ZN61InfusionTest_OcclusionMonitor_NormalPressure_ReturnsTrue_TestD2Ev
FNDA:2,_ZN49InfusionTest_Hardware_MotorStopStart_NoError_Test8TestBodyEv
FNDA:2,_ZN49InfusionTest_Hardware_MotorStopStart_NoError_TestC2Ev
FNDA:2,_ZN49InfusionTest_Hardware_MotorStopStart_NoError_TestD0Ev
FNDA:2,_ZN49InfusionTest_Hardware_MotorStopStart_NoError_TestD2Ev
FNDA:2,_ZN59InfusionTest_OcclusionMonitor_EqualPressure_ReturnTrue_Test8TestBodyEv
FNDA:2,_ZN59InfusionTest_OcclusionMonitor_EqualPressure_ReturnTrue_TestC2Ev
FNDA:2,_ZN59InfusionTest_OcclusionMonitor_EqualPressure_ReturnTrue_TestD0Ev
FNDA:2,_ZN59InfusionTest_OcclusionMonitor_EqualPressure_ReturnTrue_TestD2Ev
FNDA:2,_ZN60InfusionTest_OcclusionMonitor_HighPressure_ReturnsFalse_Test8TestBodyEv
FNDA:2,_ZN60InfusionTest_OcclusionMonitor_HighPressure_ReturnsFalse_TestC2Ev
FNDA:2,_ZN60InfusionTest_OcclusionMonitor_HighPressure_ReturnsFalse_TestD0Ev
FNDA:2,_ZN60InfusionTest_OcclusionMonitor_HighPressure_ReturnsFalse_TestD2Ev
FNDA:2,_ZN58InfusionTest_AlarmManager_TwoObservers_NotifyCountOne_Test8TestBodyEv
FNDA:2,_ZN58InfusionTest_AlarmManager_TwoObservers_NotifyCountOne_TestC2Ev
FNDA:2,_ZN58InfusionTest_AlarmManager_TwoObservers_NotifyCountOne_TestD0Ev
FNDA:2,_ZN58InfusionTest_AlarmManager_TwoObservers_NotifyCountOne_TestD2Ev
FNDA:2,_ZN52InfusionTest_AlarmManager_NoObservers_CountZero_Test8TestBodyEv
FNDA:2,_ZN52InfusionTest_AlarmManager_NoObservers_CountZero_TestC2Ev
FNDA:2,_ZN52InfusionTest_AlarmManager_NoObservers_CountZero_TestD0Ev
FNDA:2,_ZN52InfusionTest_AlarmManager_NoObservers_CountZero_TestD2Ev
FNDA:2,_ZN47InfusionTest_AlarmManager_ClearAll_NoError_Test8TestBodyEv
FNDA:2,_ZN47InfusionTest_AlarmManager_ClearAll_NoError_TestC2Ev
FNDA:2,_ZN47InfusionTest_AlarmManager_ClearAll_NoError_TestD0Ev
FNDA:2,_ZN47InfusionTest_AlarmManager_ClearAll_NoError_TestD2Ev
FNDA:2,_ZN62InfusionTest_AlarmManager_ClearVolumeWhileOcclusionActive_Test8TestBodyEv
FNDA:2,_ZN62InfusionTest_AlarmManager_ClearVolumeWhileOcclusionActive_TestC2Ev
FNDA:2,_ZN62InfusionTest_AlarmManager_ClearVolumeWhileOcclusionActive_TestD0Ev
FNDA:2,_ZN62InfusionTest_AlarmManager_ClearVolumeWhileOcclusionActive_TestD2Ev
FNDA:2,_ZN62InfusionTest_AlarmManager_ClearBothAlarmsNotifiesObserver_Test8TestBodyEv
FNDA:2,_ZN62InfusionTest_AlarmManager_ClearBothAlarmsNotifiesObserver_TestC2Ev
FNDA:2,_ZN62InfusionTest_AlarmManager_ClearBothAlarmsNotifiesObserver_TestD0Ev
FNDA:2,_ZN62InfusionTest_AlarmManager_ClearBothAlarmsNotifiesObserver_TestD2Ev
FNDA:2,_ZN51InfusionTest_AlarmManager_AddBeyondMax_Ignored_Test8TestBodyEv
FNDA:2,_ZN51InfusionTest_AlarmManager_AddBeyondMax_Ignored_TestC2Ev
FNDA:2,_ZN51InfusionTest_AlarmManager_AddBeyondMax_Ignored_TestD0Ev
FNDA:2,_ZN51InfusionTest_AlarmManager_AddBeyondMax_Ignored_TestD2Ev
FNDA:2,_ZN52InfusionTest_VolumeTracker_ZeroTime_ReturnsTrue_Test8TestBodyEv
FNDA:2,_ZN52InfusionTest_VolumeTracker_ZeroTime_ReturnsTrue_TestC2Ev
FNDA:2,_ZN52InfusionTest_VolumeTracker_ZeroTime_ReturnsTrue_TestD0Ev
FNDA:2,_ZN52InfusionTest_VolumeTracker_ZeroTime_ReturnsTrue_TestD2Ev
FNF:121
FNH:121
BRDA:27,0,0,2
BRDA:27,e0,1,0
BRDA:27,0,2,0
BRDA:27,0,3,2
BRDA:27,0,4,0
BRDA:27,e0,5,0
BRDA:27,0,6,0
BRDA:27,e0,7,0
BRDA:27,0,8,0
BRDA:27,e0,9,0
BRDA:27,0,10,0
BRDA:27,e0,11,0
BRDA:33,0,0,2
BRDA:33,e0,1,0
BRDA:33,0,2,0
BRDA:33,0,3,2
BRDA:33,0,4,0
BRDA:33,e0,5,0
BRDA:33,0,6,0
BRDA:33,e0,7,0
BRDA:33,0,8,0
BRDA:33,e0,9,0
BRDA:33,0,10,0
BRDA:33,e0,11,0
BRDA:39,0,0,2
BRDA:39,e0,1,0
BRDA:39,0,2,0
BRDA:39,0,3,2
BRDA:39,0,4,0
BRDA:39,e0,5,0
BRDA:39,0,6,0
BRDA:39,e0,7,0
BRDA:39,0,8,0
BRDA:39,e0,9,0
BRDA:39,0,10,0
BRDA:39,e0,11,0
BRDA:47,0,0,2
BRDA:47,e0,1,0
BRDA:47,0,2,2
BRDA:47,e0,3,0
BRDA:48,0,0,2
BRDA:48,e0,1,0
BRDA:49,0,0,2
BRDA:49,e0,1,0
BRDA:49,0,2,0
BRDA:49,0,3,2
BRDA:49,0,4,0
BRDA:49,e0,5,0
BRDA:49,0,6,0
BRDA:49,e0,7,0
BRDA:49,0,8,0
BRDA:49,e0,9,0
BRDA:54,0,0,2
BRDA:54,e0,1,0
BRDA:54,0,2,0
BRDA:54,0,3,2
BRDA:54,0,4,0
BRDA:54,e0,5,0
BRDA:54,0,6,0
BRDA:54,e0,7,0
BRDA:54,0,8,0
BRDA:54,e0,9,0
BRDA:60,0,0,2
BRDA:60,e0,1,0
BRDA:60,0,2,2
BRDA:60,e0,3,0
BRDA:61,0,0,2
BRDA:61,e0,1,0
BRDA:69,0,0,0
BRDA:69,0,1,2
BRDA:69,0,2,0
BRDA:69,e0,3,0
BRDA:69,0,4,0
BRDA:69,e0,5,0
BRDA:69,0,6,0
BRDA:69,e0,7,0
BRDA:69,0,8,0
BRDA:69,e0,9,0
BRDA:75,0,0,2
BRDA:75,e0,1,0
BRDA:76,0,0,2
BRDA:76,e0,1,0
BRDA:77,0,0,2
BRDA:77,e0,1,0
BRDA:78,0,0,0
BRDA:78,0,1,2
BRDA:78,0,2,0
BRDA:78,e0,3,0
BRDA:78,0,4,0
BRDA:78,e0,5,0
BRDA:78,0,6,0
BRDA:78,e0,7,0
BRDA:78,0,8,0
BRDA:78,e0,9,0
BRDA:84,0,0,2
BRDA:84,e0,1,0
BRDA:85,0,0,2
BRDA:85,e0,1,0
BRDA:86,0,0,2
BRDA:86,e0,1,0
BRDA:87,0,0,2
BRDA:87,e0,1,0
BRDA:89,0,0,2
BRDA:89,e0,1,0
BRDA:90,0,0,0
BRDA:90,0,1,2
BRDA:90,0,2,0
BRDA:90,e0,3,0
BRDA:90,0,4,0
BRDA:90,e0,5,0
BRDA:90,0,6,0
BRDA:90,e0,7,0
BRDA:90,0,8,0
BRDA:90,e0,9,0
BRDA:98,0,0,2
BRDA:98,e0,1,0
BRDA:98,0,2,0
BRDA:98,0,3,2
BRDA:98,0,4,0
BRDA:98,e0,5,0
BRDA:98,0,6,0
BRDA:98,e0,7,0
BRDA:98,0,8,0
BRDA:98,e0,9,0
BRDA:98,0,10,0
BRDA:98,e0,11,0
BRDA:105,0,0,2
BRDA:105,e0,1,0
BRDA:105,0,2,0
BRDA:105,0,3,2
BRDA:105,0,4,0
BRDA:105,e0,5,0
BRDA:105,0,6,0
BRDA:105,e0,7,0
BRDA:105,0,8,0
BRDA:105,e0,9,0
BRDA:105,0,10,0
BRDA:105,e0,11,0
BRDA:112,0,0,2
BRDA:112,e0,1,0
BRDA:112,0,2,0
BRDA:112,0,3,2
BRDA:112,0,4,0
BRDA:112,e0,5,0
BRDA:112,0,6,0
BRDA:112,e0,7,0
BRDA:112,0,8,0
BRDA:112,e0,9,0
BRDA:112,0,10,0
BRDA:112,e0,11,0
BRDA:118,0,0,2
BRDA:118,e0,1,0
BRDA:118,0,2,0
BRDA:118,0,3,2
BRDA:118,0,4,0
BRDA:118,e0,5,0
BRDA:118,0,6,0
BRDA:118,e0,7,0
BRDA:118,0,8,0
BRDA:118,e0,9,0
BRDA:118,0,10,0
BRDA:118,e0,11,0
BRDA:139,0,0,2
BRDA:139,e0,1,0
BRDA:139,0,2,0
BRDA:139,0,3,2
BRDA:139,0,4,0
BRDA:139,e0,5,0
BRDA:139,0,6,0
BRDA:139,e0,7,0
BRDA:139,0,8,0
BRDA:139,e0,9,0
BRDA:148,0,0,2
BRDA:148,e0,1,0
BRDA:148,0,2,0
BRDA:148,0,3,2
BRDA:148,0,4,0
BRDA:148,e0,5,0
BRDA:148,0,6,0
BRDA:148,e0,7,0
BRDA:148,0,8,0
BRDA:148,e0,9,0
BRDA:162,0,0,2
BRDA:162,e0,1,0
BRDA:162,0,2,2
BRDA:162,e0,3,0
BRDA:162,0,4,0
BRDA:162,0,5,2
BRDA:162,0,6,0
BRDA:162,e0,7,0
BRDA:162,0,8,0
BRDA:162,e0,9,0
BRDA:162,0,10,0
BRDA:162,e0,11,0
BRDA:167,0,0,2
BRDA:167,e0,1,0
BRDA:167,0,2,2
BRDA:167,e0,3,0
BRDA:167,0,4,0
BRDA:167,0,5,2
BRDA:167,0,6,0
BRDA:167,e0,7,0
BRDA:167,0,8,0
BRDA:167,e0,9,0
BRDA:167,0,10,0
BRDA:167,e0,11,0
BRDA:173,0,0,2
BRDA:173,e0,1,0
BRDA:174,0,0,0
BRDA:174,0,1,2
BRDA:174,0,2,0
BRDA:174,e0,3,0
BRDA:174,0,4,0
BRDA:174,e0,5,0
BRDA:174,0,6,0
BRDA:174,e0,7,0
BRDA:174,0,8,0
BRDA:174,e0,9,0
BRDA:182,0,0,2
BRDA:182,e0,1,0
BRDA:182,0,2,2
BRDA:182,e0,3,0
BRDA:182,0,4,0
BRDA:182,0,5,2
BRDA:182,0,6,0
BRDA:182,e0,7,0
BRDA:182,0,8,0
BRDA:182,e0,9,0
BRDA:182,0,10,0
BRDA:182,e0,11,0
BRDA:187,0,0,120
BRDA:187,0,1,2
BRDA:191,0,0,2
BRDA:191,e0,1,0
BRDA:191,0,2,0
BRDA:191,0,3,2
BRDA:191,0,4,0
BRDA:191,e0,5,0
BRDA:191,0,6,0
BRDA:191,e0,7,0
BRDA:191,0,8,0
BRDA:191,e0,9,0
BRDA:197,0,0,2
BRDA:197,e0,1,0
BRDA:197,0,2,2
BRDA:197,e0,3,0
BRDA:197,0,4,0
BRDA:197,0,5,2
BRDA:197,0,6,0
BRDA:197,e0,7,0
BRDA:197,0,8,0
BRDA:197,e0,9,0
BRDA:197,0,10,0
BRDA:197,e0,11,0
BRDA:199,0,0,2
BRDA:199,e0,1,0
BRDA:199,0,2,2
BRDA:199,e0,3,0
BRDA:199,0,4,0
BRDA:199,0,5,2
BRDA:199,0,6,0
BRDA:199,e0,7,0
BRDA:199,0,8,0
BRDA:199,e0,9,0
BRDA:199,0,10,0
BRDA:199,e0,11,0
BRDA:206,0,0,2
BRDA:206,e0,1,0
BRDA:206,0,2,0
BRDA:206,0,3,2
BRDA:206,0,4,0
BRDA:206,e0,5,0
BRDA:206,0,6,0
BRDA:206,e0,7,0
BRDA:206,0,8,0
BRDA:206,e0,9,0
BRDA:219,0,0,2
BRDA:219,e0,1,0
BRDA:219,0,2,0
BRDA:219,0,3,2
BRDA:219,0,4,0
BRDA:219,e0,5,0
BRDA:219,0,6,0
BRDA:219,e0,7,0
BRDA:219,0,8,0
BRDA:219,e0,9,0
BRDA:225,0,0,2
BRDA:225,e0,1,0
BRDA:231,0,0,2
BRDA:231,e0,1,0
BRDA:232,0,0,2
BRDA:232,e0,1,0
BRDA:232,0,2,0
BRDA:232,0,3,2
BRDA:232,0,4,0
BRDA:232,e0,5,0
BRDA:232,0,6,0
BRDA:232,e0,7,0
BRDA:232,0,8,0
BRDA:232,e0,9,0
BRDA:239,0,0,2
BRDA:239,e0,1,0
BRDA:242,0,0,2
BRDA:242,e0,1,0
BRDA:243,0,0,2
BRDA:243,e0,1,0
BRDA:243,0,2,0
BRDA:243,0,3,2
BRDA:243,0,4,0
BRDA:243,e0,5,0
BRDA:243,0,6,0
BRDA:243,e0,7,0
BRDA:243,0,8,0
BRDA:243,e0,9,0
BRDA:244,0,0,0
BRDA:244,0,1,2
BRDA:244,0,2,0
BRDA:244,e0,3,0
BRDA:244,0,4,0
BRDA:244,e0,5,0
BRDA:244,0,6,0
BRDA:244,e0,7,0
BRDA:244,0,8,0
BRDA:244,e0,9,0
BRF:324
BRH:73
DA:10,60
DA:11,60
DA:12,60
DA:13,60
DA:14,60
DA:25,8
DA:26,2
DA:27,2
DA:28,2
DA:31,8
DA:32,2
DA:33,2
DA:34,2
DA:37,8
DA:38,2
DA:39,2
DA:40,2
DA:45,8
DA:46,2
DA:47,2
DA:48,2
DA:49,2
DA:50,2
DA:53,8
DA:54,2
DA:55,2
DA:58,8
DA:59,2
DA:60,2
DA:61,2
DA:62,2
DA:65,8
DA:66,2
DA:67,2
DA:68,2
DA:69,2
DA:70,2
DA:73,8
DA:74,2
DA:75,2
DA:76,2
DA:77,2
DA:78,2
DA:79,2
DA:82,8
DA:83,2
DA:84,2
DA:85,2
DA:86,2
DA:87,2
DA:88,2
DA:89,2
DA:90,2
DA:91,2
DA:96,8
DA:97,2
DA:98,2
DA:99,2
DA:102,8
DA:103,2
DA:104,2
DA:105,2
DA:106,2
DA:109,8
DA:110,2
DA:111,2
DA:112,2
DA:113,2
DA:116,8
DA:117,2
DA:118,2
DA:119,2
DA:122,8
DA:123,2
DA:124,2
DA:125,2
DA:126,2
DA:127,2
DA:130,8
DA:131,2
DA:132,2
DA:133,2
DA:135,2
DA:136,2
DA:137,2
DA:139,2
DA:140,2
DA:145,8
DA:146,2
DA:147,2
DA:148,2
DA:149,2
DA:152,8
DA:153,2
DA:154,2
DA:156,2
DA:157,2
DA:158,2
DA:161,8
DA:162,2
DA:163,2
DA:166,8
DA:167,2
DA:168,2
DA:171,8
DA:172,2
DA:173,2
DA:174,2
DA:175,2
DA:178,8
DA:179,2
DA:180,2
DA:181,2
DA:182,2
DA:183,2
DA:186,8
DA:187,122
DA:188,120
DA:189,120
DA:191,2
DA:192,2
DA:195,8
DA:196,2
DA:197,2
DA:198,2
DA:199,2
DA:200,2
DA:203,8
DA:204,2
DA:205,2
DA:206,2
DA:207,2
DA:210,8
DA:211,2
DA:212,2
DA:213,2
DA:216,8
DA:217,2
DA:218,2
DA:219,2
DA:220,2
DA:223,8
DA:224,2
DA:225,2
DA:226,2
DA:229,8
DA:230,2
DA:231,2
DA:232,2
DA:233,2
DA:236,8
DA:237,2
DA:238,2
DA:239,2
DA:240,2
DA:242,2
DA:243,2
DA:244,2
DA:245,2
DA:250,8
DA:251,2
DA:252,2
DA:253,2
DA:254,2
LF:164
LH:164
end_of_record
TN:
SF:/usr/include/c++/13/bits/alloc_traits.h
FNF:0
FNH:0
DA:482,680
DA:517,126
DA:576,752
DA:588,60
LF:4
LH:4
end_of_record
TN:
SF:/usr/include/c++/13/bits/allocator.h
FNF:0
FNH:0
BRDA:191,0,0,0
BRDA:191,0,1,680
BRDA:193,0,0,-
BRDA:193,0,1,-
BRDA:205,0,0,0
BRDA:205,0,1,126
BRF:6
BRH:2
DA:163,0
DA:168,180
DA:184,60
DA:191,680
DA:193,0
DA:194,0
DA:195,0
DA:198,680
DA:205,126
DA:207,0
DA:208,0
DA:210,126
LF:12
LH:6
end_of_record
TN:
SF:/usr/include/c++/13/bits/basic_string.h
FN:1071,1072,_ZNKSt7__cxx1112basic_stringIcSt11char_traitsIcESaIcEE4sizeEv
FN:1078,1079,_ZNKSt7__cxx1112basic_stringIcSt11char_traitsIcESaIcEE6lengthEv
FN:1084,1085,_ZNKSt7__cxx1112basic_stringIcSt11char_traitsIcESaIcEE8max_sizeEv
FN:1169,1173,_ZNKSt7__cxx1112basic_stringIcSt11char_traitsIcESaIcEE8capacityEv
FN:124,137,_ZNSt7__cxx1112basic_stringIcSt11char_traitsIcESaIcEE11_S_allocateERS3_m
FN:1469,1475,_ZNSt7__cxx1112basic_stringIcSt11char_traitsIcESaIcEE6appendEPKc
FN:188,189,_ZNSt7__cxx1112basic_stringIcSt11char_traitsIcESaIcEE12_Alloc_hiderC2EPcRKS3_
FN:192,193,_ZNSt7__cxx1112basic_stringIcSt11char_traitsIcESaIcEE12_Alloc_hiderC2EPcOS3_
FN:212,213,_ZNSt7__cxx1112basic_stringIcSt11char_traitsIcESaIcEE7_M_dataEPc
FN:217,218,_ZNSt7__cxx1112basic_stringIcSt11char_traitsIcESaIcEE9_M_lengthEm
FN:222,223,_ZNKSt7__cxx1112basic_stringIcSt11char_traitsIcESaIcEE7_M_dataEv
FN:227,234,_ZNSt7__cxx1112basic_stringIcSt11char_traitsIcESaIcEE13_M_local_dataEv
FN:238,245,_ZNKSt7__cxx1112basic_stringIcSt11char_traitsIcESaIcEE13_M_local_dataEv
FN:249,250,_ZNSt7__cxx1112basic_stringIcSt11char_traitsIcESaIcEE11_M_capacityEm
FN:254,258,_ZNSt7__cxx1112basic_stringIcSt11char_traitsIcESaIcEE13_M_set_lengthEm
FN:2595,2596,_ZNKSt7__cxx1112basic_stringIcSt11char_traitsIcESaIcEE5c_strEv
FN:262,271,_ZNKSt7__cxx1112basic_stringIcSt11char_traitsIcESaIcEE11_M_is_localEv
FN:280,284,_ZNSt7__cxx1112basic_stringIcSt11char_traitsIcESaIcEE10_M_disposeEv
FN:288,289,_ZNSt7__cxx1112basic_stringIcSt11char_traitsIcESaIcEE10_M_destroyEm
FN:336,337,_ZNSt7__cxx1112basic_stringIcSt11char_traitsIcESaIcEE16_M_get_allocatorEv
FN:341,342,_ZNKSt7__cxx1112basic_stringIcSt11char_traitsIcESaIcEE16_M_get_allocatorEv
FN:397,401,_ZNKSt7__cxx1112basic_stringIcSt11char_traitsIcESaIcEE15_M_check_lengthEmmPKc
FN:425,431,_ZNSt7__cxx1112basic_stringIcSt11char_traitsIcESaIcEE7_S_copyEPcPKcm
FN:477,478,_ZNSt7__cxx1112basic_stringIcSt11char_traitsIcESaIcEE13_S_copy_charsEPcS5_S5_
FN:482,484,_ZNSt7__cxx1112basic_stringIcSt11char_traitsIcESaIcEE13_S_copy_charsEPcPKcS7_
FN:522,528,_ZNSt7__cxx1112basic_stringIcSt11char_traitsIcESaIcEEC2Ev
FN:547,553,_ZNSt7__cxx1112basic_stringIcSt11char_traitsIcESaIcEEC2ERKS4_
FN:641,650,_ZNSt7__cxx1112basic_stringIcSt11char_traitsIcESaIcEEC2IS3_EEPKcRKS3_
FN:803,804,_ZNSt7__cxx1112basic_stringIcSt11char_traitsIcESaIcEED2Ev
FNDA:416,_ZNKSt7__cxx1112basic_stringIcSt11char_traitsIcESaIcEE4sizeEv
FNDA:284,_ZNKSt7__cxx1112basic_stringIcSt11char_traitsIcESaIcEE6lengthEv
FNDA:752,_ZNKSt7__cxx1112basic_stringIcSt11char_traitsIcESaIcEE8max_sizeEv
FNDA:320,_ZNKSt7__cxx1112basic_stringIcSt11char_traitsIcESaIcEE8capacityEv
FNDA:680,_ZNSt7__cxx1112basic_stringIcSt11char_traitsIcESaIcEE11_S_allocateERS3_m
FNDA:0,_ZNSt7__cxx1112basic_stringIcSt11char_traitsIcESaIcEE6appendEPKc
FNDA:60,_ZNSt7__cxx1112basic_stringIcSt11char_traitsIcESaIcEE12_Alloc_hiderC2EPcRKS3_
FNDA:60,_ZNSt7__cxx1112basic_stringIcSt11char_traitsIcESaIcEE12_Alloc_hiderC2EPcOS3_
FNDA:232,_ZNSt7__cxx1112basic_stringIcSt11char_traitsIcESaIcEE7_M_dataEPc
FNDA:328,_ZNSt7__cxx1112basic_stringIcSt11char_traitsIcESaIcEE9_M_lengthEm
FNDA:1494,_ZNKSt7__cxx1112basic_stringIcSt11char_traitsIcESaIcEE7_M_dataEv
FNDA:120,_ZNSt7__cxx1112basic_stringIcSt11char_traitsIcESaIcEE13_M_local_dataEv
FNDA:592,_ZNKSt7__cxx1112basic_stringIcSt11char_traitsIcESaIcEE13_M_local_dataEv
FNDA:232,_ZNSt7__cxx1112basic_stringIcSt11char_traitsIcESaIcEE11_M_capacityEm
FNDA:328,_ZNSt7__cxx1112basic_stringIcSt11char_traitsIcESaIcEE13_M_set_lengthEm
FNDA:0,_ZNKSt7__cxx1112basic_stringIcSt11char_traitsIcESaIcEE5c_strEv
FNDA:592,_ZNKSt7__cxx1112basic_stringIcSt11char_traitsIcESaIcEE11_M_is_localEv
FNDA:272,_ZNSt7__cxx1112basic_stringIcSt11char_traitsIcESaIcEE10_M_disposeEv
FNDA:126,_ZNSt7__cxx1112basic_stringIcSt11char_traitsIcESaIcEE10_M_destroyEm
FNDA:806,_ZNSt7__cxx1112basic_stringIcSt11char_traitsIcESaIcEE16_M_get_allocatorEv
FNDA:812,_ZNKSt7__cxx1112basic_stringIcSt11char_traitsIcESaIcEE16_M_get_allocatorEv
FNDA:0,_ZNKSt7__cxx1112basic_stringIcSt11char_traitsIcESaIcEE15_M_check_lengthEmmPKc
FNDA:440,_ZNSt7__cxx1112basic_stringIcSt11char_traitsIcESaIcEE7_S_copyEPcPKcm
FNDA:60,_ZNSt7__cxx1112basic_stringIcSt11char_traitsIcESaIcEE13_S_copy_charsEPcS5_S5_
FNDA:60,_ZNSt7__cxx1112basic_stringIcSt11char_traitsIcESaIcEE13_S_copy_charsEPcPKcS7_
FNDA:0,_ZNSt7__cxx1112basic_stringIcSt11char_traitsIcESaIcEEC2Ev
FNDA:60,_ZNSt7__cxx1112basic_stringIcSt11char_traitsIcESaIcEEC2ERKS4_
FNDA:60,_ZNSt7__cxx1112basic_stringIcSt11char_traitsIcESaIcEEC2IS3_EEPKcRKS3_
FNDA:136,_ZNSt7__cxx1112basic_stringIcSt11char_traitsIcESaIcEED2Ev
FNF:29
FNH:25
BRDA:264,0,0,466
BRDA:264,0,1,126
BRDA:266,0,0,0
BRDA:266,0,1,466
BRDA:282,0,0,126
BRDA:282,0,1,146
BRDA:351,0,0,-
BRDA:351,0,1,-
BRDA:351,0,2,-
BRDA:351,0,3,-
BRDA:351,0,4,-
BRDA:351,0,5,-
BRDA:352,0,0,-
BRDA:352,0,1,-
BRDA:352,0,2,-
BRDA:352,0,3,-
BRDA:352,0,4,-
BRDA:352,0,5,-
BRDA:399,0,0,-
BRDA:399,0,1,-
BRDA:427,0,0,74
BRDA:427,0,1,366
BRDA:551,0,0,60
BRDA:551,e0,1,0
BRDA:645,0,0,0
BRDA:645,0,1,60
BRDA:648,0,0,60
BRDA:648,e0,1,0
BRDA:649,0,0,60
BRDA:649,e0,1,0
BRDA:1171,0,0,320
BRDA:1171,0,1,0
BRF:32
BRH:12
DA:124,680
DA:126,680
DA:136,680
DA:188,60
DA:189,60
DA:192,60
DA:193,60
DA:212,232
DA:213,232
DA:217,328
DA:218,328
DA:222,1494
DA:223,1494
DA:227,120
DA:230,120
DA:238,592
DA:241,592
DA:249,232
DA:250,232
DA:254,328
DA:256,328
DA:257,328
DA:258,328
DA:262,592
DA:264,592
DA:266,466
DA:267,0
DA:268,466
DA:270,126
DA:280,272
DA:282,272
DA:283,126
DA:284,272
DA:288,126
DA:289,126
DA:336,806
DA:337,806
DA:341,812
DA:342,812
DA:351,0
DA:352,0
DA:353,0
DA:355,0
DA:397,0
DA:399,0
DA:400,0
DA:401,0
DA:425,440
DA:427,440
DA:428,74
DA:430,366
DA:431,440
DA:477,60
DA:478,60
DA:482,60
DA:484,60
DA:522,0
DA:524,0
DA:527,0
DA:528,0
DA:547,60
DA:548,60
DA:549,60
DA:551,60
DA:553,60
DA:641,60
DA:642,60
DA:645,60
DA:646,0
DA:648,60
DA:649,60
DA:650,60
DA:803,136
DA:804,136
DA:1071,416
DA:1072,416
DA:1078,284
DA:1079,284
DA:1084,752
DA:1085,1504
DA:1169,320
DA:1171,320
DA:1172,320
DA:1469,0
DA:1472,0
DA:1473,0
DA:1474,0
DA:2595,0
DA:2596,0
LF:89
LH:69
end_of_record
TN:
SF:/usr/include/c++/13/bits/basic_string.tcc
FN:138,160,_ZNSt7__cxx1112basic_stringIcSt11char_traitsIcESaIcEE9_M_createERmm
FN:221,252,_ZNSt7__cxx1112basic_stringIcSt11char_traitsIcESaIcEE12_M_constructIPKcEEvT_S8_St20forward_iterator_tag
FN:221,252,_ZNSt7__cxx1112basic_stringIcSt11char_traitsIcESaIcEE12_M_constructIPcEEvT_S7_St20forward_iterator_tag
FN:239,239,_ZZNSt7__cxx1112basic_stringIcSt11char_traitsIcESaIcEE12_M_constructIPKcEEvT_S8_St20forward_iterator_tagEN6_GuardC2EPS4_
FN:239,239,_ZZNSt7__cxx1112basic_stringIcSt11char_traitsIcESaIcEE12_M_constructIPcEEvT_S7_St20forward_iterator_tagEN6_GuardC2EPS4_
FN:242,242,_ZZNSt7__cxx1112basic_stringIcSt11char_traitsIcESaIcEE12_M_constructIPKcEEvT_S8_St20forward_iterator_tagEN6_GuardD2Ev
FN:242,242,_ZZNSt7__cxx1112basic_stringIcSt11char_traitsIcESaIcEE12_M_constructIPcEEvT_S7_St20forward_iterator_tagEN6_GuardD2Ev
FN:325,345,_ZNSt7__cxx1112basic_stringIcSt11char_traitsIcESaIcEE9_M_mutateEmmPKcm
FN:413,428,_ZNSt7__cxx1112basic_stringIcSt11char_traitsIcESaIcEE9_M_appendEPKcm
FNDA:680,_ZNSt7__cxx1112basic_stringIcSt11char_traitsIcESaIcEE9_M_createERmm
FNDA:60,_ZNSt7__cxx1112basic_stringIcSt11char_traitsIcESaIcEE12_M_constructIPKcEEvT_S8_St20forward_iterator_tag
FNDA:60,_ZNSt7__cxx1112basic_stringIcSt11char_traitsIcESaIcEE12_M_constructIPcEEvT_S7_St20forward_iterator_tag
FNDA:60,_ZZNSt7__cxx1112basic_stringIcSt11char_traitsIcESaIcEE12_M_constructIPKcEEvT_S8_St20forward_iterator_tagEN6_GuardC2EPS4_
FNDA:60,_ZZNSt7__cxx1112basic_stringIcSt11char_traitsIcESaIcEE12_M_constructIPcEEvT_S7_St20forward_iterator_tagEN6_GuardC2EPS4_
FNDA:60,_ZZNSt7__cxx1112basic_stringIcSt11char_traitsIcESaIcEE12_M_constructIPKcEEvT_S8_St20forward_iterator_tagEN6_GuardD2Ev
FNDA:60,_ZZNSt7__cxx1112basic_stringIcSt11char_traitsIcESaIcEE12_M_constructIPcEEvT_S7_St20forward_iterator_tagEN6_GuardD2Ev
FNDA:112,_ZNSt7__cxx1112basic_stringIcSt11char_traitsIcESaIcEE9_M_mutateEmmPKcm
FNDA:208,_ZNSt7__cxx1112basic_stringIcSt11char_traitsIcESaIcEE9_M_appendEPKcm
FNF:9
FNH:9
BRDA:143,0,0,0
BRDA:143,0,1,680
BRDA:149,0,0,680
BRDA:149,0,1,0
BRDA:149,0,2,72
BRDA:149,0,3,608
BRDA:153,0,0,0
BRDA:153,0,1,72
BRDA:227,0,0,120
BRDA:227,0,1,0
BRDA:229,0,0,120
BRDA:229,e0,1,0
BRDA:242,0,0,0
BRDA:242,0,1,120
BRDA:332,0,0,112
BRDA:332,e0,1,0
BRDA:334,0,0,60
BRDA:334,0,1,52
BRDA:335,0,0,60
BRDA:335,e0,1,0
BRDA:336,0,0,112
BRDA:336,0,1,0
BRDA:336,0,2,112
BRDA:336,0,3,0
BRDA:337,0,0,112
BRDA:337,e0,1,0
BRDA:338,0,0,0
BRDA:338,0,1,112
BRDA:340,0,0,-
BRDA:340,e0,1,-
BRDA:342,0,0,112
BRDA:342,e0,1,0
BRDA:418,0,0,148
BRDA:418,0,1,60
BRDA:420,0,0,148
BRDA:420,0,1,0
BRF:36
BRH:20
DA:138,680
DA:143,680
DA:144,0
DA:149,680
DA:151,72
DA:153,72
DA:154,0
DA:159,680
DA:221,120
DA:225,120
DA:227,120
DA:229,120
DA:230,120
DA:239,120
DA:242,120
DA:245,120
DA:247,120
DA:249,120
DA:251,120
DA:252,120
DA:325,112
DA:329,112
DA:331,112
DA:332,112
DA:334,112
DA:335,60
DA:336,112
DA:337,112
DA:338,112
DA:339,0
DA:340,0
DA:342,112
DA:343,112
DA:344,112
DA:345,112
DA:413,208
DA:416,208
DA:418,208
DA:420,148
DA:421,148
DA:424,60
DA:426,208
DA:427,208
LF:43
LH:39
end_of_record
TN:
SF:/usr/include/c++/13/bits/char_traits.h
FN:136,137,_ZN9__gnu_cxx11char_traitsIcE2eqERKcS3_
FN:199,206,_ZN9__gnu_cxx11char_traitsIcE6lengthEPKc
FN:253,268,_ZN9__gnu_cxx11char_traitsIcE4copyEPcPKcm
FN:351,359,_ZNSt11char_traitsIcE6assignERcRKc
FN:393,400,_ZNSt11char_traitsIcE6lengthEPKc
FN:427,436,_ZNSt11char_traitsIcE4copyEPcPKcm
FNDA:0,_ZN9__gnu_cxx11char_traitsIcE2eqERKcS3_
FNDA:0,_ZN9__gnu_cxx11char_traitsIcE6lengthEPKc
FNDA:0,_ZN9__gnu_cxx11char_traitsIcE4copyEPcPKcm
FNDA:402,_ZNSt11char_traitsIcE6assignERcRKc
FNDA:60,_ZNSt11char_traitsIcE6lengthEPKc
FNDA:366,_ZNSt11char_traitsIcE4copyEPcPKcm
FNF:6
FNH:3
BRDA:203,0,0,-
BRDA:203,0,1,-
BRDA:256,0,0,-
BRDA:256,0,1,-
BRDA:259,0,0,-
BRDA:259,0,1,-
BRDA:261,0,0,-
BRDA:261,0,1,-
BRDA:354,0,0,0
BRDA:354,0,1,402
BRDA:396,0,0,0
BRDA:396,0,1,60
BRDA:429,0,0,0
BRDA:429,0,1,366
BRDA:432,0,0,0
BRDA:432,0,1,366
BRF:16
BRH:4
DA:136,0
DA:137,0
DA:199,0
DA:202,0
DA:203,0
DA:204,0
DA:205,0
DA:253,0
DA:256,0
DA:257,0
DA:259,0
DA:261,0
DA:262,0
DA:263,0
DA:266,0
DA:267,0
DA:351,402
DA:354,402
DA:355,0
DA:358,402
DA:359,402
DA:393,60
DA:396,60
DA:397,0
DA:399,60
DA:427,366
DA:429,366
DA:430,0
DA:432,366
DA:433,0
DA:435,366
LF:31
LH:11
end_of_record
TN:
SF:/usr/include/c++/13/bits/ios_base.h
FN:732,733,_ZNKSt8ios_base9precisionEv
FN:741,746,_ZNSt8ios_base9precisionEl
FNDA:0,_ZNKSt8ios_base9precisionEv
FNDA:0,_ZNSt8ios_base9precisionEl
FNF:2
FNH:0
DA:732,0
DA:733,0
DA:741,0
DA:743,0
DA:744,0
DA:745,0
LF:6
LH:0
end_of_record
TN:
SF:/usr/include/c++/13/bits/move.h
FN:138,139,_ZSt9addressofIKcEPT_RS1_
FN:138,139,_ZSt9addressofIcEPT_RS0_
FN:51,52,_ZSt11__addressofIKcEPT_RS1_
FN:51,52,_ZSt11__addressofIcEPT_RS0_
FN:70,71,_ZSt7forwardIRKcEOT_RNSt16remove_referenceIS2_E4typeE
FN:70,71,_ZSt7forwardISt14default_deleteINSt7__cxx1112basic_stringIcSt11char_traitsIcESaIcEEEEEOT_RNSt16remove_referenceIS8_E4typeE
FN:97,98,_ZSt4moveIRPNSt7__cxx1112basic_stringIcSt11char_traitsIcESaIcEEEEONSt16remove_referenceIT_E4typeEOS9_
FN:97,98,_ZSt4moveIRPNSt7__cxx1118basic_stringstreamIcSt11char_traitsIcESaIcEEEEONSt16remove_referenceIT_E4typeEOS9_
FN:97,98,_ZSt4moveIRSaIcEEONSt16remove_referenceIT_E4typeEOS3_
FNDA:592,_ZSt9addressofIKcEPT_RS1_
FNDA:120,_ZSt9addressofIcEPT_RS0_
FNDA:592,_ZSt11__addressofIKcEPT_RS1_
FNDA:120,_ZSt11__addressofIcEPT_RS0_
FNDA:0,_ZSt7forwardIRKcEOT_RNSt16remove_referenceIS2_E4typeE
FNDA:0,_ZSt7forwardISt14default_deleteINSt7__cxx1112basic_stringIcSt11char_traitsIcESaIcEEEEEOT_RNSt16remove_referenceIS8_E4typeE
FNDA:0,_ZSt4moveIRPNSt7__cxx1112basic_stringIcSt11char_traitsIcESaIcEEEEONSt16remove_referenceIT_E4typeEOS9_
FNDA:0,_ZSt4moveIRPNSt7__cxx1118basic_stringstreamIcSt11char_traitsIcESaIcEEEEONSt16remove_referenceIT_E4typeEOS9_
FNDA:60,_ZSt4moveIRSaIcEEONSt16remove_referenceIT_E4typeEOS3_
FNF:9
FNH:5
DA:51,712
DA:52,712
DA:70,0
DA:71,0
DA:97,60
DA:98,60
DA:138,712
DA:139,712
LF:8
LH:6
end_of_record
TN:
SF:/usr/include/c++/13/bits/new_allocator.h
FN:126,152,_ZNSt15__new_allocatorIcE8allocateEmPKv
FN:156,173,_ZNSt15__new_allocatorIcE10deallocateEPcm
FNDA:680,_ZNSt15__new_allocatorIcE8allocateEmPKv
FNDA:126,_ZNSt15__new_allocatorIcE10deallocateEPcm
FNF:2
FNH:2
BRDA:134,0,0,0
BRDA:134,0,1,680
BRF:2
BRH:1
DA:88,0
DA:92,180
DA:126,680
DA:134,680
DA:140,0
DA:151,680
DA:156,126
DA:172,126
DA:233,680
LF:9
LH:7
end_of_record
TN:
SF:/usr/include/c++/13/bits/ptr_traits.h
FN:141,142,_ZNSt19__ptr_traits_ptr_toIPKcS0_Lb0EE10pointer_toERS0_
FN:141,142,_ZNSt19__ptr_traits_ptr_toIPccLb0EE10pointer_toERc
FNDA:592,_ZNSt19__ptr_traits_ptr_toIPKcS0_Lb0EE10pointer_toERS0_
FNDA:120,_ZNSt19__ptr_traits_ptr_toIPccLb0EE10pointer_toERc
FNF:2
FNH:2
DA:141,712
DA:142,712
LF:2
LH:2
end_of_record
TN:
SF:/usr/include/c++/13/bits/stl_construct.h
FN:94,97,_ZSt12construct_atIcJRKcEEDTgsnwcvPvLi0E_T_pispcl7declvalIT0_EEEEPS3_DpOS4_
FNDA:0,_ZSt12construct_atIcJRKcEEDTgsnwcvPvLi0E_T_pispcl7declvalIT0_EEEEPS3_DpOS4_
FNF:1
FNH:0
DA:94,0
DA:97,0
LF:2
LH:0
end_of_record
TN:
SF:/usr/include/c++/13/bits/stl_iterator_base_funcs.h
FNF:0
FNH:0
DA:106,120
DA:151,240
DA:152,240
LF:3
LH:3
end_of_record
TN:
SF:/usr/include/c++/13/bits/stl_iterator_base_types.h
FNF:0
FNH:0
DA:240,120
LF:1
LH:1
end_of_record
TN:
SF:/usr/include/c++/13/bits/unique_ptr.h
FN:1069,1070,_ZSt11make_uniqueINSt7__cxx1112basic_stringIcSt11char_traitsIcESaIcEEEJEENSt8__detail9_MakeUniqIT_E15__single_objectEDpOT0_
FN:174,174,_ZNSt15__uniq_ptr_implINSt7__cxx1112basic_stringIcSt11char_traitsIcESaIcEEESt14default_deleteIS5_EEC2Ev
FN:176,176,_ZNSt15__uniq_ptr_implINSt7__cxx1112basic_stringIcSt11char_traitsIcESaIcEEESt14default_deleteIS5_EEC2EPS5_
FN:189,194,_ZNSt15__uniq_ptr_implINSt7__cxx1112basic_stringIcSt11char_traitsIcESaIcEEESt14default_deleteIS5_EEaSEOS8_
FN:197,197,_ZNSt15__uniq_ptr_implINSt7__cxx1112basic_stringIcSt11char_traitsIcESaIcEEESt14default_deleteIS5_EE6_M_ptrEv
FN:197,197,_ZNSt15__uniq_ptr_implINSt7__cxx1118basic_stringstreamIcSt11char_traitsIcESaIcEEESt14default_deleteIS5_EE6_M_ptrEv
FN:199,199,_ZNKSt15__uniq_ptr_implINSt7__cxx1112basic_stringIcSt11char_traitsIcESaIcEEESt14default_deleteIS5_EE6_M_ptrEv
FN:199,199,_ZNKSt15__uniq_ptr_implINSt7__cxx1118basic_stringstreamIcSt11char_traitsIcESaIcEEESt14default_deleteIS5_EE6_M_ptrEv
FN:201,201,_ZNSt15__uniq_ptr_implINSt7__cxx1112basic_stringIcSt11char_traitsIcESaIcEEESt14default_deleteIS5_EE10_M_deleterEv
FN:201,201,_ZNSt15__uniq_ptr_implINSt7__cxx1118basic_stringstreamIcSt11char_traitsIcESaIcEEESt14default_deleteIS5_EE10_M_deleterEv
FN:206,212,_ZNSt15__uniq_ptr_implINSt7__cxx1112basic_stringIcSt11char_traitsIcESaIcEEESt14default_deleteIS5_EE5resetEPS5_
FN:215,220,_ZNSt15__uniq_ptr_implINSt7__cxx1112basic_stringIcSt11char_traitsIcESaIcEEESt14default_deleteIS5_EE7releaseEv
FN:243,243,_ZNSt15__uniq_ptr_dataINSt7__cxx1112basic_stringIcSt11char_traitsIcESaIcEEESt14default_deleteIS5_ELb1ELb1EEaSEOS8_
FN:304,306,_ZNSt10unique_ptrINSt7__cxx1112basic_stringIcSt11char_traitsIcESaIcEEESt14default_deleteIS5_EEC2IS7_vEEv
FN:317,319,_ZNSt10unique_ptrINSt7__cxx1112basic_stringIcSt11char_traitsIcESaIcEEESt14default_deleteIS5_EEC2IS7_vEEPS5_
FN:398,406,_ZNSt10unique_ptrINSt7__cxx1112basic_stringIcSt11char_traitsIcESaIcEEESt14default_deleteIS5_EED2Ev
FN:398,406,_ZNSt10unique_ptrINSt7__cxx1118basic_stringstreamIcSt11char_traitsIcESaIcEEESt14default_deleteIS5_EED2Ev
FN:414,414,_ZNSt10unique_ptrINSt7__cxx1112basic_stringIcSt11char_traitsIcESaIcEEESt14default_deleteIS5_EEaSEOS8_
FN:451,455,_ZNKSt10unique_ptrINSt7__cxx1118basic_stringstreamIcSt11char_traitsIcESaIcEEESt14default_deleteIS5_EEdeEv
FN:460,464,_ZNKSt10unique_ptrINSt7__cxx1112basic_stringIcSt11char_traitsIcESaIcEEESt14default_deleteIS5_EEptEv
FN:469,470,_ZNKSt10unique_ptrINSt7__cxx1112basic_stringIcSt11char_traitsIcESaIcEEESt14default_deleteIS5_EE3getEv
FN:469,470,_ZNKSt10unique_ptrINSt7__cxx1118basic_stringstreamIcSt11char_traitsIcESaIcEEESt14default_deleteIS5_EE3getEv
FN:475,476,_ZNSt10unique_ptrINSt7__cxx1112basic_stringIcSt11char_traitsIcESaIcEEESt14default_deleteIS5_EE11get_deleterEv
FN:475,476,_ZNSt10unique_ptrINSt7__cxx1118basic_stringstreamIcSt11char_traitsIcESaIcEEESt14default_deleteIS5_EE11get_deleterEv
FN:486,487,_ZNKSt10unique_ptrINSt7__cxx1112basic_stringIcSt11char_traitsIcESaIcEEESt14default_deleteIS5_EEcvbEv
FN:837,838,_ZSteqINSt7__cxx1112basic_stringIcSt11char_traitsIcESaIcEEESt14default_deleteIS5_EEbRKSt10unique_ptrIT_T0_EDn
FN:93,100,_ZNKSt14default_deleteINSt7__cxx1112basic_stringIcSt11char_traitsIcESaIcEEEEclEPS5_
FN:93,100,_ZNKSt14default_deleteINSt7__cxx1118basic_stringstreamIcSt11char_traitsIcESaIcEEEEclEPS5_
FNDA:0,_ZSt11make_uniqueINSt7__cxx1112basic_stringIcSt11char_traitsIcESaIcEEEJEENSt8__detail9_MakeUniqIT_E15__single_objectEDpOT0_
FNDA:24,_ZNSt15__uniq_ptr_implINSt7__cxx1112basic_stringIcSt11char_traitsIcESaIcEEESt14default_deleteIS5_EEC2Ev
FNDA:0,_ZNSt15__uniq_ptr_implINSt7__cxx1112basic_stringIcSt11char_traitsIcESaIcEEESt14default_deleteIS5_EEC2EPS5_
FNDA:0,_ZNSt15__uniq_ptr_implINSt7__cxx1112basic_stringIcSt11char_traitsIcESaIcEEESt14default_deleteIS5_EEaSEOS8_
FNDA:52,_ZNSt15__uniq_ptr_implINSt7__cxx1112basic_stringIcSt11char_traitsIcESaIcEEESt14default_deleteIS5_EE6_M_ptrEv
FNDA:0,_ZNSt15__uniq_ptr_implINSt7__cxx1118basic_stringstreamIcSt11char_traitsIcESaIcEEESt14default_deleteIS5_EE6_M_ptrEv
FNDA:0,_ZNKSt15__uniq_ptr_implINSt7__cxx1112basic_stringIcSt11char_traitsIcESaIcEEESt14default_deleteIS5_EE6_M_ptrEv
FNDA:0,_ZNKSt15__uniq_ptr_implINSt7__cxx1118basic_stringstreamIcSt11char_traitsIcESaIcEEESt14default_deleteIS5_EE6_M_ptrEv
FNDA:0,_ZNSt15__uniq_ptr_implINSt7__cxx1112basic_stringIcSt11char_traitsIcESaIcEEESt14default_deleteIS5_EE10_M_deleterEv
FNDA:0,_ZNSt15__uniq_ptr_implINSt7__cxx1118basic_stringstreamIcSt11char_traitsIcESaIcEEESt14default_deleteIS5_EE10_M_deleterEv
FNDA:0,_ZNSt15__uniq_ptr_implINSt7__cxx1112basic_stringIcSt11char_traitsIcESaIcEEESt14default_deleteIS5_EE5resetEPS5_
FNDA:0,_ZNSt15__uniq_ptr_implINSt7__cxx1112basic_stringIcSt11char_traitsIcESaIcEEESt14default_deleteIS5_EE7releaseEv
FNDA:0,_ZNSt15__uniq_ptr_dataINSt7__cxx1112basic_stringIcSt11char_traitsIcESaIcEEESt14default_deleteIS5_ELb1ELb1EEaSEOS8_
FNDA:24,_ZNSt10unique_ptrINSt7__cxx1112basic_stringIcSt11char_traitsIcESaIcEEESt14default_deleteIS5_EEC2IS7_vEEv
FNDA:0,_ZNSt10unique_ptrINSt7__cxx1112basic_stringIcSt11char_traitsIcESaIcEEESt14default_deleteIS5_EEC2IS7_vEEPS5_
FNDA:52,_ZNSt10unique_ptrINSt7__cxx1112basic_stringIcSt11char_traitsIcESaIcEEESt14default_deleteIS5_EED2Ev
FNDA:0,_ZNSt10unique_ptrINSt7__cxx1118basic_stringstreamIcSt11char_traitsIcESaIcEEESt14default_deleteIS5_EED2Ev
FNDA:0,_ZNSt10unique_ptrINSt7__cxx1112basic_stringIcSt11char_traitsIcESaIcEEESt14default_deleteIS5_EEaSEOS8_
FNDA:0,_ZNKSt10unique_ptrINSt7__cxx1118basic_stringstreamIcSt11char_traitsIcESaIcEEESt14default_deleteIS5_EEdeEv
FNDA:0,_ZNKSt10unique_ptrINSt7__cxx1112basic_stringIcSt11char_traitsIcESaIcEEESt14default_deleteIS5_EEptEv
FNDA:0,_ZNKSt10unique_ptrINSt7__cxx1112basic_stringIcSt11char_traitsIcESaIcEEESt14default_deleteIS5_EE3getEv
FNDA:0,_ZNKSt10unique_ptrINSt7__cxx1118basic_stringstreamIcSt11char_traitsIcESaIcEEESt14default_deleteIS5_EE3getEv
FNDA:0,_ZNSt10unique_ptrINSt7__cxx1112basic_stringIcSt11char_traitsIcESaIcEEESt14default_deleteIS5_EE11get_deleterEv
FNDA:0,_ZNSt10unique_ptrINSt7__cxx1118basic_stringstreamIcSt11char_traitsIcESaIcEEESt14default_deleteIS5_EE11get_deleterEv
FNDA:0,_ZNKSt10unique_ptrINSt7__cxx1112basic_stringIcSt11char_traitsIcESaIcEEESt14default_deleteIS5_EEcvbEv
FNDA:0,_ZSteqINSt7__cxx1112basic_stringIcSt11char_traitsIcESaIcEEESt14default_deleteIS5_EEbRKSt10unique_ptrIT_T0_EDn
FNDA:0,_ZNKSt14default_deleteINSt7__cxx1112basic_stringIcSt11char_traitsIcESaIcEEEEclEPS5_
FNDA:0,_ZNKSt14default_deleteINSt7__cxx1118basic_stringstreamIcSt11char_traitsIcESaIcEEEEclEPS5_
FNF:28
FNH:4
BRDA:99,0,0,-
BRDA:99,0,1,-
BRDA:210,0,0,-
BRDA:210,0,1,-
BRDA:403,0,0,0
BRDA:403,0,1,52
BRDA:453,0,0,-
BRDA:453,0,1,-
BRDA:453,0,2,-
BRDA:453,0,3,-
BRDA:453,0,4,-
BRDA:453,0,5,-
BRF:12
BRH:1
DA:93,0
DA:99,0
DA:100,0
DA:174,24
DA:176,0
DA:189,0
DA:191,0
DA:192,0
DA:193,0
DA:197,52
DA:199,0
DA:201,0
DA:206,0
DA:208,0
DA:209,0
DA:210,0
DA:211,0
DA:212,0
DA:215,0
DA:217,0
DA:218,0
DA:219,0
DA:243,0
DA:304,24
DA:305,24
DA:306,24
DA:317,0
DA:318,0
DA:319,0
DA:398,52
DA:402,52
DA:403,52
DA:404,0
DA:405,52
DA:406,52
DA:414,0
DA:451,0
DA:453,0
DA:454,0
DA:460,0
DA:463,0
DA:469,0
DA:470,0
DA:475,0
DA:476,0
DA:486,0
DA:487,0
DA:837,0
DA:838,0
DA:1069,0
DA:1070,0
LF:51
LH:10
end_of_record
TN:
SF:/usr/include/c++/13/ext/alloc_traits.h
FNF:0
FNH:0
DA:98,60
LF:1
LH:1
end_of_record
TN:
SF:/usr/include/c++/13/iomanip
FN:197,198,_ZSt12setprecisioni
FNDA:0,_ZSt12setprecisioni
FNF:1
FNH:0
DA:197,0
DA:198,0
LF:2
LH:0
end_of_record
TN:
SF:/usr/include/c++/13/new
FN:174,175,_ZnwmPv
FNDA:0,_ZnwmPv
FNF:1
FNH:0
DA:174,0
DA:175,0
LF:2
LH:0
end_of_record
TN:
SF:/usr/include/c++/13/tuple
FN:125,125,_ZNSt10_Head_baseILm1ESt14default_deleteINSt7__cxx1112basic_stringIcSt11char_traitsIcESaIcEEEELb1EE7_M_headERS8_
FN:125,125,_ZNSt10_Head_baseILm1ESt14default_deleteINSt7__cxx1118basic_stringstreamIcSt11char_traitsIcESaIcEEEELb1EE7_M_headERS8_
FN:1317,1319,_ZNSt5tupleIJPNSt7__cxx1112basic_stringIcSt11char_traitsIcESaIcEEESt14default_deleteIS5_EEEC2ILb1ELb1EEEv
FN:1787,1788,_ZSt12__get_helperILm0EPNSt7__cxx1112basic_stringIcSt11char_traitsIcESaIcEEEJSt14default_deleteIS5_EEERT0_RSt11_Tuple_implIXT_EJS9_DpT1_EE
FN:1787,1788,_ZSt12__get_helperILm0EPNSt7__cxx1118basic_stringstreamIcSt11char_traitsIcESaIcEEEJSt14default_deleteIS5_EEERT0_RSt11_Tuple_implIXT_EJS9_DpT1_EE
FN:1787,1788,_ZSt12__get_helperILm1ESt14default_deleteINSt7__cxx1112basic_stringIcSt11char_traitsIcESaIcEEEEJEERT0_RSt11_Tuple_implIXT_EJS8_DpT1_EE
FN:1787,1788,_ZSt12__get_helperILm1ESt14default_deleteINSt7__cxx1118basic_stringstreamIcSt11char_traitsIcESaIcEEEEJEERT0_RSt11_Tuple_implIXT_EJS8_DpT1_EE
FN:1792,1793,_ZSt12__get_helperILm0EPNSt7__cxx1112basic_stringIcSt11char_traitsIcESaIcEEEJSt14default_deleteIS5_EEERKT0_RKSt11_Tuple_implIXT_EJS9_DpT1_EE
FN:1792,1793,_ZSt12__get_helperILm0EPNSt7__cxx1118basic_stringstreamIcSt11char_traitsIcESaIcEEEJSt14default_deleteIS5_EEERKT0_RKSt11_Tuple_implIXT_EJS9_DpT1_EE
FN:1803,1804,_ZSt3getILm0EJPNSt7__cxx1112basic_stringIcSt11char_traitsIcESaIcEEESt14default_deleteIS5_EEERNSt13tuple_elementIXT_ESt5tupleIJDpT0_EEE4typeERSD_
FN:1803,1804,_ZSt3getILm0EJPNSt7__cxx1118basic_stringstreamIcSt11char_traitsIcESaIcEEESt14default_deleteIS5_EEERNSt13tuple_elementIXT_ESt5tupleIJDpT0_EEE4typeERSD_
FN:1803,1804,_ZSt3getILm1EJPNSt7__cxx1112basic_stringIcSt11char_traitsIcESaIcEEESt14default_deleteIS5_EEERNSt13tuple_elementIXT_ESt5tupleIJDpT0_EEE4typeERSD_
FN:1803,1804,_ZSt3getILm1EJPNSt7__cxx1118basic_stringstreamIcSt11char_traitsIcESaIcEEESt14default_deleteIS5_EEERNSt13tuple_elementIXT_ESt5tupleIJDpT0_EEE4typeERSD_
FN:1809,1810,_ZSt3getILm0EJPNSt7__cxx1112basic_stringIcSt11char_traitsIcESaIcEEESt14default_deleteIS5_EEERKNSt13tuple_elementIXT_ESt5tupleIJDpT0_EEE4typeERKSD_
FN:1809,1810,_ZSt3getILm0EJPNSt7__cxx1118basic_stringstreamIcSt11char_traitsIcESaIcEEESt14default_deleteIS5_EEERKNSt13tuple_elementIXT_ESt5tupleIJDpT0_EEE4typeERKSD_
FN:190,191,_ZNSt10_Head_baseILm0EPNSt7__cxx1112basic_stringIcSt11char_traitsIcESaIcEEELb0EEC2Ev
FN:234,234,_ZNSt10_Head_baseILm0EPNSt7__cxx1112basic_stringIcSt11char_traitsIcESaIcEEELb0EE7_M_headERS7_
FN:234,234,_ZNSt10_Head_baseILm0EPNSt7__cxx1118basic_stringstreamIcSt11char_traitsIcESaIcEEELb0EE7_M_headERS7_
FN:237,237,_ZNSt10_Head_baseILm0EPNSt7__cxx1112basic_stringIcSt11char_traitsIcESaIcEEELb0EE7_M_headERKS7_
FN:237,237,_ZNSt10_Head_baseILm0EPNSt7__cxx1118basic_stringstreamIcSt11char_traitsIcESaIcEEELb0EE7_M_headERKS7_
FN:269,269,_ZNSt11_Tuple_implILm0EJPNSt7__cxx1112basic_stringIcSt11char_traitsIcESaIcEEESt14default_deleteIS5_EEE7_M_headERS9_
FN:269,269,_ZNSt11_Tuple_implILm0EJPNSt7__cxx1118basic_stringstreamIcSt11char_traitsIcESaIcEEESt14default_deleteIS5_EEE7_M_headERS9_
FN:272,272,_ZNSt11_Tuple_implILm0EJPNSt7__cxx1112basic_stringIcSt11char_traitsIcESaIcEEESt14default_deleteIS5_EEE7_M_headERKS9_
FN:272,272,_ZNSt11_Tuple_implILm0EJPNSt7__cxx1118basic_stringstreamIcSt11char_traitsIcESaIcEEESt14default_deleteIS5_EEE7_M_headERKS9_
FN:280,281,_ZNSt11_Tuple_implILm0EJPNSt7__cxx1112basic_stringIcSt11char_traitsIcESaIcEEESt14default_deleteIS5_EEEC2Ev
FN:497,497,_ZNSt11_Tuple_implILm1EJSt14default_deleteINSt7__cxx1112basic_stringIcSt11char_traitsIcESaIcEEEEEE7_M_headERS8_
FN:497,497,_ZNSt11_Tuple_implILm1EJSt14default_deleteINSt7__cxx1118basic_stringstreamIcSt11char_traitsIcESaIcEEEEEE7_M_headERS8_
FN:503,504,_ZNSt11_Tuple_implILm1EJSt14default_deleteINSt7__cxx1112basic_stringIcSt11char_traitsIcESaIcEEEEEEC2Ev
FN:81,82,_ZNSt10_Head_baseILm1ESt14default_deleteINSt7__cxx1112basic_stringIcSt11char_traitsIcESaIcEEEELb1EEC2Ev
FNDA:0,_ZNSt10_Head_baseILm1ESt14default_deleteINSt7__cxx1112basic_stringIcSt11char_traitsIcESaIcEEEELb1EE7_M_headERS8_
FNDA:0,_ZNSt10_Head_baseILm1ESt14default_deleteINSt7__cxx1118basic_stringstreamIcSt11char_traitsIcESaIcEEEELb1EE7_M_headERS8_
FNDA:24,_ZNSt5tupleIJPNSt7__cxx1112basic_stringIcSt11char_traitsIcESaIcEEESt14default_deleteIS5_EEEC2ILb1ELb1EEEv
FNDA:52,_ZSt12__get_helperILm0EPNSt7__cxx1112basic_stringIcSt11char_traitsIcESaIcEEEJSt14default_deleteIS5_EEERT0_RSt11_Tuple_implIXT_EJS9_DpT1_EE
FNDA:0,_ZSt12__get_helperILm0EPNSt7__cxx1118basic_stringstreamIcSt11char_traitsIcESaIcEEEJSt14default_deleteIS5_EEERT0_RSt11_Tuple_implIXT_EJS9_DpT1_EE
FNDA:0,_ZSt12__get_helperILm1ESt14default_deleteINSt7__cxx1112basic_stringIcSt11char_traitsIcESaIcEEEEJEERT0_RSt11_Tuple_implIXT_EJS8_DpT1_EE
FNDA:0,_ZSt12__get_helperILm1ESt14default_deleteINSt7__cxx1118basic_stringstreamIcSt11char_traitsIcESaIcEEEEJEERT0_RSt11_Tuple_implIXT_EJS8_DpT1_EE
FNDA:0,_ZSt12__get_helperILm0EPNSt7__cxx1112basic_stringIcSt11char_traitsIcESaIcEEEJSt14default_deleteIS5_EEERKT0_RKSt11_Tuple_implIXT_EJS9_DpT1_EE
FNDA:0,_ZSt12__get_helperILm0EPNSt7__cxx1118basic_stringstreamIcSt11char_traitsIcESaIcEEEJSt14default_deleteIS5_EEERKT0_RKSt11_Tuple_implIXT_EJS9_DpT1_EE
FNDA:52,_ZSt3getILm0EJPNSt7__cxx1112basic_stringIcSt11char_traitsIcESaIcEEESt14default_deleteIS5_EEERNSt13tuple_elementIXT_ESt5tupleIJDpT0_EEE4typeERSD_
FNDA:0,_ZSt3getILm0EJPNSt7__cxx1118basic_stringstreamIcSt11char_traitsIcESaIcEEESt14default_deleteIS5_EEERNSt13tuple_elementIXT_ESt5tupleIJDpT0_EEE4typeERSD_
FNDA:0,_ZSt3getILm1EJPNSt7__cxx1112basic_stringIcSt11char_traitsIcESaIcEEESt14default_deleteIS5_EEERNSt13tuple_elementIXT_ESt5tupleIJDpT0_EEE4typeERSD_
FNDA:0,_ZSt3getILm1EJPNSt7__cxx1118basic_stringstreamIcSt11char_traitsIcESaIcEEESt14default_deleteIS5_EEERNSt13tuple_elementIXT_ESt5tupleIJDpT0_EEE4typeERSD_
FNDA:0,_ZSt3getILm0EJPNSt7__cxx1112basic_stringIcSt11char_traitsIcESaIcEEESt14default_deleteIS5_EEERKNSt13tuple_elementIXT_ESt5tupleIJDpT0_EEE4typeERKSD_
FNDA:0,_ZSt3getILm0EJPNSt7__cxx1118basic_stringstreamIcSt11char_traitsIcESaIcEEESt14default_deleteIS5_EEERKNSt13tuple_elementIXT_ESt5tupleIJDpT0_EEE4typeERKSD_
FNDA:24,_ZNSt10_Head_baseILm0EPNSt7__cxx1112basic_stringIcSt11char_traitsIcESaIcEEELb0EEC2Ev
FNDA:52,_ZNSt10_Head_baseILm0EPNSt7__cxx1112basic_stringIcSt11char_traitsIcESaIcEEELb0EE7_M_headERS7_
FNDA:0,_ZNSt10_Head_baseILm0EPNSt7__cxx1118basic_stringstreamIcSt11char_traitsIcESaIcEEELb0EE7_M_headERS7_
FNDA:0,_ZNSt10_Head_baseILm0EPNSt7__cxx1112basic_stringIcSt11char_traitsIcESaIcEEELb0EE7_M_headERKS7_
FNDA:0,_ZNSt10_Head_baseILm0EPNSt7__cxx1118basic_stringstreamIcSt11char_traitsIcESaIcEEELb0EE7_M_headERKS7_
FNDA:52,_ZNSt11_Tuple_implILm0EJPNSt7__cxx1112basic_stringIcSt11char_traitsIcESaIcEEESt14default_deleteIS5_EEE7_M_headERS9_
FNDA:0,_ZNSt11_Tuple_implILm0EJPNSt7__cxx1118basic_stringstreamIcSt11char_traitsIcESaIcEEESt14default_deleteIS5_EEE7_M_headERS9_
FNDA:0,_ZNSt11_Tuple_implILm0EJPNSt7__cxx1112basic_stringIcSt11char_traitsIcESaIcEEESt14default_deleteIS5_EEE7_M_headERKS9_
FNDA:0,_ZNSt11_Tuple_implILm0EJPNSt7__cxx1118basic_stringstreamIcSt11char_traitsIcESaIcEEESt14default_deleteIS5_EEE7_M_headERKS9_
FNDA:24,_ZNSt11_Tuple_implILm0EJPNSt7__cxx1112basic_stringIcSt11char_traitsIcESaIcEEESt14default_deleteIS5_EEEC2Ev
FNDA:0,_ZNSt11_Tuple_implILm1EJSt14default_deleteINSt7__cxx1112basic_stringIcSt11char_traitsIcESaIcEEEEEE7_M_headERS8_
FNDA:0,_ZNSt11_Tuple_implILm1EJSt14default_deleteINSt7__cxx1118basic_stringstreamIcSt11char_traitsIcESaIcEEEEEE7_M_headERS8_
FNDA:24,_ZNSt11_Tuple_implILm1EJSt14default_deleteINSt7__cxx1112basic_stringIcSt11char_traitsIcESaIcEEEEEEC2Ev
FNDA:24,_ZNSt10_Head_baseILm1ESt14default_deleteINSt7__cxx1112basic_stringIcSt11char_traitsIcESaIcEEEELb1EEC2Ev
FNF:29
FNH:9
DA:81,24
DA:82,24
DA:125,0
DA:190,24
DA:191,24
DA:234,52
DA:237,0
DA:269,52
DA:272,0
DA:280,24
DA:281,24
DA:497,0
DA:503,24
DA:504,24
DA:1317,24
DA:1319,24
DA:1787,52
DA:1788,52
DA:1792,0
DA:1793,0
DA:1803,52
DA:1804,52
DA:1809,0
DA:1810,0
LF:24
LH:16
end_of_record
TN:
SF:/usr/include/c++/13/type_traits
FN:3649,3656,_ZSt21is_constant_evaluatedv
FNDA:0,_ZSt21is_constant_evaluatedv
FNF:1
FNH:0
DA:3649,0
DA:3654,0
LF:2
LH:0
end_of_record
TN:
SF:/usr/include/gtest/gtest-assertion-result.h
FN:155,161,_ZN7testing15AssertionResultC2IbEERKT_PNSt9enable_ifIXntsrSt14is_convertibleIS2_S0_E5valueEvE4typeE
FN:174,174,_ZNK7testing15AssertionResultcvbEv
FN:183,185,_ZNK7testing15AssertionResult7messageEv
FN:187,187,_ZNK7testing15AssertionResult15failure_messageEv
FN:191,194,_ZN7testing15AssertionResultlsIA12_cEERS0_RKT_
FN:191,194,_ZN7testing15AssertionResultlsIA3_cEERS0_RKT_
FN:191,194,_ZN7testing15AssertionResultlsIA5_cEERS0_RKT_
FN:191,194,_ZN7testing15AssertionResultlsINSt7__cxx1112basic_stringIcSt11char_traitsIcESaIcEEEEERS0_RKT_
FN:191,194,_ZN7testing15AssertionResultlsIPKcEERS0_RKT_
FN:206,209,_ZN7testing15AssertionResult13AppendMessageERKNS_7MessageE
FNDA:24,_ZN7testing15AssertionResultC2IbEERKT_PNSt9enable_ifIXntsrSt14is_convertibleIS2_S0_E5valueEvE4typeE
FNDA:52,_ZNK7testing15AssertionResultcvbEv
FNDA:0,_ZNK7testing15AssertionResult7messageEv
FNDA:0,_ZNK7testing15AssertionResult15failure_messageEv
FNDA:0,_ZN7testing15AssertionResultlsIA12_cEERS0_RKT_
FNDA:0,_ZN7testing15AssertionResultlsIA3_cEERS0_RKT_
FNDA:0,_ZN7testing15AssertionResultlsIA5_cEERS0_RKT_
FNDA:0,_ZN7testing15AssertionResultlsINSt7__cxx1112basic_stringIcSt11char_traitsIcESaIcEEEEERS0_RKT_
FNDA:0,_ZN7testing15AssertionResultlsIPKcEERS0_RKT_
FNDA:0,_ZN7testing15AssertionResult13AppendMessageERKNS_7MessageE
FNF:10
FNH:2
BRDA:184,0,0,-
BRDA:184,0,1,-
BRDA:192,0,0,-
BRDA:192,e0,1,-
BRDA:192,0,2,-
BRDA:192,e0,3,-
BRDA:192,0,4,-
BRDA:192,e0,5,-
BRDA:207,0,0,-
BRDA:207,0,1,-
BRDA:207,0,2,-
BRDA:207,e0,3,-
BRDA:208,0,0,-
BRDA:208,e0,1,-
BRDA:208,0,2,-
BRDA:208,e0,3,-
BRF:16
BRH:0
DA:155,24
DA:161,24
DA:174,52
DA:183,0
DA:184,0
DA:187,0
DA:191,0
DA:192,0
DA:193,0
DA:206,0
DA:207,0
DA:208,0
DA:209,0
LF:13
LH:3
end_of_record
TN:
SF:/usr/include/gtest/gtest-message.h
FN:132,150,_ZN7testing7MessagelsIA12_cEERS0_RKT_
FN:132,150,_ZN7testing7MessagelsIA3_cEERS0_RKT_
FN:132,150,_ZN7testing7MessagelsIA5_cEERS0_RKT_
FN:132,150,_ZN7testing7MessagelsINSt7__cxx1112basic_stringIcSt11char_traitsIcESaIcEEEEERS0_RKT_
FN:182,189,_ZN7testing7MessagelsIKcEERS0_RKPT_
FNDA:0,_ZN7testing7MessagelsIA12_cEERS0_RKT_
FNDA:0,_ZN7testing7MessagelsIA3_cEERS0_RKT_
FNDA:0,_ZN7testing7MessagelsIA5_cEERS0_RKT_
FNDA:0,_ZN7testing7MessagelsINSt7__cxx1112basic_stringIcSt11char_traitsIcESaIcEEEEERS0_RKT_
FNDA:0,_ZN7testing7MessagelsIKcEERS0_RKPT_
FNF:5
FNH:0
BRDA:183,0,0,-
BRDA:183,0,1,-
BRF:2
BRH:0
DA:132,0
DA:148,0
DA:149,0
DA:182,0
DA:183,0
DA:184,0
DA:186,0
DA:188,0
LF:8
LH:0
end_of_record
TN:
SF:/usr/include/gtest/gtest-printers.h
FN:1108,1113,_ZN7testing8internal14UniversalPrintIP12InfusionModeEEvRKT_PSo
FN:1108,1113,_ZN7testing8internal14UniversalPrintIP14LinearRampModeEEvRKT_PSo
FN:1108,1113,_ZN7testing8internal14UniversalPrintIfEEvRKT_PSo
FN:1108,1113,_ZN7testing8internal14UniversalPrintIhEEvRKT_PSo
FN:1108,1113,_ZN7testing8internal14UniversalPrintIiEEvRKT_PSo
FN:1148,1152,_ZN7testing13PrintToStringIP12InfusionModeEENSt7__cxx1112basic_stringIcSt11char_traitsIcESaIcEEERKT_
FN:1148,1152,_ZN7testing13PrintToStringIP14LinearRampModeEENSt7__cxx1112basic_stringIcSt11char_traitsIcESaIcEEERKT_
FN:1148,1152,_ZN7testing13PrintToStringIfEENSt7__cxx1112basic_stringIcSt11char_traitsIcESaIcEEERKT_
FN:1148,1152,_ZN7testing13PrintToStringIhEENSt7__cxx1112basic_stringIcSt11char_traitsIcESaIcEEERKT_
FN:1148,1152,_ZN7testing13PrintToStringIiEENSt7__cxx1112basic_stringIcSt11char_traitsIcESaIcEEERKT_
FN:190,199,_ZN7testing8internal14PointerPrinter10PrintValueI12InfusionModeEEvPT_PSo
FN:190,199,_ZN7testing8internal14PointerPrinter10PrintValueI14LinearRampModeEEvPT_PSo
FN:221,226,_ZN7testing8internal52internal_stream_operator_without_lexical_name_lookup13StreamPrinter10PrintValueIivEEDTcvvlsdefp0_fp_ERKT_PSo
FN:326,337,_ZN7testing8internal17PrintWithFallbackIP12InfusionModeEEvRKT_PSo
FN:326,337,_ZN7testing8internal17PrintWithFallbackIP14LinearRampModeEEvRKT_PSo
FN:326,337,_ZN7testing8internal17PrintWithFallbackIiEEvRKT_PSo
FN:357,359,_ZN7testing8internal19FormatForComparisonIP12InfusionModeP14LinearRampModeE6FormatB5cxx11ERKS3_
FN:357,359,_ZN7testing8internal19FormatForComparisonIP12InfusionModeS3_E6FormatB5cxx11ERKS3_
FN:357,359,_ZN7testing8internal19FormatForComparisonIP14LinearRampModeP12InfusionModeE6FormatB5cxx11ERKS3_
FN:357,359,_ZN7testing8internal19FormatForComparisonIffE6FormatB5cxx11ERKf
FN:357,359,_ZN7testing8internal19FormatForComparisonIhiE6FormatB5cxx11ERKh
FN:357,359,_ZN7testing8internal19FormatForComparisonIihE6FormatB5cxx11ERKi
FN:437,440,_ZN7testing8internal33FormatForComparisonFailureMessageIP12InfusionModeP14LinearRampModeEENSt7__cxx1112basic_stringIcSt11char_traitsIcESaIcEEERKT_RKT0_
FN:437,440,_ZN7testing8internal33FormatForComparisonFailureMessageIP12InfusionModeS3_EENSt7__cxx1112basic_stringIcSt11char_traitsIcESaIcEEERKT_RKT0_
FN:437,440,_ZN7testing8internal33FormatForComparisonFailureMessageIP14LinearRampModeP12InfusionModeEENSt7__cxx1112basic_stringIcSt11char_traitsIcESaIcEEERKT_RKT0_
FN:437,440,_ZN7testing8internal33FormatForComparisonFailureMessageIffEENSt7__cxx1112basic_stringIcSt11char_traitsIcESaIcEEERKT_RKT0_
FN:437,440,_ZN7testing8internal33FormatForComparisonFailureMessageIhiEENSt7__cxx1112basic_stringIcSt11char_traitsIcESaIcEEERKT_RKT0_
FN:437,440,_ZN7testing8internal33FormatForComparisonFailureMessageIihEENSt7__cxx1112basic_stringIcSt11char_traitsIcESaIcEEERKT_RKT0_
FN:464,466,_ZN7testing8internal7PrintToIP12InfusionModeEEvRKT_PSo
FN:464,466,_ZN7testing8internal7PrintToIP14LinearRampModeEEvRKT_PSo
FN:464,466,_ZN7testing8internal7PrintToIiEEvRKT_PSo
FN:529,577,_ZN7testing8internal21AppropriateResolutionIfEEiT_
FN:579,584,_ZN7testing8internal7PrintToEfPSo
FN:799,809,_ZN7testing8internal16UniversalPrinterIP12InfusionModeE5PrintERKS3_PSo
FN:799,809,_ZN7testing8internal16UniversalPrinterIP14LinearRampModeE5PrintERKS3_PSo
FN:799,809,_ZN7testing8internal16UniversalPrinterIfE5PrintERKfPSo
FN:799,809,_ZN7testing8internal16UniversalPrinterIhE5PrintERKhPSo
FN:799,809,_ZN7testing8internal16UniversalPrinterIiE5PrintERKiPSo
FN:989,991,_ZN7testing8internal21UniversalTersePrinterIP12InfusionModeE5PrintERKS3_PSo
FN:989,991,_ZN7testing8internal21UniversalTersePrinterIP14LinearRampModeE5PrintERKS3_PSo
FN:989,991,_ZN7testing8internal21UniversalTersePrinterIfE5PrintERKfPSo
FN:989,991,_ZN7testing8internal21UniversalTersePrinterIhE5PrintERKhPSo
FN:989,991,_ZN7testing8internal21UniversalTersePrinterIiE5PrintERKiPSo
FNDA:0,_ZN7testing8internal14UniversalPrintIP12InfusionModeEEvRKT_PSo
FNDA:0,_ZN7testing8internal14UniversalPrintIP14LinearRampModeEEvRKT_PSo
FNDA:0,_ZN7testing8internal14UniversalPrintIfEEvRKT_PSo
FNDA:0,_ZN7testing8internal14UniversalPrintIhEEvRKT_PSo
FNDA:0,_ZN7testing8internal14UniversalPrintIiEEvRKT_PSo
FNDA:0,_ZN7testing13PrintToStringIP12InfusionModeEENSt7__cxx1112basic_stringIcSt11char_traitsIcESaIcEEERKT_
FNDA:0,_ZN7testing13PrintToStringIP14LinearRampModeEENSt7__cxx1112basic_stringIcSt11char_traitsIcESaIcEEERKT_
FNDA:0,_ZN7testing13PrintToStringIfEENSt7__cxx1112basic_stringIcSt11char_traitsIcESaIcEEERKT_
FNDA:0,_ZN7testing13PrintToStringIhEENSt7__cxx1112basic_stringIcSt11char_traitsIcESaIcEEERKT_
FNDA:0,_ZN7testing13PrintToStringIiEENSt7__cxx1112basic_stringIcSt11char_traitsIcESaIcEEERKT_
FNDA:0,_ZN7testing8internal14PointerPrinter10PrintValueI12InfusionModeEEvPT_PSo
FNDA:0,_ZN7testing8internal14PointerPrinter10PrintValueI14LinearRampModeEEvPT_PSo
FNDA:0,_ZN7testing8internal52internal_stream_operator_without_lexical_name_lookup13StreamPrinter10PrintValueIivEEDTcvvlsdefp0_fp_ERKT_PSo
FNDA:0,_ZN7testing8internal17PrintWithFallbackIP12InfusionModeEEvRKT_PSo
FNDA:0,_ZN7testing8internal17PrintWithFallbackIP14LinearRampModeEEvRKT_PSo
FNDA:0,_ZN7testing8internal17PrintWithFallbackIiEEvRKT_PSo
FNDA:0,_ZN7testing8internal19FormatForComparisonIP12InfusionModeP14LinearRampModeE6FormatB5cxx11ERKS3_
FNDA:0,_ZN7testing8internal19FormatForComparisonIP12InfusionModeS3_E6FormatB5cxx11ERKS3_
FNDA:0,_ZN7testing8internal19FormatForComparisonIP14LinearRampModeP12InfusionModeE6FormatB5cxx11ERKS3_
FNDA:0,_ZN7testing8internal19FormatForComparisonIffE6FormatB5cxx11ERKf
FNDA:0,_ZN7testing8internal19FormatForComparisonIhiE6FormatB5cxx11ERKh
FNDA:0,_ZN7testing8internal19FormatForComparisonIihE6FormatB5cxx11ERKi
FNDA:0,_ZN7testing8internal33FormatForComparisonFailureMessageIP12InfusionModeP14LinearRampModeEENSt7__cxx1112basic_stringIcSt11char_traitsIcESaIcEEERKT_RKT0_
FNDA:0,_ZN7testing8internal33FormatForComparisonFailureMessageIP12InfusionModeS3_EENSt7__cxx1112basic_stringIcSt11char_traitsIcESaIcEEERKT_RKT0_
FNDA:0,_ZN7testing8internal33FormatForComparisonFailureMessageIP14LinearRampModeP12InfusionModeEENSt7__cxx1112basic_stringIcSt11char_traitsIcESaIcEEERKT_RKT0_
FNDA:0,_ZN7testing8internal33FormatForComparisonFailureMessageIffEENSt7__cxx1112basic_stringIcSt11char_traitsIcESaIcEEERKT_RKT0_
FNDA:0,_ZN7testing8internal33FormatForComparisonFailureMessageIhiEENSt7__cxx1112basic_stringIcSt11char_traitsIcESaIcEEERKT_RKT0_
FNDA:0,_ZN7testing8internal33FormatForComparisonFailureMessageIihEENSt7__cxx1112basic_stringIcSt11char_traitsIcESaIcEEERKT_RKT0_
FNDA:0,_ZN7testing8internal7PrintToIP12InfusionModeEEvRKT_PSo
FNDA:0,_ZN7testing8internal7PrintToIP14LinearRampModeEEvRKT_PSo
FNDA:0,_ZN7testing8internal7PrintToIiEEvRKT_PSo
FNDA:0,_ZN7testing8internal21AppropriateResolutionIfEEiT_
FNDA:0,_ZN7testing8internal7PrintToEfPSo
FNDA:0,_ZN7testing8internal16UniversalPrinterIP12InfusionModeE5PrintERKS3_PSo
FNDA:0,_ZN7testing8internal16UniversalPrinterIP14LinearRampModeE5PrintERKS3_PSo
FNDA:0,_ZN7testing8internal16UniversalPrinterIfE5PrintERKfPSo
FNDA:0,_ZN7testing8internal16UniversalPrinterIhE5PrintERKhPSo
FNDA:0,_ZN7testing8internal16UniversalPrinterIiE5PrintERKiPSo
FNDA:0,_ZN7testing8internal21UniversalTersePrinterIP12InfusionModeE5PrintERKS3_PSo
FNDA:0,_ZN7testing8internal21UniversalTersePrinterIP14LinearRampModeE5PrintERKS3_PSo
FNDA:0,_ZN7testing8internal21UniversalTersePrinterIfE5PrintERKfPSo
FNDA:0,_ZN7testing8internal21UniversalTersePrinterIhE5PrintERKhPSo
FNDA:0,_ZN7testing8internal21UniversalTersePrinterIiE5PrintERKiPSo
FNF:43
FNH:0
BRDA:191,0,0,-
BRDA:191,0,1,-
BRDA:531,0,0,-
BRDA:531,0,1,-
BRDA:533,0,0,-
BRDA:533,0,1,-
BRDA:535,0,0,-
BRDA:535,0,1,-
BRDA:537,0,0,-
BRDA:537,0,1,-
BRDA:539,0,0,-
BRDA:539,0,1,-
BRDA:541,0,0,-
BRDA:541,0,1,-
BRDA:543,0,0,-
BRDA:543,0,1,-
BRDA:545,0,0,-
BRDA:545,0,1,-
BRDA:547,0,0,-
BRDA:547,0,1,-
BRDA:549,0,0,-
BRDA:549,0,1,-
BRDA:551,0,0,-
BRDA:551,0,1,-
BRDA:553,0,0,-
BRDA:553,0,1,-
BRDA:556,0,0,-
BRDA:556,0,1,-
BRDA:560,0,0,-
BRDA:560,0,1,-
BRDA:562,0,0,-
BRDA:562,0,1,-
BRDA:564,0,0,-
BRDA:564,0,1,-
BRDA:566,0,0,-
BRDA:566,0,1,-
BRDA:568,0,0,-
BRDA:568,0,1,-
BRDA:571,0,0,-
BRDA:571,0,1,-
BRDA:1149,0,0,-
BRDA:1149,e0,1,-
BRDA:1150,0,0,-
BRDA:1150,e0,1,-
BRDA:1151,0,0,-
BRDA:1151,e0,1,-
BRF:46
BRH:0
DA:190,0
DA:191,0
DA:192,0
DA:197,0
DA:199,0
DA:221,0
DA:225,0
DA:226,0
DA:326,0
DA:336,0
DA:337,0
DA:357,0
DA:358,0
DA:437,0
DA:439,0
DA:464,0
DA:465,0
DA:466,0
DA:529,0
DA:530,0
DA:531,0
DA:533,0
DA:534,0
DA:535,0
DA:536,0
DA:537,0
DA:538,0
DA:539,0
DA:540,0
DA:541,0
DA:542,0
DA:543,0
DA:544,0
DA:545,0
DA:546,0
DA:547,0
DA:548,0
DA:549,0
DA:550,0
DA:551,0
DA:552,0
DA:553,0
DA:554,0
DA:556,0
DA:559,0
DA:560,0
DA:561,0
DA:562,0
DA:563,0
DA:564,0
DA:565,0
DA:566,0
DA:567,0
DA:568,0
DA:569,0
DA:571,0
DA:574,0
DA:576,0
DA:579,0
DA:580,0
DA:581,0
DA:582,0
DA:583,0
DA:584,0
DA:799,0
DA:808,0
DA:809,0
DA:989,0
DA:990,0
DA:991,0
DA:1108,0
DA:1112,0
DA:1113,0
DA:1148,0
DA:1149,0
DA:1150,0
DA:1151,0
DA:1152,0
LF:78
LH:0
end_of_record
TN:
SF:/usr/include/gtest/gtest.h
FN:1359,1365,_ZN7testing8internal18CmpHelperEQFailureIP12InfusionModeP14LinearRampModeEENS_15AssertionResultEPKcS8_RKT_RKT0_
FN:1359,1365,_ZN7testing8internal18CmpHelperEQFailureIP12InfusionModeS3_EENS_15AssertionResultEPKcS6_RKT_RKT0_
FN:1359,1365,_ZN7testing8internal18CmpHelperEQFailureIffEENS_15AssertionResultEPKcS4_RKT_RKT0_
FN:1359,1365,_ZN7testing8internal18CmpHelperEQFailureIhiEENS_15AssertionResultEPKcS4_RKT_RKT0_
FN:1376,1384,_ZN7testing8internal11CmpHelperEQIP12InfusionModeP14LinearRampModeEENS_15AssertionResultEPKcS8_RKT_RKT0_
FN:1376,1384,_ZN7testing8internal11CmpHelperEQIP12InfusionModeS3_EENS_15AssertionResultEPKcS6_RKT_RKT0_
FN:1376,1384,_ZN7testing8internal11CmpHelperEQIffEENS_15AssertionResultEPKcS4_RKT_RKT0_
FN:1376,1384,_ZN7testing8internal11CmpHelperEQIhiEENS_15AssertionResultEPKcS4_RKT_RKT0_
FN:1395,1399,_ZN7testing8internal8EqHelper7CompareIP12InfusionModeP14LinearRampModeLPv0EEENS_15AssertionResultEPKcSA_RKT_RKT0_
FN:1395,1399,_ZN7testing8internal8EqHelper7CompareIP12InfusionModeS4_LPv0EEENS_15AssertionResultEPKcS8_RKT_RKT0_
FN:1395,1399,_ZN7testing8internal8EqHelper7CompareIffLPv0EEENS_15AssertionResultEPKcS6_RKT_RKT0_
FN:1395,1399,_ZN7testing8internal8EqHelper7CompareIhiLPv0EEENS_15AssertionResultEPKcS6_RKT_RKT0_
FN:1428,1435,_ZN7testing8internal18CmpHelperOpFailureIhiEENS_15AssertionResultEPKcS4_RKT_RKT0_S4_
FN:1465,1465,_ZN7testing8internal11CmpHelperGTIhiEENS_15AssertionResultEPKcS4_RKT_RKT0_
FN:1567,1587,_ZN7testing8internal24CmpHelperFloatingPointEQIfEENS_15AssertionResultEPKcS4_T_S5_
FN:256,256,_ZN7testing4Test14SetUpTestSuiteEv
FN:264,264,_ZN7testing4Test17TearDownTestSuiteEv
FN:269,269,_ZN7testing4Test16TearDownTestCaseEv
FN:270,270,_ZN7testing4Test13SetUpTestCaseEv
FN:357,357,_ZN7testing4Test5SetupEv
FNDA:0,_ZN7testing8internal18CmpHelperEQFailureIP12InfusionModeP14LinearRampModeEENS_15AssertionResultEPKcS8_RKT_RKT0_
FNDA:0,_ZN7testing8internal18CmpHelperEQFailureIP12InfusionModeS3_EENS_15AssertionResultEPKcS6_RKT_RKT0_
FNDA:0,_ZN7testing8internal18CmpHelperEQFailureIffEENS_15AssertionResultEPKcS4_RKT_RKT0_
FNDA:0,_ZN7testing8internal18CmpHelperEQFailureIhiEENS_15AssertionResultEPKcS4_RKT_RKT0_
FNDA:2,_ZN7testing8internal11CmpHelperEQIP12InfusionModeP14LinearRampModeEENS_15AssertionResultEPKcS8_RKT_RKT0_
FNDA:2,_ZN7testing8internal11CmpHelperEQIP12InfusionModeS3_EENS_15AssertionResultEPKcS6_RKT_RKT0_
FNDA:10,_ZN7testing8internal11CmpHelperEQIffEENS_15AssertionResultEPKcS4_RKT_RKT0_
FNDA:8,_ZN7testing8internal11CmpHelperEQIhiEENS_15AssertionResultEPKcS4_RKT_RKT0_
FNDA:2,_ZN7testing8internal8EqHelper7CompareIP12InfusionModeP14LinearRampModeLPv0EEENS_15AssertionResultEPKcSA_RKT_RKT0_
FNDA:2,_ZN7testing8internal8EqHelper7CompareIP12InfusionModeS4_LPv0EEENS_15AssertionResultEPKcS8_RKT_RKT0_
FNDA:10,_ZN7testing8internal8EqHelper7CompareIffLPv0EEENS_15AssertionResultEPKcS6_RKT_RKT0_
FNDA:8,_ZN7testing8internal8EqHelper7CompareIhiLPv0EEENS_15AssertionResultEPKcS6_RKT_RKT0_
FNDA:0,_ZN7testing8internal18CmpHelperOpFailureIhiEENS_15AssertionResultEPKcS4_RKT_RKT0_S4_
FNDA:2,_ZN7testing8internal11CmpHelperGTIhiEENS_15AssertionResultEPKcS4_RKT_RKT0_
FNDA:4,_ZN7testing8internal24CmpHelperFloatingPointEQIfEENS_15AssertionResultEPKcS4_T_S5_
FNDA:0,_ZN7testing4Test14SetUpTestSuiteEv
FNDA:0,_ZN7testing4Test17TearDownTestSuiteEv
FNDA:0,_ZN7testing4Test16TearDownTestCaseEv
FNDA:0,_ZN7testing4Test13SetUpTestCaseEv
FNDA:0,_ZN7testing4Test5SetupEv
FNF:20
FNH:10
BRDA:1364,0,0,-
BRDA:1364,e0,1,-
BRDA:1364,0,2,-
BRDA:1364,e0,3,-
BRDA:1364,0,4,-
BRDA:1364,e0,5,-
BRDA:1379,0,0,22
BRDA:1379,0,1,0
BRDA:1432,0,0,-
BRDA:1432,e0,1,-
BRDA:1432,0,2,-
BRDA:1432,e0,3,-
BRDA:1432,0,4,-
BRDA:1432,e0,5,-
BRDA:1432,0,6,-
BRDA:1432,e0,7,-
BRDA:1432,0,8,-
BRDA:1432,e0,9,-
BRDA:1432,0,10,-
BRDA:1432,e0,11,-
BRDA:1432,0,12,-
BRDA:1432,e0,13,-
BRDA:1433,0,0,-
BRDA:1433,e0,1,-
BRDA:1433,0,2,-
BRDA:1433,e0,3,-
BRDA:1433,0,4,-
BRDA:1433,e0,5,-
BRDA:1434,0,0,-
BRDA:1434,e0,1,-
BRDA:1434,0,2,-
BRDA:1434,e0,3,-
BRDA:1434,0,4,-
BRDA:1434,e0,5,-
BRDA:1434,0,6,-
BRDA:1434,e0,7,-
BRDA:1465,0,0,2
BRDA:1465,0,1,0
BRDA:1572,0,0,4
BRDA:1572,e0,1,0
BRDA:1572,0,2,4
BRDA:1572,0,3,0
BRDA:1573,0,0,4
BRDA:1573,e0,1,0
BRDA:1576,0,0,-
BRDA:1576,e0,1,-
BRDA:1578,0,0,-
BRDA:1578,e0,1,-
BRDA:1580,0,0,-
BRDA:1580,e0,1,-
BRDA:1582,0,0,-
BRDA:1582,e0,1,-
BRDA:1586,0,0,-
BRDA:1586,e0,1,-
BRDA:1586,0,2,-
BRDA:1586,e0,3,-
BRDA:1586,0,4,-
BRDA:1586,e0,5,-
BRF:58
BRH:5
DA:256,0
DA:264,0
DA:269,0
DA:270,0
DA:357,0
DA:1359,0
DA:1364,0
DA:1376,22
DA:1379,22
DA:1380,22
DA:1383,0
DA:1395,22
DA:1398,22
DA:1428,0
DA:1432,0
DA:1433,0
DA:1434,0
DA:1465,2
DA:1567,4
DA:1570,4
DA:1572,4
DA:1573,4
DA:1576,0
DA:1577,0
DA:1578,0
DA:1580,0
DA:1581,0
DA:1582,0
DA:1586,0
DA:1587,0
LF:30
LH:10
end_of_record
TN:
SF:/usr/include/gtest/internal/gtest-internal.h
FN:294,294,_ZN7testing8internal13FloatingPointIfEC2ERKf
FN:316,316,_ZNK7testing8internal13FloatingPointIfE13exponent_bitsEv
FN:319,319,_ZNK7testing8internal13FloatingPointIfE13fraction_bitsEv
FN:325,329,_ZNK7testing8internal13FloatingPointIfE6is_nanEv
FN:337,344,_ZNK7testing8internal13FloatingPointIfE12AlmostEqualsERKS2_
FN:368,376,_ZN7testing8internal13FloatingPointIfE24SignAndMagnitudeToBiasedERKj
FN:380,385,_ZN7testing8internal13FloatingPointIfE38DistanceBetweenSignAndMagnitudeNumbersERKjS4_
FN:419,425,_ZN7testing8internal9GetTypeIdI12InfusionTestEEPKvv
FN:438,438,_ZN7testing8internal15TestFactoryBaseD0Ev
FN:438,438,_ZN7testing8internal15TestFactoryBaseD2Ev
FN:445,445,_ZN7testing8internal15TestFactoryBaseC2Ev
FN:457,457,_ZN7testing8internal15TestFactoryImplI38InfusionTest_VolumeAlertThrottled_TestE10CreateTestEv
FN:457,457,_ZN7testing8internal15TestFactoryImplI47InfusionTest_AlarmManager_ClearAll_NoError_TestE10CreateTestEv
FN:457,457,_ZN7testing8internal15TestFactoryImplI48InfusionTest_InfusionMode_ApplyRate_NoError_TestE10CreateTestEv
FN:457,457,_ZN7testing8internal15TestFactoryImplI48InfusionTest_InfusionMode_ZeroRate_NoAction_TestE10CreateTestEv
FN:457,457,_ZN7testing8internal15TestFactoryImplI49InfusionTest_Hardware_MotorStopStart_NoError_TestE10CreateTestEv
FN:457,457,_ZN7testing8internal15TestFactoryImplI49InfusionTest_InfusionMode_NoPressure_NoAlarm_TestE10CreateTestEv
FN:457,457,_ZN7testing8internal15TestFactoryImplI50InfusionTest_LinearRampMode_OverMax_CapsAtFin_TestE10CreateTestEv
FN:457,457,_ZN7testing8internal15TestFactoryImplI51InfusionTest_AlarmManager_AddBeyondMax_Ignored_TestE10CreateTestEv
FN:457,457,_ZN7testing8internal15TestFactoryImplI52InfusionTest_AlarmManager_NoObservers_CountZero_TestE10CreateTestEv
FN:457,457,_ZN7testing8internal15TestFactoryImplI52InfusionTest_ModeSwitch_SamePointer_ReturnsSame_TestE10CreateTestEv
FN:457,457,_ZN7testing8internal15TestFactoryImplI52InfusionTest_VolumeTracker_ZeroTime_ReturnsTrue_TestE10CreateTestEv
FN:457,457,_ZN7testing8internal15TestFactoryImplI56InfusionTest_VolumeTracker_CorrectTicks_ReturnsTrue_TestE10CreateTestEv
FN:457,457,_ZN7testing8internal15TestFactoryImplI56InfusionTest_VolumeTracker_EarlyElapsed_ReturnsTrue_TestE10CreateTestEv
FN:457,457,_ZN7testing8internal15TestFactoryImplI56InfusionTest_VolumeTracker_ZeroTicks_AlarmTriggered_TestE10CreateTestEv
FN:457,457,_ZN7testing8internal15TestFactoryImplI57InfusionTest_ConstantRateMode_ComputeRate_Returns100_TestE10CreateTestEv
FN:457,457,_ZN7testing8internal15TestFactoryImplI57InfusionTest_LinearRampMode_AfterInterval_Increments_TestE10CreateTestEv
FN:457,457,_ZN7testing8internal15TestFactoryImplI57InfusionTest_LinearRampMode_FirstCall_ReturnsInitial_TestE10CreateTestEv
FN:457,457,_ZN7testing8internal15TestFactoryImplI57InfusionTest_ModeSwitch_NoRestart_ResetsNewModeState_TestE10CreateTestEv
FN:457,457,_ZN7testing8internal15TestFactoryImplI58InfusionTest_AlarmManager_TwoObservers_NotifyCountOne_TestE10CreateTestEv
FN:457,457,_ZN7testing8internal15TestFactoryImplI58InfusionTest_InfusionMode_OcclusionAlarm_NotifyCount1_TestE10CreateTestEv
FN:457,457,_ZN7testing8internal15TestFactoryImplI58InfusionTest_LinearRampMode_VolumeComplete_StopsMotor_TestE10CreateTestEv
FN:457,457,_ZN7testing8internal15TestFactoryImplI59InfusionTest_OcclusionMonitor_EqualPressure_ReturnTrue_TestE10CreateTestEv
FN:457,457,_ZN7testing8internal15TestFactoryImplI60InfusionTest_OcclusionMonitor_HighPressure_ReturnsFalse_TestE10CreateTestEv
FN:457,457,_ZN7testing8internal15TestFactoryImplI60InfusionTest_VolumeTracker_AlreadyCorrected_SkipsRecalc_TestE10CreateTestEv
FN:457,457,_ZN7testing8internal15TestFactoryImplI60InfusionTest_VolumeTracker_TimeElapsed_ReturnsDeviation_TestE10CreateTestEv
FN:457,457,_ZN7testing8internal15TestFactoryImplI61InfusionTest_InfusionMode_SwitchMode_ComputesCorrectRate_TestE10CreateTestEv
FN:457,457,_ZN7testing8internal15TestFactoryImplI61InfusionTest_OcclusionMonitor_NormalPressure_ReturnsTrue_TestE10CreateTestEv
FN:457,457,_ZN7testing8internal15TestFactoryImplI62InfusionTest_AlarmManager_ClearBothAlarmsNotifiesObserver_TestE10CreateTestEv
FN:457,457,_ZN7testing8internal15TestFactoryImplI62InfusionTest_AlarmManager_ClearVolumeWhileOcclusionActive_TestE10CreateTestEv
FN:457,457,_ZN7testing8internal15TestFactoryImplI63InfusionTest_VolumeTracker_OffsetCapture_TicksReflectDelta_TestE10CreateTestEv
FN:478,479,_ZN7testing8internal12CodeLocationC2ERKNSt7__cxx1112basic_stringIcSt11char_traitsIcESaIcEEEi
FN:491,494,_ZN7testing8internal19GetNotDefaultOrNullEPFvvES2_
FN:506,525,_ZN7testing8internal16SuiteApiResolverI12InfusionTestE19GetSetUpCaseOrSuiteEPKci
FN:527,546,_ZN7testing8internal16SuiteApiResolverI12InfusionTestE22GetTearDownCaseOrSuiteEPKci
FNDA:8,_ZN7testing8internal13FloatingPointIfEC2ERKf
FNDA:8,_ZNK7testing8internal13FloatingPointIfE13exponent_bitsEv
FNDA:0,_ZNK7testing8internal13FloatingPointIfE13fraction_bitsEv
FNDA:8,_ZNK7testing8internal13FloatingPointIfE6is_nanEv
FNDA:4,_ZNK7testing8internal13FloatingPointIfE12AlmostEqualsERKS2_
FNDA:8,_ZN7testing8internal13FloatingPointIfE24SignAndMagnitudeToBiasedERKj
FNDA:4,_ZN7testing8internal13FloatingPointIfE38DistanceBetweenSignAndMagnitudeNumbersERKjS4_
FNDA:60,_ZN7testing8internal9GetTypeIdI12InfusionTestEEPKvv
FNDA:0,_ZN7testing8internal15TestFactoryBaseD0Ev
FNDA:60,_ZN7testing8internal15TestFactoryBaseD2Ev
FNDA:60,_ZN7testing8internal15TestFactoryBaseC2Ev
FNDA:2,_ZN7testing8internal15TestFactoryImplI38InfusionTest_VolumeAlertThrottled_TestE10CreateTestEv
FNDA:2,_ZN7testing8internal15TestFactoryImplI47InfusionTest_AlarmManager_ClearAll_NoError_TestE10CreateTestEv
FNDA:2,_ZN7testing8internal15TestFactoryImplI48InfusionTest_InfusionMode_ApplyRate_NoError_TestE10CreateTestEv
FNDA:2,_ZN7testing8internal15TestFactoryImplI48InfusionTest_InfusionMode_ZeroRate_NoAction_TestE10CreateTestEv
FNDA:2,_ZN7testing8internal15TestFactoryImplI49InfusionTest_Hardware_MotorStopStart_NoError_TestE10CreateTestEv
FNDA:2,_ZN7testing8internal15TestFactoryImplI49InfusionTest_InfusionMode_NoPressure_NoAlarm_TestE10CreateTestEv
FNDA:2,_ZN7testing8internal15TestFactoryImplI50InfusionTest_LinearRampMode_OverMax_CapsAtFin_TestE10CreateTestEv
FNDA:2,_ZN7testing8internal15TestFactoryImplI51InfusionTest_AlarmManager_AddBeyondMax_Ignored_TestE10CreateTestEv
FNDA:2,_ZN7testing8internal15TestFactoryImplI52InfusionTest_AlarmManager_NoObservers_CountZero_TestE10CreateTestEv
FNDA:2,_ZN7testing8internal15TestFactoryImplI52InfusionTest_ModeSwitch_SamePointer_ReturnsSame_TestE10CreateTestEv
FNDA:2,_ZN7testing8internal15TestFactoryImplI52InfusionTest_VolumeTracker_ZeroTime_ReturnsTrue_TestE10CreateTestEv
FNDA:2,_ZN7testing8internal15TestFactoryImplI56InfusionTest_VolumeTracker_CorrectTicks_ReturnsTrue_TestE10CreateTestEv
FNDA:2,_ZN7testing8internal15TestFactoryImplI56InfusionTest_VolumeTracker_EarlyElapsed_ReturnsTrue_TestE10CreateTestEv
FNDA:2,_ZN7testing8internal15TestFactoryImplI56InfusionTest_VolumeTracker_ZeroTicks_AlarmTriggered_TestE10CreateTestEv
FNDA:2,_ZN7testing8internal15TestFactoryImplI57InfusionTest_ConstantRateMode_ComputeRate_Returns100_TestE10CreateTestEv
FNDA:2,_ZN7testing8internal15TestFactoryImplI57InfusionTest_LinearRampMode_AfterInterval_Increments_TestE10CreateTestEv
FNDA:2,_ZN7testing8internal15TestFactoryImplI57InfusionTest_LinearRampMode_FirstCall_ReturnsInitial_TestE10CreateTestEv
FNDA:2,_ZN7testing8internal15TestFactoryImplI57InfusionTest_ModeSwitch_NoRestart_ResetsNewModeState_TestE10CreateTestEv
FNDA:2,_ZN7testing8internal15TestFactoryImplI58InfusionTest_AlarmManager_TwoObservers_NotifyCountOne_TestE10CreateTestEv
FNDA:2,_ZN7testing8internal15TestFactoryImplI58InfusionTest_InfusionMode_OcclusionAlarm_NotifyCount1_TestE10CreateTestEv
FNDA:2,_ZN7testing8internal15TestFactoryImplI58InfusionTest_LinearRampMode_VolumeComplete_StopsMotor_TestE10CreateTestEv
FNDA:2,_ZN7testing8internal15TestFactoryImplI59InfusionTest_OcclusionMonitor_EqualPressure_ReturnTrue_TestE10CreateTestEv
FNDA:2,_ZN7testing8internal15TestFactoryImplI60InfusionTest_OcclusionMonitor_HighPressure_ReturnsFalse_TestE10CreateTestEv
FNDA:2,_ZN7testing8internal15TestFactoryImplI60InfusionTest_VolumeTracker_AlreadyCorrected_SkipsRecalc_TestE10CreateTestEv
FNDA:2,_ZN7testing8internal15TestFactoryImplI60InfusionTest_VolumeTracker_TimeElapsed_ReturnsDeviation_TestE10CreateTestEv
FNDA:2,_ZN7testing8internal15TestFactoryImplI61InfusionTest_InfusionMode_SwitchMode_ComputesCorrectRate_TestE10CreateTestEv
FNDA:2,_ZN7testing8internal15TestFactoryImplI61InfusionTest_OcclusionMonitor_NormalPressure_ReturnsTrue_TestE10CreateTestEv
FNDA:2,_ZN7testing8internal15TestFactoryImplI62InfusionTest_AlarmManager_ClearBothAlarmsNotifiesObserver_TestE10CreateTestEv
FNDA:2,_ZN7testing8internal15TestFactoryImplI62InfusionTest_AlarmManager_ClearVolumeWhileOcclusionActive_TestE10CreateTestEv
FNDA:2,_ZN7testing8internal15TestFactoryImplI63InfusionTest_VolumeTracker_OffsetCapture_TicksReflectDelta_TestE10CreateTestEv
FNDA:60,_ZN7testing8internal12CodeLocationC2ERKNSt7__cxx1112basic_stringIcSt11char_traitsIcESaIcEEEi
FNDA:240,_ZN7testing8internal19GetNotDefaultOrNullEPFvvES2_
FNDA:60,_ZN7testing8internal16SuiteApiResolverI12InfusionTestE19GetSetUpCaseOrSuiteEPKci
FNDA:60,_ZN7testing8internal16SuiteApiResolverI12InfusionTestE22GetTearDownCaseOrSuiteEPKci
FNF:45
FNH:43
BRDA:328,0,0,0
BRDA:328,0,1,8
BRDA:328,0,2,0
BRDA:328,0,3,0
BRDA:340,0,0,4
BRDA:340,0,1,0
BRDA:340,0,2,0
BRDA:340,0,3,4
BRDA:340,0,4,0
BRDA:340,0,5,4
BRDA:369,0,0,0
BRDA:369,0,1,8
BRDA:384,0,0,4
BRDA:384,0,1,0
BRDA:457,0,0,60
BRDA:457,e0,1,0
BRDA:457,0,2,0
BRDA:457,0,3,0
BRDA:493,0,0,0
BRDA:493,0,1,240
BRDA:514,0,0,0
BRDA:514,0,1,60
BRDA:514,0,2,0
BRDA:514,0,3,0
BRDA:514,0,4,0
BRDA:514,0,5,60
BRDA:514,0,6,0
BRDA:514,e0,7,0
BRDA:517,0,0,-
BRDA:517,e0,1,-
BRDA:517,0,2,-
BRDA:517,e0,3,-
BRDA:517,0,4,-
BRDA:517,e0,5,-
BRDA:517,0,6,-
BRDA:517,e0,7,-
BRDA:517,0,8,-
BRDA:517,e0,9,-
BRDA:519,0,0,0
BRDA:519,0,1,60
BRDA:535,0,0,0
BRDA:535,0,1,60
BRDA:535,0,2,0
BRDA:535,0,3,0
BRDA:535,0,4,0
BRDA:535,0,5,60
BRDA:535,0,6,0
BRDA:535,e0,7,0
BRDA:538,0,0,-
BRDA:538,e0,1,-
BRDA:538,0,2,-
BRDA:538,e0,3,-
BRDA:538,0,4,-
BRDA:538,e0,5,-
BRDA:538,0,6,-
BRDA:538,e0,7,-
BRDA:538,0,8,-
BRDA:538,e0,9,-
BRDA:540,0,0,0
BRDA:540,0,1,60
BRF:60
BRH:14
DA:294,8
DA:316,8
DA:319,0
DA:325,8
DA:328,8
DA:337,4
DA:340,4
DA:342,4
DA:343,4
DA:368,8
DA:369,8
DA:371,0
DA:374,8
DA:380,4
DA:382,4
DA:383,4
DA:384,4
DA:419,60
DA:424,60
DA:438,60
DA:445,60
DA:457,60
DA:478,60
DA:479,60
DA:491,240
DA:493,240
DA:506,60
DA:510,60
DA:512,60
DA:514,60
DA:517,0
DA:519,60
DA:527,60
DA:531,60
DA:533,60
DA:535,60
DA:538,0
DA:540,60
LF:38
LH:34
end_of_record
TN:
SF:/usr/include/gtest/internal/gtest-port.h
FN:1042,1042,_ZN7testing8internal8GTestLog9GetStreamEv
FNDA:0,_ZN7testing8internal8GTestLog9GetStreamEv
FNF:1
FNH:0
DA:1042,0
LF:1
LH:0
end_of_record
TN:
SF:/usr/include/x86_64-linux-gnu/c++/13/bits/c++config.h
FN:540,551,_ZSt23__is_constant_evaluatedv
FNDA:1634,_ZSt23__is_constant_evaluatedv
FNF:1
FNH:1
DA:540,1634
DA:547,1634
LF:2
LH:2
end_of_record
