TN:
SF:/home/thanga-inc-5829/Documents/Infusion_pump/include/alarm.hpp
FN:27,27,_ZNK12AlarmManager16get_notify_countEv
FNDA:9,_ZNK12AlarmManager16get_notify_countEv
FNF:1
FNH:1
DA:27,9
LF:1
LH:1
end_of_record
TN:
SF:/home/thanga-inc-5829/Documents/Infusion_pump/include/alarm_observer.hpp
FNF:0
FNH:0
LF:0
LH:0
end_of_record
TN:
SF:/home/thanga-inc-5829/Documents/Infusion_pump/include/infusion.hpp
FN:26,27,_ZN12InfusionModeC2ER13VolumeTrackerR16OcclusionMonitorR12AlarmManager
FN:54,55,_ZN16ConstantRateModeC2EfR13VolumeTrackerR16OcclusionMonitorR12AlarmManager
FN:73,76,_ZN14LinearRampModeC2EffffR13VolumeTrackerR16OcclusionMonitorR12AlarmManager
FNDA:101,_ZN12InfusionModeC2ER13VolumeTrackerR16OcclusionMonitorR12AlarmManager
FNDA:50,_ZN16ConstantRateModeC2EfR13VolumeTrackerR16OcclusionMonitorR12AlarmManager
FNDA:51,_ZN14LinearRampModeC2EffffR13VolumeTrackerR16OcclusionMonitorR12AlarmManager
FNF:3
FNH:3
DA:26,101
DA:27,101
DA:54,50
DA:55,50
DA:73,51
DA:75,102
DA:76,51
LF:7
LH:7
end_of_record
TN:
SF:/home/thanga-inc-5829/Documents/Infusion_pump/include/volume.hpp
FNF:0
FNH:0
LF:0
LH:0
end_of_record
TN:
SF:/home/thanga-inc-5829/Documents/Infusion_pump/src/alarm.cpp
FN:12,20,_ZN12AlarmManager6notifyE9AlarmType
FN:23,32,_ZN12AlarmManager5clearE9AlarmType
FN:35,41,_ZN12AlarmManager8clearAllEv
FN:4,9,_ZN12AlarmManager3addEP13AlarmObserver
FNDA:37,_ZN12AlarmManager6notifyE9AlarmType
FNDA:25,_ZN12AlarmManager5clearE9AlarmType
FNDA:3,_ZN12AlarmManager8clearAllEv
FNDA:13,_ZN12AlarmManager3addEP13AlarmObserver
FNF:4
FNH:4
BRDA:5,0,0,12
BRDA:5,0,1,1
BRDA:13,0,0,10
BRDA:13,0,1,27
BRDA:14,0,0,27
BRDA:14,0,1,10
BRDA:16,0,0,6
BRDA:16,0,1,37
BRDA:24,0,0,22
BRDA:24,0,1,3
BRDA:25,0,0,3
BRDA:25,0,1,22
BRDA:27,0,0,24
BRDA:27,0,1,1
BRDA:27,0,2,16
BRDA:27,0,3,8
BRDA:28,0,0,4
BRDA:28,0,1,16
BRDA:38,0,0,2
BRDA:38,0,1,3
BRF:20
BRH:20
DA:4,13
DA:5,13
DA:6,12
DA:7,12
DA:9,13
DA:12,37
DA:13,37
DA:14,37
DA:16,43
DA:17,6
DA:19,37
DA:20,37
DA:23,25
DA:24,25
DA:25,25
DA:27,25
DA:28,20
DA:29,4
DA:32,25
DA:35,3
DA:36,3
DA:37,3
DA:38,5
DA:39,2
DA:41,3
LF:25
LH:25
end_of_record
TN:
SF:/home/thanga-inc-5829/Documents/Infusion_pump/src/infusion.cpp
FN:111,122,_Z11switch_modeP12InfusionModeS0_
FN:22,26,_ZN12InfusionMode3runEv
FN:29,44,_ZN12InfusionMode9applyRateEf
FN:48,69,_ZN12InfusionMode10checkAlarmEf
FN:72,74,_ZN16ConstantRateMode17computeTargetRateEv
FN:77,108,_ZN14LinearRampMode17computeTargetRateEv
FNDA:2,_Z11switch_modeP12InfusionModeS0_
FNDA:23,_ZN12InfusionMode3runEv
FNDA:23,_ZN12InfusionMode9applyRateEf
FNDA:23,_ZN12InfusionMode10checkAlarmEf
FNDA:25,_ZN16ConstantRateMode17computeTargetRateEv
FNDA:69,_ZN14LinearRampMode17computeTargetRateEv
FNF:6
FNH:6
BRDA:30,0,0,12
BRDA:30,0,1,11
BRDA:35,0,0,2
BRDA:35,0,1,21
BRDA:51,0,0,4
BRDA:51,0,1,19
BRDA:53,0,0,3
BRDA:53,0,1,1
BRDA:63,0,0,22
BRDA:63,0,1,1
BRDA:81,0,0,61
BRDA:81,0,1,8
BRDA:83,0,0,15
BRDA:83,0,1,46
BRDA:92,0,0,60
BRDA:92,0,1,9
BRDA:102,0,0,2
BRDA:102,0,1,67
BRDA:112,0,0,1
BRDA:112,0,1,1
BRF:20
BRH:20
DA:22,23
DA:23,23
DA:24,23
DA:25,23
DA:26,23
DA:29,23
DA:30,23
DA:31,12
DA:32,12
DA:33,12
DA:35,23
DA:37,21
DA:39,21
DA:40,21
DA:42,21
DA:43,21
DA:48,23
DA:51,23
DA:52,4
DA:53,4
DA:54,3
DA:55,3
DA:57,4
DA:59,19
DA:63,23
DA:64,22
DA:65,22
DA:67,1
DA:69,23
DA:72,25
DA:73,25
DA:77,69
DA:78,69
DA:81,69
DA:82,61
DA:83,61
DA:84,61
DA:87,69
DA:88,69
DA:92,69
DA:93,60
DA:94,60
DA:95,60
DA:97,60
DA:98,60
DA:102,69
DA:103,2
DA:104,2
DA:105,2
DA:107,69
DA:111,2
DA:112,2
DA:114,1
DA:115,1
DA:116,1
DA:117,1
DA:118,1
DA:119,1
DA:120,1
DA:121,1
LF:60
LH:60
end_of_record
TN:
SF:/home/thanga-inc-5829/Documents/Infusion_pump/src/occlusion.cpp
FN:14,27,_ZN16OcclusionMonitor16isPressureNormalEv
FNDA:29,_ZN16OcclusionMonitor16isPressureNormalEv
FNF:1
FNH:1
BRDA:19,0,0,2
BRDA:19,0,1,27
BRF:2
BRH:2
DA:14,29
DA:15,29
DA:18,29
DA:19,29
DA:20,2
DA:21,2
DA:23,2
DA:26,29
LF:8
LH:8
end_of_record
TN:
SF:/home/thanga-inc-5829/Documents/Infusion_pump/src/volume.cpp
FN:21,46,_ZN13VolumeTracker3calEf
FNDA:36,_ZN13VolumeTracker3calEf
FNF:1
FNH:1
BRDA:25,0,0,22
BRDA:25,0,1,14
BRDA:32,0,0,23
BRDA:32,0,1,13
BRDA:37,0,0,2
BRDA:37,0,1,11
BRF:6
BRH:6
DA:21,36
DA:22,36
DA:24,36
DA:25,36
DA:26,36
DA:27,36
DA:28,36
DA:30,36
DA:32,36
DA:34,13
DA:37,13
DA:38,2
DA:40,2
DA:41,2
DA:42,2
DA:43,2
DA:45,13
LF:17
LH:17
end_of_record
TN:
SF:/home/thanga-inc-5829/Documents/Infusion_pump/test/stub_file.cpp
FN:12,14,_Z12sensor_pressv
FN:17,19,_Z20get_encoder_positionv
FN:22,24,_Z12k_uptime_getv
FN:26,26,_Z14set_delay_ratej
FN:27,27,_Z10motor_stopv
FN:28,28,_Z11motor_startv
FN:29,29,_Z13hardware_initv
FN:31,31,_ZN3led6updateEb
FN:32,32,_ZN3buz6updateEb
FN:33,33,_ZN13uart_observer6updateEb
FNDA:29,_Z12sensor_pressv
FNDA:48,_Z20get_encoder_positionv
FNDA:151,_Z12k_uptime_getv
FNDA:21,_Z14set_delay_ratej
FNDA:4,_Z10motor_stopv
FNDA:22,_Z11motor_startv
FNDA:1,_Z13hardware_initv
FNDA:6,_ZN3led6updateEb
FNDA:4,_ZN3buz6updateEb
FNDA:2,_ZN13uart_observer6updateEb
FNF:10
FNH:10
DA:12,29
DA:13,29
DA:17,48
DA:18,48
DA:22,151
DA:23,151
DA:26,21
DA:27,4
DA:28,22
DA:29,1
DA:31,6
DA:32,4
DA:33,2
LF:13
LH:13
end_of_record
TN:
SF:/home/thanga-inc-5829/Documents/Infusion_pump/test/test_infusion.cpp
FN:10,14,_ZN12InfusionTest5SetUpEv
FN:102,102,_ZN62InfusionTest_AlarmManager_ClearVolumeWhileOcclusionActive_Test8TestBodyEv
FN:102,102,_ZN62InfusionTest_AlarmManager_ClearVolumeWhileOcclusionActive_TestC2Ev
FN:102,102,_ZN62InfusionTest_AlarmManager_ClearVolumeWhileOcclusionActive_TestD0Ev
FN:102,102,_ZN62InfusionTest_AlarmManager_ClearVolumeWhileOcclusionActive_TestD2Ev
FN:110,110,_ZN62InfusionTest_AlarmManager_ClearBothAlarmsNotifiesObserver_Test8TestBodyEv
FN:110,110,_ZN62InfusionTest_AlarmManager_ClearBothAlarmsNotifiesObserver_TestC2Ev
FN:110,110,_ZN62InfusionTest_AlarmManager_ClearBothAlarmsNotifiesObserver_TestD0Ev
FN:110,110,_ZN62InfusionTest_AlarmManager_ClearBothAlarmsNotifiesObserver_TestD2Ev
FN:119,119,_ZN56InfusionTest_AlarmManager_ClearOcclusionType_Branch_Test8TestBodyEv
FN:119,119,_ZN56InfusionTest_AlarmManager_ClearOcclusionType_Branch_TestC2Ev
FN:119,119,_ZN56InfusionTest_AlarmManager_ClearOcclusionType_Branch_TestD0Ev
FN:119,119,_ZN56InfusionTest_AlarmManager_ClearOcclusionType_Branch_TestD2Ev
FN:126,126,_ZN57InfusionTest_AlarmManager_NotifyOcclusionType_Branch_Test8TestBodyEv
FN:126,126,_ZN57InfusionTest_AlarmManager_NotifyOcclusionType_Branch_TestC2Ev
FN:126,126,_ZN57InfusionTest_AlarmManager_NotifyOcclusionType_Branch_TestD0Ev
FN:126,126,_ZN57InfusionTest_AlarmManager_NotifyOcclusionType_Branch_TestD2Ev
FN:132,132,_ZN51InfusionTest_AlarmManager_AddBeyondMax_Ignored_Test8TestBodyEv
FN:132,132,_ZN51InfusionTest_AlarmManager_AddBeyondMax_Ignored_TestC2Ev
FN:132,132,_ZN51InfusionTest_AlarmManager_AddBeyondMax_Ignored_TestD0Ev
FN:132,132,_ZN51InfusionTest_AlarmManager_AddBeyondMax_Ignored_TestD2Ev
FN:144,153,_ZN59InfusionTest_AlarmManager_AllObservers_UpdateExecution_Test8TestBodyEv
FN:144,153,_ZN59InfusionTest_AlarmManager_AllObservers_UpdateExecution_TestC2Ev
FN:144,153,_ZN59InfusionTest_AlarmManager_AllObservers_UpdateExecution_TestD0Ev
FN:144,153,_ZN59InfusionTest_AlarmManager_AllObservers_UpdateExecution_TestD2Ev
FN:156,161,_ZN51InfusionTest_AlarmManager_ClearAll_ResetsFlags_Test8TestBodyEv
FN:156,161,_ZN51InfusionTest_AlarmManager_ClearAll_ResetsFlags_TestC2Ev
FN:156,161,_ZN51InfusionTest_AlarmManager_ClearAll_ResetsFlags_TestD0Ev
FN:156,161,_ZN51InfusionTest_AlarmManager_ClearAll_ResetsFlags_TestD2Ev
FN:166,166,_ZN52InfusionTest_VolumeTracker_ZeroTime_ReturnsTrue_Test8TestBodyEv
FN:166,166,_ZN52InfusionTest_VolumeTracker_ZeroTime_ReturnsTrue_TestC2Ev
FN:166,166,_ZN52InfusionTest_VolumeTracker_ZeroTime_ReturnsTrue_TestD0Ev
FN:166,166,_ZN52InfusionTest_VolumeTracker_ZeroTime_ReturnsTrue_TestD2Ev
FN:172,172,_ZN60InfusionTest_VolumeTracker_TimeElapsed_ReturnsDeviation_Test8TestBodyEv
FN:172,172,_ZN60InfusionTest_VolumeTracker_TimeElapsed_ReturnsDeviation_TestC2Ev
FN:172,172,_ZN60InfusionTest_VolumeTracker_TimeElapsed_ReturnsDeviation_TestD0Ev
FN:172,172,_ZN60InfusionTest_VolumeTracker_TimeElapsed_ReturnsDeviation_TestD2Ev
FN:180,185,_ZN56InfusionTest_VolumeTracker_CorrectTicks_ReturnsTrue_Test8TestBodyEv
FN:180,185,_ZN56InfusionTest_VolumeTracker_CorrectTicks_ReturnsTrue_TestC2Ev
FN:180,185,_ZN56InfusionTest_VolumeTracker_CorrectTicks_ReturnsTrue_TestD0Ev
FN:180,185,_ZN56InfusionTest_VolumeTracker_CorrectTicks_ReturnsTrue_TestD2Ev
FN:188,191,_ZN56InfusionTest_VolumeTracker_EarlyElapsed_ReturnsTrue_Test8TestBodyEv
FN:188,191,_ZN56InfusionTest_VolumeTracker_EarlyElapsed_ReturnsTrue_TestC2Ev
FN:188,191,_ZN56InfusionTest_VolumeTracker_EarlyElapsed_ReturnsTrue_TestD0Ev
FN:188,191,_ZN56InfusionTest_VolumeTracker_EarlyElapsed_ReturnsTrue_TestD2Ev
FN:194,194,_ZN60InfusionTest_VolumeTracker_AlreadyCorrected_SkipsRecalc_Test8TestBodyEv
FN:194,194,_ZN60InfusionTest_VolumeTracker_AlreadyCorrected_SkipsRecalc_TestC2Ev
FN:194,194,_ZN60InfusionTest_VolumeTracker_AlreadyCorrected_SkipsRecalc_TestD0Ev
FN:194,194,_ZN60InfusionTest_VolumeTracker_AlreadyCorrected_SkipsRecalc_TestD2Ev
FN:202,202,_ZN63InfusionTest_VolumeTracker_OffsetCapture_TicksReflectDelta_Test8TestBodyEv
FN:202,202,_ZN63InfusionTest_VolumeTracker_OffsetCapture_TicksReflectDelta_TestC2Ev
FN:202,202,_ZN63InfusionTest_VolumeTracker_OffsetCapture_TicksReflectDelta_TestD0Ev
FN:202,202,_ZN63InfusionTest_VolumeTracker_OffsetCapture_TicksReflectDelta_TestD2Ev
FN:213,213,_ZN64InfusionTest_VolumeTracker_SecondCallWithinWindow_NoReprint_Test8TestBodyEv
FN:213,213,_ZN64InfusionTest_VolumeTracker_SecondCallWithinWindow_NoReprint_TestC2Ev
FN:213,213,_ZN64InfusionTest_VolumeTracker_SecondCallWithinWindow_NoReprint_TestD0Ev
FN:213,213,_ZN64InfusionTest_VolumeTracker_SecondCallWithinWindow_NoReprint_TestD2Ev
FN:222,222,_ZN60InfusionTest_VolumeTracker_NearZeroExpected_ReturnsTrue_Test8TestBodyEv
FN:222,222,_ZN60InfusionTest_VolumeTracker_NearZeroExpected_ReturnsTrue_TestC2Ev
FN:222,222,_ZN60InfusionTest_VolumeTracker_NearZeroExpected_ReturnsTrue_TestD0Ev
FN:222,222,_ZN60InfusionTest_VolumeTracker_NearZeroExpected_ReturnsTrue_TestD2Ev
FN:230,230,_ZN68InfusionTest_VolumeTracker_HighDeviation_TriggersAlarmCondition_Test8TestBodyEv
FN:230,230,_ZN68InfusionTest_VolumeTracker_HighDeviation_TriggersAlarmCondition_TestC2Ev
FN:230,230,_ZN68InfusionTest_VolumeTracker_HighDeviation_TriggersAlarmCondition_TestD0Ev
FN:230,230,_ZN68InfusionTest_VolumeTracker_HighDeviation_TriggersAlarmCondition_TestD2Ev
FN:241,252,_ZN56InfusionTest_InfusionMode_AlarmThrottle_FalseBranch_Test8TestBodyEv
FN:241,252,_ZN56InfusionTest_InfusionMode_AlarmThrottle_FalseBranch_TestC2Ev
FN:241,252,_ZN56InfusionTest_InfusionMode_AlarmThrottle_FalseBranch_TestD0Ev
FN:241,252,_ZN56InfusionTest_InfusionMode_AlarmThrottle_FalseBranch_TestD2Ev
FN:25,25,_ZN61InfusionTest_OcclusionMonitor_NormalPressure_ReturnsTrue_Test8TestBodyEv
FN:25,25,_ZN61InfusionTest_OcclusionMonitor_NormalPressure_ReturnsTrue_TestC2Ev
FN:25,25,_ZN61InfusionTest_OcclusionMonitor_NormalPressure_ReturnsTrue_TestD0Ev
FN:25,25,_ZN61InfusionTest_OcclusionMonitor_NormalPressure_ReturnsTrue_TestD2Ev
FN:255,255,_ZN51InfusionTest_InfusionMode_VolumeAlarm_Coverage_Test8TestBodyEv
FN:255,255,_ZN51InfusionTest_InfusionMode_VolumeAlarm_Coverage_TestC2Ev
FN:255,255,_ZN51InfusionTest_InfusionMode_VolumeAlarm_Coverage_TestD0Ev
FN:255,255,_ZN51InfusionTest_InfusionMode_VolumeAlarm_Coverage_TestD2Ev
FN:268,274,_ZN56InfusionTest_VolumeTracker_ZeroTicks_AlarmTriggered_Test8TestBodyEv
FN:268,274,_ZN56InfusionTest_VolumeTracker_ZeroTicks_AlarmTriggered_TestC2Ev
FN:268,274,_ZN56InfusionTest_VolumeTracker_ZeroTicks_AlarmTriggered_TestD0Ev
FN:268,274,_ZN56InfusionTest_VolumeTracker_ZeroTicks_AlarmTriggered_TestD2Ev
FN:277,284,_ZN38InfusionTest_VolumeAlertThrottled_Test8TestBodyEv
FN:277,284,_ZN38InfusionTest_VolumeAlertThrottled_TestC2Ev
FN:277,284,_ZN38InfusionTest_VolumeAlertThrottled_TestD0Ev
FN:277,284,_ZN38InfusionTest_VolumeAlertThrottled_TestD2Ev
FN:287,287,_ZN57InfusionTest_ConstantRateMode_ComputeRate_Returns100_Test8TestBodyEv
FN:287,287,_ZN57InfusionTest_ConstantRateMode_ComputeRate_Returns100_TestC2Ev
FN:287,287,_ZN57InfusionTest_ConstantRateMode_ComputeRate_Returns100_TestD0Ev
FN:287,287,_ZN57InfusionTest_ConstantRateMode_ComputeRate_Returns100_TestD2Ev
FN:292,292,_ZN57InfusionTest_LinearRampMode_FirstCall_ReturnsInitial_Test8TestBodyEv
FN:292,292,_ZN57InfusionTest_LinearRampMode_FirstCall_ReturnsInitial_TestC2Ev
FN:292,292,_ZN57InfusionTest_LinearRampMode_FirstCall_ReturnsInitial_TestD0Ev
FN:292,292,_ZN57InfusionTest_LinearRampMode_FirstCall_ReturnsInitial_TestD2Ev
FN:297,301,_ZN58InfusionTest_LinearRampMode_VolumeComplete_StopsMotor_Test8TestBodyEv
FN:297,301,_ZN58InfusionTest_LinearRampMode_VolumeComplete_StopsMotor_TestC2Ev
FN:297,301,_ZN58InfusionTest_LinearRampMode_VolumeComplete_StopsMotor_TestD0Ev
FN:297,301,_ZN58InfusionTest_LinearRampMode_VolumeComplete_StopsMotor_TestD2Ev
FN:304,309,_ZN57InfusionTest_LinearRampMode_VolumeNotComplete_NoStop_Test8TestBodyEv
FN:304,309,_ZN57InfusionTest_LinearRampMode_VolumeNotComplete_NoStop_TestC2Ev
FN:304,309,_ZN57InfusionTest_LinearRampMode_VolumeNotComplete_NoStop_TestD0Ev
FN:304,309,_ZN57InfusionTest_LinearRampMode_VolumeNotComplete_NoStop_TestD2Ev
FN:31,31,_ZN59InfusionTest_OcclusionMonitor_EqualPressure_ReturnTrue_Test8TestBodyEv
FN:31,31,_ZN59InfusionTest_OcclusionMonitor_EqualPressure_ReturnTrue_TestC2Ev
FN:31,31,_ZN59InfusionTest_OcclusionMonitor_EqualPressure_ReturnTrue_TestD0Ev
FN:31,31,_ZN59InfusionTest_OcclusionMonitor_EqualPressure_ReturnTrue_TestD2Ev
FN:312,317,_ZN57InfusionTest_LinearRampMode_AfterInterval_Increments_Test8TestBodyEv
FN:312,317,_ZN57InfusionTest_LinearRampMode_AfterInterval_Increments_TestC2Ev
FN:312,317,_ZN57InfusionTest_LinearRampMode_AfterInterval_Increments_TestD0Ev
FN:312,317,_ZN57InfusionTest_LinearRampMode_AfterInterval_Increments_TestD2Ev
FN:320,326,_ZN50InfusionTest_LinearRampMode_OverMax_CapsAtFin_Test8TestBodyEv
FN:320,326,_ZN50InfusionTest_LinearRampMode_OverMax_CapsAtFin_TestC2Ev
FN:320,326,_ZN50InfusionTest_LinearRampMode_OverMax_CapsAtFin_TestD0Ev
FN:320,326,_ZN50InfusionTest_LinearRampMode_OverMax_CapsAtFin_TestD2Ev
FN:329,329,_ZN65InfusionTest_LinearRampMode_SecondCallWithinWindow_NoReprint_Test8TestBodyEv
FN:329,329,_ZN65InfusionTest_LinearRampMode_SecondCallWithinWindow_NoReprint_TestC2Ev
FN:329,329,_ZN65InfusionTest_LinearRampMode_SecondCallWithinWindow_NoReprint_TestD0Ev
FN:329,329,_ZN65InfusionTest_LinearRampMode_SecondCallWithinWindow_NoReprint_TestD2Ev
FN:337,337,_ZN61InfusionTest_InfusionMode_SwitchMode_ComputesCorrectRate_Test8TestBodyEv
FN:337,337,_ZN61InfusionTest_InfusionMode_SwitchMode_ComputesCorrectRate_TestC2Ev
FN:337,337,_ZN61InfusionTest_InfusionMode_SwitchMode_ComputesCorrectRate_TestD0Ev
FN:337,337,_ZN61InfusionTest_InfusionMode_SwitchMode_ComputesCorrectRate_TestD2Ev
FN:345,345,_ZN58InfusionTest_InfusionMode_OcclusionAlarm_NotifyCount1_Test8TestBodyEv
FN:345,345,_ZN58InfusionTest_InfusionMode_OcclusionAlarm_NotifyCount1_TestC2Ev
FN:345,345,_ZN58InfusionTest_InfusionMode_OcclusionAlarm_NotifyCount1_TestD0Ev
FN:345,345,_ZN58InfusionTest_InfusionMode_OcclusionAlarm_NotifyCount1_TestD2Ev
FN:353,353,_ZN48InfusionTest_InfusionMode_ApplyRate_NoError_Test8TestBodyEv
FN:353,353,_ZN48InfusionTest_InfusionMode_ApplyRate_NoError_TestC2Ev
FN:353,353,_ZN48InfusionTest_InfusionMode_ApplyRate_NoError_TestD0Ev
FN:353,353,_ZN48InfusionTest_InfusionMode_ApplyRate_NoError_TestD2Ev
FN:359,364,_ZN49InfusionTest_InfusionMode_NoPressure_NoAlarm_Test8TestBodyEv
FN:359,364,_ZN49InfusionTest_InfusionMode_NoPressure_NoAlarm_TestC2Ev
FN:359,364,_ZN49InfusionTest_InfusionMode_NoPressure_NoAlarm_TestD0Ev
FN:359,364,_ZN49InfusionTest_InfusionMode_NoPressure_NoAlarm_TestD2Ev
FN:367,367,_ZN48InfusionTest_InfusionMode_ZeroRate_NoAction_Test8TestBodyEv
FN:367,367,_ZN48InfusionTest_InfusionMode_ZeroRate_NoAction_TestC2Ev
FN:367,367,_ZN48InfusionTest_InfusionMode_ZeroRate_NoAction_TestD0Ev
FN:367,367,_ZN48InfusionTest_InfusionMode_ZeroRate_NoAction_TestD2Ev
FN:37,37,_ZN60InfusionTest_OcclusionMonitor_HighPressure_ReturnsFalse_Test8TestBodyEv
FN:37,37,_ZN60InfusionTest_OcclusionMonitor_HighPressure_ReturnsFalse_TestC2Ev
FN:37,37,_ZN60InfusionTest_OcclusionMonitor_HighPressure_ReturnsFalse_TestD0Ev
FN:37,37,_ZN60InfusionTest_OcclusionMonitor_HighPressure_ReturnsFalse_TestD2Ev
FN:373,373,_ZN52InfusionTest_ModeSwitch_SamePointer_ReturnsSame_Test8TestBodyEv
FN:373,373,_ZN52InfusionTest_ModeSwitch_SamePointer_ReturnsSame_TestC2Ev
FN:373,373,_ZN52InfusionTest_ModeSwitch_SamePointer_ReturnsSame_TestD0Ev
FN:373,373,_ZN52InfusionTest_ModeSwitch_SamePointer_ReturnsSame_TestD2Ev
FN:380,380,_ZN57InfusionTest_ModeSwitch_NoRestart_ResetsNewModeState_Test8TestBodyEv
FN:380,380,_ZN57InfusionTest_ModeSwitch_NoRestart_ResetsNewModeState_TestC2Ev
FN:380,380,_ZN57InfusionTest_ModeSwitch_NoRestart_ResetsNewModeState_TestD0Ev
FN:380,380,_ZN57InfusionTest_ModeSwitch_NoRestart_ResetsNewModeState_TestD2Ev
FN:391,391,_ZN70InfusionTest_LinearRampMode_TotalVolumeDepleted_CompletesInfusion_Test8TestBodyEv
FN:391,391,_ZN70InfusionTest_LinearRampMode_TotalVolumeDepleted_CompletesInfusion_TestC2Ev
FN:391,391,_ZN70InfusionTest_LinearRampMode_TotalVolumeDepleted_CompletesInfusion_TestD0Ev
FN:391,391,_ZN70InfusionTest_LinearRampMode_TotalVolumeDepleted_CompletesInfusion_TestD2Ev
FN:399,399,_ZN59InfusionTest_InfusionMode_NearZeroRate_SkipsMotorStart_Test8TestBodyEv
FN:399,399,_ZN59InfusionTest_InfusionMode_NearZeroRate_SkipsMotorStart_TestC2Ev
FN:399,399,_ZN59InfusionTest_InfusionMode_NearZeroRate_SkipsMotorStart_TestD0Ev
FN:399,399,_ZN59InfusionTest_InfusionMode_NearZeroRate_SkipsMotorStart_TestD2Ev
FN:405,405,_ZN54InfusionTest_InfusionMode_AlarmThrottle_Execution_Test8TestBodyEv
FN:405,405,_ZN54InfusionTest_InfusionMode_AlarmThrottle_Execution_TestC2Ev
FN:405,405,_ZN54InfusionTest_InfusionMode_AlarmThrottle_Execution_TestD0Ev
FN:405,405,_ZN54InfusionTest_InfusionMode_AlarmThrottle_Execution_TestD2Ev
FN:418,418,_ZN49InfusionTest_Hardware_MotorStopStart_NoError_Test8TestBodyEv
FN:418,418,_ZN49InfusionTest_Hardware_MotorStopStart_NoError_TestC2Ev
FN:418,418,_ZN49InfusionTest_Hardware_MotorStopStart_NoError_TestD0Ev
FN:418,418,_ZN49InfusionTest_Hardware_MotorStopStart_NoError_TestD2Ev
FN:43,43,_ZN67InfusionTest_OcclusionMonitor_SecondCallWithinWindow_NoReprint_Test8TestBodyEv
FN:43,43,_ZN67InfusionTest_OcclusionMonitor_SecondCallWithinWindow_NoReprint_TestC2Ev
FN:43,43,_ZN67InfusionTest_OcclusionMonitor_SecondCallWithinWindow_NoReprint_TestD0Ev
FN:43,43,_ZN67InfusionTest_OcclusionMonitor_SecondCallWithinWindow_NoReprint_TestD2Ev
FN:51,51,_ZN50InfusionTest_OcclusionMonitor_CustomThreshold_Test8TestBodyEv
FN:51,51,_ZN50InfusionTest_OcclusionMonitor_CustomThreshold_TestC2Ev
FN:51,51,_ZN50InfusionTest_OcclusionMonitor_CustomThreshold_TestD0Ev
FN:51,51,_ZN50InfusionTest_OcclusionMonitor_CustomThreshold_TestD2Ev
FN:60,60,_ZN67InfusionTest_AlarmManager_ClearOcclusion_ShortCircuitsOnVolume_Test8TestBodyEv
FN:60,60,_ZN67InfusionTest_AlarmManager_ClearOcclusion_ShortCircuitsOnVolume_TestC2Ev
FN:60,60,_ZN67InfusionTest_AlarmManager_ClearOcclusion_ShortCircuitsOnVolume_TestD0Ev
FN:60,60,_ZN67InfusionTest_AlarmManager_ClearOcclusion_ShortCircuitsOnVolume_TestD2Ev
FN:68,68,_ZN58InfusionTest_AlarmObserver_VirtualDestructor_Coverage_Test8TestBodyEv
FN:68,68,_ZN58InfusionTest_AlarmObserver_VirtualDestructor_Coverage_TestC2Ev
FN:68,68,_ZN58InfusionTest_AlarmObserver_VirtualDestructor_Coverage_TestD0Ev
FN:68,68,_ZN58InfusionTest_AlarmObserver_VirtualDestructor_Coverage_TestD2Ev
FN:75,75,_ZN58InfusionTest_AlarmManager_TwoObservers_NotifyCountOne_Test8TestBodyEv
FN:75,75,_ZN58InfusionTest_AlarmManager_TwoObservers_NotifyCountOne_TestC2Ev
FN:75,75,_ZN58InfusionTest_AlarmManager_TwoObservers_NotifyCountOne_TestD0Ev
FN:75,75,_ZN58InfusionTest_AlarmManager_TwoObservers_NotifyCountOne_TestD2Ev
FN:83,83,_ZN52InfusionTest_AlarmManager_NoObservers_CountZero_Test8TestBodyEv
FN:83,83,_ZN52InfusionTest_AlarmManager_NoObservers_CountZero_TestC2Ev
FN:83,83,_ZN52InfusionTest_AlarmManager_NoObservers_CountZero_TestD0Ev
FN:83,83,_ZN52InfusionTest_AlarmManager_NoObservers_CountZero_TestD2Ev
FN:88,88,_ZN47InfusionTest_AlarmManager_ClearAll_NoError_Test8TestBodyEv
FN:88,88,_ZN47InfusionTest_AlarmManager_ClearAll_NoError_TestC2Ev
FN:88,88,_ZN47InfusionTest_AlarmManager_ClearAll_NoError_TestD0Ev
FN:88,88,_ZN47InfusionTest_AlarmManager_ClearAll_NoError_TestD2Ev
FN:96,96,_ZN51InfusionTest_AlarmManager_ClearAll_NoObservers_Test8TestBodyEv
FN:96,96,_ZN51InfusionTest_AlarmManager_ClearAll_NoObservers_TestC2Ev
FN:96,96,_ZN51InfusionTest_AlarmManager_ClearAll_NoObservers_TestD0Ev
FN:96,96,_ZN51InfusionTest_AlarmManager_ClearAll_NoObservers_TestD2Ev
FNDA:49,_ZN12InfusionTest5SetUpEv
FNDA:1,_ZN62InfusionTest_AlarmManager_ClearVolumeWhileOcclusionActive_Test8TestBodyEv
FNDA:1,_ZN62InfusionTest_AlarmManager_ClearVolumeWhileOcclusionActive_TestC2Ev
FNDA:1,_ZN62InfusionTest_AlarmManager_ClearVolumeWhileOcclusionActive_TestD0Ev
FNDA:1,_ZN62InfusionTest_AlarmManager_ClearVolumeWhileOcclusionActive_TestD2Ev
FNDA:1,_ZN62InfusionTest_AlarmManager_ClearBothAlarmsNotifiesObserver_Test8TestBodyEv
FNDA:1,_ZN62InfusionTest_AlarmManager_ClearBothAlarmsNotifiesObserver_TestC2Ev
FNDA:1,_ZN62InfusionTest_AlarmManager_ClearBothAlarmsNotifiesObserver_TestD0Ev
FNDA:1,_ZN62InfusionTest_AlarmManager_ClearBothAlarmsNotifiesObserver_TestD2Ev
FNDA:1,_ZN56InfusionTest_AlarmManager_ClearOcclusionType_Branch_Test8TestBodyEv
FNDA:1,_ZN56InfusionTest_AlarmManager_ClearOcclusionType_Branch_TestC2Ev
FNDA:1,_ZN56InfusionTest_AlarmManager_ClearOcclusionType_Branch_TestD0Ev
FNDA:1,_ZN56InfusionTest_AlarmManager_ClearOcclusionType_Branch_TestD2Ev
FNDA:1,_ZN57InfusionTest_AlarmManager_NotifyOcclusionType_Branch_Test8TestBodyEv
FNDA:1,_ZN57InfusionTest_AlarmManager_NotifyOcclusionType_Branch_TestC2Ev
FNDA:1,_ZN57InfusionTest_AlarmManager_NotifyOcclusionType_Branch_TestD0Ev
FNDA:1,_ZN57InfusionTest_AlarmManager_NotifyOcclusionType_Branch_TestD2Ev
FNDA:1,_ZN51InfusionTest_AlarmManager_AddBeyondMax_Ignored_Test8TestBodyEv
FNDA:1,_ZN51InfusionTest_AlarmManager_AddBeyondMax_Ignored_TestC2Ev
FNDA:1,_ZN51InfusionTest_AlarmManager_AddBeyondMax_Ignored_TestD0Ev
FNDA:1,_ZN51InfusionTest_AlarmManager_AddBeyondMax_Ignored_TestD2Ev
FNDA:1,_ZN59InfusionTest_AlarmManager_AllObservers_UpdateExecution_Test8TestBodyEv
FNDA:1,_ZN59InfusionTest_AlarmManager_AllObservers_UpdateExecution_TestC2Ev
FNDA:1,_ZN59InfusionTest_AlarmManager_AllObservers_UpdateExecution_TestD0Ev
FNDA:1,_ZN59InfusionTest_AlarmManager_AllObservers_UpdateExecution_TestD2Ev
FNDA:1,_ZN51InfusionTest_AlarmManager_ClearAll_ResetsFlags_Test8TestBodyEv
FNDA:1,_ZN51InfusionTest_AlarmManager_ClearAll_ResetsFlags_TestC2Ev
FNDA:1,_ZN51InfusionTest_AlarmManager_ClearAll_ResetsFlags_TestD0Ev
FNDA:1,_ZN51InfusionTest_AlarmManager_ClearAll_ResetsFlags_TestD2Ev
FNDA:1,_ZN52InfusionTest_VolumeTracker_ZeroTime_ReturnsTrue_Test8TestBodyEv
FNDA:1,_ZN52InfusionTest_VolumeTracker_ZeroTime_ReturnsTrue_TestC2Ev
FNDA:1,_ZN52InfusionTest_VolumeTracker_ZeroTime_ReturnsTrue_TestD0Ev
FNDA:1,_ZN52InfusionTest_VolumeTracker_ZeroTime_ReturnsTrue_TestD2Ev
FNDA:1,_ZN60InfusionTest_VolumeTracker_TimeElapsed_ReturnsDeviation_Test8TestBodyEv
FNDA:1,_ZN60InfusionTest_VolumeTracker_TimeElapsed_ReturnsDeviation_TestC2Ev
FNDA:1,_ZN60InfusionTest_VolumeTracker_TimeElapsed_ReturnsDeviation_TestD0Ev
FNDA:1,_ZN60InfusionTest_VolumeTracker_TimeElapsed_ReturnsDeviation_TestD2Ev
FNDA:1,_ZN56InfusionTest_VolumeTracker_CorrectTicks_ReturnsTrue_Test8TestBodyEv
FNDA:1,_ZN56InfusionTest_VolumeTracker_CorrectTicks_ReturnsTrue_TestC2Ev
FNDA:1,_ZN56InfusionTest_VolumeTracker_CorrectTicks_ReturnsTrue_TestD0Ev
FNDA:1,_ZN56InfusionTest_VolumeTracker_CorrectTicks_ReturnsTrue_TestD2Ev
FNDA:1,_ZN56InfusionTest_VolumeTracker_EarlyElapsed_ReturnsTrue_Test8TestBodyEv
FNDA:1,_ZN56InfusionTest_VolumeTracker_EarlyElapsed_ReturnsTrue_TestC2Ev
FNDA:1,_ZN56InfusionTest_VolumeTracker_EarlyElapsed_ReturnsTrue_TestD0Ev
FNDA:1,_ZN56InfusionTest_VolumeTracker_EarlyElapsed_ReturnsTrue_TestD2Ev
FNDA:1,_ZN60InfusionTest_VolumeTracker_AlreadyCorrected_SkipsRecalc_Test8TestBodyEv
FNDA:1,_ZN60InfusionTest_VolumeTracker_AlreadyCorrected_SkipsRecalc_TestC2Ev
FNDA:1,_ZN60InfusionTest_VolumeTracker_AlreadyCorrected_SkipsRecalc_TestD0Ev
FNDA:1,_ZN60InfusionTest_VolumeTracker_AlreadyCorrected_SkipsRecalc_TestD2Ev
FNDA:1,_ZN63InfusionTest_VolumeTracker_OffsetCapture_TicksReflectDelta_Test8TestBodyEv
FNDA:1,_ZN63InfusionTest_VolumeTracker_OffsetCapture_TicksReflectDelta_TestC2Ev
FNDA:1,_ZN63InfusionTest_VolumeTracker_OffsetCapture_TicksReflectDelta_TestD0Ev
FNDA:1,_ZN63InfusionTest_VolumeTracker_OffsetCapture_TicksReflectDelta_TestD2Ev
FNDA:1,_ZN64InfusionTest_VolumeTracker_SecondCallWithinWindow_NoReprint_Test8TestBodyEv
FNDA:1,_ZN64InfusionTest_VolumeTracker_SecondCallWithinWindow_NoReprint_TestC2Ev
FNDA:1,_ZN64InfusionTest_VolumeTracker_SecondCallWithinWindow_NoReprint_TestD0Ev
FNDA:1,_ZN64InfusionTest_VolumeTracker_SecondCallWithinWindow_NoReprint_TestD2Ev
FNDA:1,_ZN60InfusionTest_VolumeTracker_NearZeroExpected_ReturnsTrue_Test8TestBodyEv
FNDA:1,_ZN60InfusionTest_VolumeTracker_NearZeroExpected_ReturnsTrue_TestC2Ev
FNDA:1,_ZN60InfusionTest_VolumeTracker_NearZeroExpected_ReturnsTrue_TestD0Ev
FNDA:1,_ZN60InfusionTest_VolumeTracker_NearZeroExpected_ReturnsTrue_TestD2Ev
FNDA:1,_ZN68InfusionTest_VolumeTracker_HighDeviation_TriggersAlarmCondition_Test8TestBodyEv
FNDA:1,_ZN68InfusionTest_VolumeTracker_HighDeviation_TriggersAlarmCondition_TestC2Ev
FNDA:1,_ZN68InfusionTest_VolumeTracker_HighDeviation_TriggersAlarmCondition_TestD0Ev
FNDA:1,_ZN68InfusionTest_VolumeTracker_HighDeviation_TriggersAlarmCondition_TestD2Ev
FNDA:1,_ZN56InfusionTest_InfusionMode_AlarmThrottle_FalseBranch_Test8TestBodyEv
FNDA:1,_ZN56InfusionTest_InfusionMode_AlarmThrottle_FalseBranch_TestC2Ev
FNDA:1,_ZN56InfusionTest_InfusionMode_AlarmThrottle_FalseBranch_TestD0Ev
FNDA:1,_ZN56InfusionTest_InfusionMode_AlarmThrottle_FalseBranch_TestD2Ev
FNDA:1,_ZN61InfusionTest_OcclusionMonitor_NormalPressure_ReturnsTrue_Test8TestBodyEv
FNDA:1,_ZN61InfusionTest_OcclusionMonitor_NormalPressure_ReturnsTrue_TestC2Ev
FNDA:1,_ZN61InfusionTest_OcclusionMonitor_NormalPressure_ReturnsTrue_TestD0Ev
FNDA:1,_ZN61InfusionTest_OcclusionMonitor_NormalPressure_ReturnsTrue_TestD2Ev
FNDA:1,_ZN51InfusionTest_InfusionMode_VolumeAlarm_Coverage_Test8TestBodyEv
FNDA:1,_ZN51InfusionTest_InfusionMode_VolumeAlarm_Coverage_TestC2Ev
FNDA:1,_ZN51InfusionTest_InfusionMode_VolumeAlarm_Coverage_TestD0Ev
FNDA:1,_ZN51InfusionTest_InfusionMode_VolumeAlarm_Coverage_TestD2Ev
FNDA:1,_ZN56InfusionTest_VolumeTracker_ZeroTicks_AlarmTriggered_Test8TestBodyEv
FNDA:1,_ZN56InfusionTest_VolumeTracker_ZeroTicks_AlarmTriggered_TestC2Ev
FNDA:1,_ZN56InfusionTest_VolumeTracker_ZeroTicks_AlarmTriggered_TestD0Ev
FNDA:1,_ZN56InfusionTest_VolumeTracker_ZeroTicks_AlarmTriggered_TestD2Ev
FNDA:1,_ZN38InfusionTest_VolumeAlertThrottled_Test8TestBodyEv
FNDA:1,_ZN38InfusionTest_VolumeAlertThrottled_TestC2Ev
FNDA:1,_ZN38InfusionTest_VolumeAlertThrottled_TestD0Ev
FNDA:1,_ZN38InfusionTest_VolumeAlertThrottled_TestD2Ev
FNDA:1,_ZN57InfusionTest_ConstantRateMode_ComputeRate_Returns100_Test8TestBodyEv
FNDA:1,_ZN57InfusionTest_ConstantRateMode_ComputeRate_Returns100_TestC2Ev
FNDA:1,_ZN57InfusionTest_ConstantRateMode_ComputeRate_Returns100_TestD0Ev
FNDA:1,_ZN57InfusionTest_ConstantRateMode_ComputeRate_Returns100_TestD2Ev
FNDA:1,_ZN57InfusionTest_LinearRampMode_FirstCall_ReturnsInitial_Test8TestBodyEv
FNDA:1,_ZN57InfusionTest_LinearRampMode_FirstCall_ReturnsInitial_TestC2Ev
FNDA:1,_ZN57InfusionTest_LinearRampMode_FirstCall_ReturnsInitial_TestD0Ev
FNDA:1,_ZN57InfusionTest_LinearRampMode_FirstCall_ReturnsInitial_TestD2Ev
FNDA:1,_ZN58InfusionTest_LinearRampMode_VolumeComplete_StopsMotor_Test8TestBodyEv
FNDA:1,_ZN58InfusionTest_LinearRampMode_VolumeComplete_StopsMotor_TestC2Ev
FNDA:1,_ZN58InfusionTest_LinearRampMode_VolumeComplete_StopsMotor_TestD0Ev
FNDA:1,_ZN58InfusionTest_LinearRampMode_VolumeComplete_StopsMotor_TestD2Ev
FNDA:1,_ZN57InfusionTest_LinearRampMode_VolumeNotComplete_NoStop_Test8TestBodyEv
FNDA:1,_ZN57InfusionTest_LinearRampMode_VolumeNotComplete_NoStop_TestC2Ev
FNDA:1,_ZN57InfusionTest_LinearRampMode_VolumeNotComplete_NoStop_TestD0Ev
FNDA:1,_ZN57InfusionTest_LinearRampMode_VolumeNotComplete_NoStop_TestD2Ev
FNDA:1,_ZN59InfusionTest_OcclusionMonitor_EqualPressure_ReturnTrue_Test8TestBodyEv
FNDA:1,_ZN59InfusionTest_OcclusionMonitor_EqualPressure_ReturnTrue_TestC2Ev
FNDA:1,_ZN59InfusionTest_OcclusionMonitor_EqualPressure_ReturnTrue_TestD0Ev
FNDA:1,_ZN59InfusionTest_OcclusionMonitor_EqualPressure_ReturnTrue_TestD2Ev
FNDA:1,_ZN57InfusionTest_LinearRampMode_AfterInterval_Increments_Test8TestBodyEv
FNDA:1,_ZN57InfusionTest_LinearRampMode_AfterInterval_Increments_TestC2Ev
FNDA:1,_ZN57InfusionTest_LinearRampMode_AfterInterval_Increments_TestD0Ev
FNDA:1,_ZN57InfusionTest_LinearRampMode_AfterInterval_Increments_TestD2Ev
FNDA:1,_ZN50InfusionTest_LinearRampMode_OverMax_CapsAtFin_Test8TestBodyEv
FNDA:1,_ZN50InfusionTest_LinearRampMode_OverMax_CapsAtFin_TestC2Ev
FNDA:1,_ZN50InfusionTest_LinearRampMode_OverMax_CapsAtFin_TestD0Ev
FNDA:1,_ZN50InfusionTest_LinearRampMode_OverMax_CapsAtFin_TestD2Ev
FNDA:1,_ZN65InfusionTest_LinearRampMode_SecondCallWithinWindow_NoReprint_Test8TestBodyEv
FNDA:1,_ZN65InfusionTest_LinearRampMode_SecondCallWithinWindow_NoReprint_TestC2Ev
FNDA:1,_ZN65InfusionTest_LinearRampMode_SecondCallWithinWindow_NoReprint_TestD0Ev
FNDA:1,_ZN65InfusionTest_LinearRampMode_SecondCallWithinWindow_NoReprint_TestD2Ev
FNDA:1,_ZN61InfusionTest_InfusionMode_SwitchMode_ComputesCorrectRate_Test8TestBodyEv
FNDA:1,_ZN61InfusionTest_InfusionMode_SwitchMode_ComputesCorrectRate_TestC2Ev
FNDA:1,_ZN61InfusionTest_InfusionMode_SwitchMode_ComputesCorrectRate_TestD0Ev
FNDA:1,_ZN61InfusionTest_InfusionMode_SwitchMode_ComputesCorrectRate_TestD2Ev
FNDA:1,_ZN58InfusionTest_InfusionMode_OcclusionAlarm_NotifyCount1_Test8TestBodyEv
FNDA:1,_ZN58InfusionTest_InfusionMode_OcclusionAlarm_NotifyCount1_TestC2Ev
FNDA:1,_ZN58InfusionTest_InfusionMode_OcclusionAlarm_NotifyCount1_TestD0Ev
FNDA:1,_ZN58InfusionTest_InfusionMode_OcclusionAlarm_NotifyCount1_TestD2Ev
FNDA:1,_ZN48InfusionTest_InfusionMode_ApplyRate_NoError_Test8TestBodyEv
FNDA:1,_ZN48InfusionTest_InfusionMode_ApplyRate_NoError_TestC2Ev
FNDA:1,_ZN48InfusionTest_InfusionMode_ApplyRate_NoError_TestD0Ev
FNDA:1,_ZN48InfusionTest_InfusionMode_ApplyRate_NoError_TestD2Ev
FNDA:1,_ZN49InfusionTest_InfusionMode_NoPressure_NoAlarm_Test8TestBodyEv
FNDA:1,_ZN49InfusionTest_InfusionMode_NoPressure_NoAlarm_TestC2Ev
FNDA:1,_ZN49InfusionTest_InfusionMode_NoPressure_NoAlarm_TestD0Ev
FNDA:1,_ZN49InfusionTest_InfusionMode_NoPressure_NoAlarm_TestD2Ev
FNDA:1,_ZN48InfusionTest_InfusionMode_ZeroRate_NoAction_Test8TestBodyEv
FNDA:1,_ZN48InfusionTest_InfusionMode_ZeroRate_NoAction_TestC2Ev
FNDA:1,_ZN48InfusionTest_InfusionMode_ZeroRate_NoAction_TestD0Ev
FNDA:1,_ZN48InfusionTest_InfusionMode_ZeroRate_NoAction_TestD2Ev
FNDA:1,_ZN60InfusionTest_OcclusionMonitor_HighPressure_ReturnsFalse_Test8TestBodyEv
FNDA:1,_ZN60InfusionTest_OcclusionMonitor_HighPressure_ReturnsFalse_TestC2Ev
FNDA:1,_ZN60InfusionTest_OcclusionMonitor_HighPressure_ReturnsFalse_TestD0Ev
FNDA:1,_ZN60InfusionTest_OcclusionMonitor_HighPressure_ReturnsFalse_TestD2Ev
FNDA:1,_ZN52InfusionTest_ModeSwitch_SamePointer_ReturnsSame_Test8TestBodyEv
FNDA:1,_ZN52InfusionTest_ModeSwitch_SamePointer_ReturnsSame_TestC2Ev
FNDA:1,_ZN52InfusionTest_ModeSwitch_SamePointer_ReturnsSame_TestD0Ev
FNDA:1,_ZN52InfusionTest_ModeSwitch_SamePointer_ReturnsSame_TestD2Ev
FNDA:1,_ZN57InfusionTest_ModeSwitch_NoRestart_ResetsNewModeState_Test8TestBodyEv
FNDA:1,_ZN57InfusionTest_ModeSwitch_NoRestart_ResetsNewModeState_TestC2Ev
FNDA:1,_ZN57InfusionTest_ModeSwitch_NoRestart_ResetsNewModeState_TestD0Ev
FNDA:1,_ZN57InfusionTest_ModeSwitch_NoRestart_ResetsNewModeState_TestD2Ev
FNDA:1,_ZN70InfusionTest_LinearRampMode_TotalVolumeDepleted_CompletesInfusion_Test8TestBodyEv
FNDA:1,_ZN70InfusionTest_LinearRampMode_TotalVolumeDepleted_CompletesInfusion_TestC2Ev
FNDA:1,_ZN70InfusionTest_LinearRampMode_TotalVolumeDepleted_CompletesInfusion_TestD0Ev
FNDA:1,_ZN70InfusionTest_LinearRampMode_TotalVolumeDepleted_CompletesInfusion_TestD2Ev
FNDA:1,_ZN59InfusionTest_InfusionMode_NearZeroRate_SkipsMotorStart_Test8TestBodyEv
FNDA:1,_ZN59InfusionTest_InfusionMode_NearZeroRate_SkipsMotorStart_TestC2Ev
FNDA:1,_ZN59InfusionTest_InfusionMode_NearZeroRate_SkipsMotorStart_TestD0Ev
FNDA:1,_ZN59InfusionTest_InfusionMode_NearZeroRate_SkipsMotorStart_TestD2Ev
FNDA:1,_ZN54InfusionTest_InfusionMode_AlarmThrottle_Execution_Test8TestBodyEv
FNDA:1,_ZN54InfusionTest_InfusionMode_AlarmThrottle_Execution_TestC2Ev
FNDA:1,_ZN54InfusionTest_InfusionMode_AlarmThrottle_Execution_TestD0Ev
FNDA:1,_ZN54InfusionTest_InfusionMode_AlarmThrottle_Execution_TestD2Ev
FNDA:1,_ZN49InfusionTest_Hardware_MotorStopStart_NoError_Test8TestBodyEv
FNDA:1,_ZN49InfusionTest_Hardware_MotorStopStart_NoError_TestC2Ev
FNDA:1,_ZN49InfusionTest_Hardware_MotorStopStart_NoError_TestD0Ev
FNDA:1,_ZN49InfusionTest_Hardware_MotorStopStart_NoError_TestD2Ev
FNDA:1,_ZN67InfusionTest_OcclusionMonitor_SecondCallWithinWindow_NoReprint_Test8TestBodyEv
FNDA:1,_ZN67InfusionTest_OcclusionMonitor_SecondCallWithinWindow_NoReprint_TestC2Ev
FNDA:1,_ZN67InfusionTest_OcclusionMonitor_SecondCallWithinWindow_NoReprint_TestD0Ev
FNDA:1,_ZN67InfusionTest_OcclusionMonitor_SecondCallWithinWindow_NoReprint_TestD2Ev
FNDA:1,_ZN50InfusionTest_OcclusionMonitor_CustomThreshold_Test8TestBodyEv
FNDA:1,_ZN50InfusionTest_OcclusionMonitor_CustomThreshold_TestC2Ev
FNDA:1,_ZN50InfusionTest_OcclusionMonitor_CustomThreshold_TestD0Ev
FNDA:1,_ZN50InfusionTest_OcclusionMonitor_CustomThreshold_TestD2Ev
FNDA:1,_ZN67InfusionTest_AlarmManager_ClearOcclusion_ShortCircuitsOnVolume_Test8TestBodyEv
FNDA:1,_ZN67InfusionTest_AlarmManager_ClearOcclusion_ShortCircuitsOnVolume_TestC2Ev
FNDA:1,_ZN67InfusionTest_AlarmManager_ClearOcclusion_ShortCircuitsOnVolume_TestD0Ev
FNDA:1,_ZN67InfusionTest_AlarmManager_ClearOcclusion_ShortCircuitsOnVolume_TestD2Ev
FNDA:1,_ZN58InfusionTest_AlarmObserver_VirtualDestructor_Coverage_Test8TestBodyEv
FNDA:1,_ZN58InfusionTest_AlarmObserver_VirtualDestructor_Coverage_TestC2Ev
FNDA:1,_ZN58InfusionTest_AlarmObserver_VirtualDestructor_Coverage_TestD0Ev
FNDA:1,_ZN58InfusionTest_AlarmObserver_VirtualDestructor_Coverage_TestD2Ev
FNDA:1,_ZN58InfusionTest_AlarmManager_TwoObservers_NotifyCountOne_Test8TestBodyEv
FNDA:1,_ZN58InfusionTest_AlarmManager_TwoObservers_NotifyCountOne_TestC2Ev
FNDA:1,_ZN58InfusionTest_AlarmManager_TwoObservers_NotifyCountOne_TestD0Ev
FNDA:1,_ZN58InfusionTest_AlarmManager_TwoObservers_NotifyCountOne_TestD2Ev
FNDA:1,_ZN52InfusionTest_AlarmManager_NoObservers_CountZero_Test8TestBodyEv
FNDA:1,_ZN52InfusionTest_AlarmManager_NoObservers_CountZero_TestC2Ev
FNDA:1,_ZN52InfusionTest_AlarmManager_NoObservers_CountZero_TestD0Ev
FNDA:1,_ZN52InfusionTest_AlarmManager_NoObservers_CountZero_TestD2Ev
FNDA:1,_ZN47InfusionTest_AlarmManager_ClearAll_NoError_Test8TestBodyEv
FNDA:1,_ZN47InfusionTest_AlarmManager_ClearAll_NoError_TestC2Ev
FNDA:1,_ZN47InfusionTest_AlarmManager_ClearAll_NoError_TestD0Ev
FNDA:1,_ZN47InfusionTest_AlarmManager_ClearAll_NoError_TestD2Ev
FNDA:1,_ZN51InfusionTest_AlarmManager_ClearAll_NoObservers_Test8TestBodyEv
FNDA:1,_ZN51InfusionTest_AlarmManager_ClearAll_NoObservers_TestC2Ev
FNDA:1,_ZN51InfusionTest_AlarmManager_ClearAll_NoObservers_TestD0Ev
FNDA:1,_ZN51InfusionTest_AlarmManager_ClearAll_NoObservers_TestD2Ev
FNF:197
FNH:197
BRDA:27,0,0,1
BRDA:27,e0,1,0
BRDA:27,0,2,0
BRDA:27,0,3,1
BRDA:27,0,4,0
BRDA:27,e0,5,0
BRDA:27,0,6,0
BRDA:27,e0,7,0
BRDA:27,0,8,0
BRDA:27,e0,9,0
BRDA:27,0,10,0
BRDA:27,e0,11,0
BRDA:33,0,0,1
BRDA:33,e0,1,0
BRDA:33,0,2,0
BRDA:33,0,3,1
BRDA:33,0,4,0
BRDA:33,e0,5,0
BRDA:33,0,6,0
BRDA:33,e0,7,0
BRDA:33,0,8,0
BRDA:33,e0,9,0
BRDA:33,0,10,0
BRDA:33,e0,11,0
BRDA:39,0,0,1
BRDA:39,e0,1,0
BRDA:39,0,2,0
BRDA:39,0,3,1
BRDA:39,0,4,0
BRDA:39,e0,5,0
BRDA:39,0,6,0
BRDA:39,e0,7,0
BRDA:39,0,8,0
BRDA:39,e0,9,0
BRDA:39,0,10,0
BRDA:39,e0,11,0
BRDA:47,0,0,1
BRDA:47,e0,1,0
BRDA:47,0,2,0
BRDA:47,0,3,1
BRDA:47,0,4,0
BRDA:47,e0,5,0
BRDA:47,0,6,0
BRDA:47,e0,7,0
BRDA:47,0,8,0
BRDA:47,e0,9,0
BRDA:47,0,10,0
BRDA:47,e0,11,0
BRDA:54,0,0,1
BRDA:54,e0,1,0
BRDA:54,0,2,0
BRDA:54,0,3,1
BRDA:54,0,4,0
BRDA:54,e0,5,0
BRDA:54,0,6,0
BRDA:54,e0,7,0
BRDA:54,0,8,0
BRDA:54,e0,9,0
BRDA:54,0,10,0
BRDA:54,e0,11,0
BRDA:64,0,0,0
BRDA:64,0,1,1
BRDA:64,0,2,0
BRDA:64,e0,3,0
BRDA:64,0,4,0
BRDA:64,e0,5,0
BRDA:64,0,6,0
BRDA:64,e0,7,0
BRDA:64,0,8,0
BRDA:64,e0,9,0
BRDA:70,0,0,1
BRDA:70,0,1,0
BRDA:71,0,0,0
BRDA:71,0,1,1
BRDA:71,0,2,0
BRDA:71,e0,3,0
BRDA:71,0,4,0
BRDA:71,e0,5,0
BRDA:71,0,6,0
BRDA:71,e0,7,0
BRDA:71,0,8,0
BRDA:71,e0,9,0
BRDA:77,0,0,1
BRDA:77,e0,1,0
BRDA:77,0,2,1
BRDA:77,e0,3,0
BRDA:78,0,0,1
BRDA:78,e0,1,0
BRDA:79,0,0,1
BRDA:79,e0,1,0
BRDA:79,0,2,0
BRDA:79,0,3,1
BRDA:79,0,4,0
BRDA:79,e0,5,0
BRDA:79,0,6,0
BRDA:79,e0,7,0
BRDA:79,0,8,0
BRDA:79,e0,9,0
BRDA:84,0,0,1
BRDA:84,e0,1,0
BRDA:84,0,2,0
BRDA:84,0,3,1
BRDA:84,0,4,0
BRDA:84,e0,5,0
BRDA:84,0,6,0
BRDA:84,e0,7,0
BRDA:84,0,8,0
BRDA:84,e0,9,0
BRDA:90,0,0,1
BRDA:90,e0,1,0
BRDA:90,0,2,1
BRDA:90,e0,3,0
BRDA:91,0,0,1
BRDA:91,e0,1,0
BRDA:92,0,0,1
BRDA:92,e0,1,0
BRDA:92,0,2,0
BRDA:92,0,3,1
BRDA:92,0,4,0
BRDA:92,e0,5,0
BRDA:92,0,6,0
BRDA:92,e0,7,0
BRDA:92,0,8,0
BRDA:92,e0,9,0
BRDA:98,0,0,1
BRDA:98,e0,1,0
BRDA:98,0,2,0
BRDA:98,0,3,1
BRDA:98,0,4,0
BRDA:98,e0,5,0
BRDA:98,0,6,0
BRDA:98,e0,7,0
BRDA:98,0,8,0
BRDA:98,e0,9,0
BRDA:106,0,0,0
BRDA:106,0,1,1
BRDA:106,0,2,0
BRDA:106,e0,3,0
BRDA:106,0,4,0
BRDA:106,e0,5,0
BRDA:106,0,6,0
BRDA:106,e0,7,0
BRDA:106,0,8,0
BRDA:106,e0,9,0
BRDA:112,0,0,1
BRDA:112,e0,1,0
BRDA:113,0,0,1
BRDA:113,e0,1,0
BRDA:114,0,0,1
BRDA:114,e0,1,0
BRDA:115,0,0,0
BRDA:115,0,1,1
BRDA:115,0,2,0
BRDA:115,e0,3,0
BRDA:115,0,4,0
BRDA:115,e0,5,0
BRDA:115,0,6,0
BRDA:115,e0,7,0
BRDA:115,0,8,0
BRDA:115,e0,9,0
BRDA:122,0,0,0
BRDA:122,0,1,1
BRDA:122,0,2,0
BRDA:122,e0,3,0
BRDA:122,0,4,0
BRDA:122,e0,5,0
BRDA:122,0,6,0
BRDA:122,e0,7,0
BRDA:122,0,8,0
BRDA:122,e0,9,0
BRDA:128,0,0,1
BRDA:128,e0,1,0
BRDA:128,0,2,0
BRDA:128,0,3,1
BRDA:128,0,4,0
BRDA:128,e0,5,0
BRDA:128,0,6,0
BRDA:128,e0,7,0
BRDA:128,0,8,0
BRDA:128,e0,9,0
BRDA:134,0,0,1
BRDA:134,e0,1,0
BRDA:135,0,0,1
BRDA:135,e0,1,0
BRDA:136,0,0,1
BRDA:136,e0,1,0
BRDA:137,0,0,1
BRDA:137,e0,1,0
BRDA:139,0,0,1
BRDA:139,e0,1,0
BRDA:140,0,0,0
BRDA:140,0,1,1
BRDA:140,0,2,0
BRDA:140,e0,3,0
BRDA:140,0,4,0
BRDA:140,e0,5,0
BRDA:140,0,6,0
BRDA:140,e0,7,0
BRDA:140,0,8,0
BRDA:140,e0,9,0
BRDA:146,0,0,1
BRDA:146,e0,1,0
BRDA:147,0,0,1
BRDA:147,e0,1,0
BRDA:148,0,0,1
BRDA:148,e0,1,0
BRDA:149,0,0,1
BRDA:149,e0,1,0
BRDA:150,0,0,1
BRDA:150,e0,1,0
BRDA:150,0,2,0
BRDA:150,0,3,1
BRDA:150,0,4,0
BRDA:150,e0,5,0
BRDA:150,0,6,0
BRDA:150,e0,7,0
BRDA:150,0,8,0
BRDA:150,e0,9,0
BRDA:151,0,0,1
BRDA:151,e0,1,0
BRDA:152,0,0,0
BRDA:152,0,1,1
BRDA:152,0,2,0
BRDA:152,e0,3,0
BRDA:152,0,4,0
BRDA:152,e0,5,0
BRDA:152,0,6,0
BRDA:152,e0,7,0
BRDA:152,0,8,0
BRDA:152,e0,9,0
BRDA:160,0,0,0
BRDA:160,0,1,1
BRDA:160,0,2,0
BRDA:160,e0,3,0
BRDA:160,0,4,0
BRDA:160,e0,5,0
BRDA:160,0,6,0
BRDA:160,e0,7,0
BRDA:160,0,8,0
BRDA:160,e0,9,0
BRDA:168,0,0,1
BRDA:168,e0,1,0
BRDA:168,0,2,0
BRDA:168,0,3,1
BRDA:168,0,4,0
BRDA:168,e0,5,0
BRDA:168,0,6,0
BRDA:168,e0,7,0
BRDA:168,0,8,0
BRDA:168,e0,9,0
BRDA:168,0,10,0
BRDA:168,e0,11,0
BRDA:176,0,0,1
BRDA:176,e0,1,0
BRDA:176,0,2,0
BRDA:176,0,3,1
BRDA:176,0,4,0
BRDA:176,e0,5,0
BRDA:176,0,6,0
BRDA:176,e0,7,0
BRDA:176,0,8,0
BRDA:176,e0,9,0
BRDA:176,0,10,0
BRDA:176,e0,11,0
BRDA:184,0,0,1
BRDA:184,e0,1,0
BRDA:184,0,2,0
BRDA:184,0,3,1
BRDA:184,0,4,0
BRDA:184,e0,5,0
BRDA:184,0,6,0
BRDA:184,e0,7,0
BRDA:184,0,8,0
BRDA:184,e0,9,0
BRDA:184,0,10,0
BRDA:184,e0,11,0
BRDA:190,0,0,1
BRDA:190,e0,1,0
BRDA:190,0,2,0
BRDA:190,0,3,1
BRDA:190,0,4,0
BRDA:190,e0,5,0
BRDA:190,0,6,0
BRDA:190,e0,7,0
BRDA:190,0,8,0
BRDA:190,e0,9,0
BRDA:190,0,10,0
BRDA:190,e0,11,0
BRDA:209,0,0,1
BRDA:209,e0,1,0
BRDA:209,0,2,0
BRDA:209,0,3,1
BRDA:209,0,4,0
BRDA:209,e0,5,0
BRDA:209,0,6,0
BRDA:209,e0,7,0
BRDA:209,0,8,0
BRDA:209,e0,9,0
BRDA:226,0,0,1
BRDA:226,e0,1,0
BRDA:226,0,2,0
BRDA:226,0,3,1
BRDA:226,0,4,0
BRDA:226,e0,5,0
BRDA:226,0,6,0
BRDA:226,e0,7,0
BRDA:226,0,8,0
BRDA:226,e0,9,0
BRDA:226,0,10,0
BRDA:226,e0,11,0
BRDA:235,0,0,1
BRDA:235,e0,1,0
BRDA:235,0,2,0
BRDA:235,0,3,1
BRDA:235,0,4,0
BRDA:235,e0,5,0
BRDA:235,0,6,0
BRDA:235,e0,7,0
BRDA:235,0,8,0
BRDA:235,e0,9,0
BRDA:235,0,10,0
BRDA:235,e0,11,0
BRDA:251,0,0,0
BRDA:251,0,1,1
BRDA:251,0,2,0
BRDA:251,e0,3,0
BRDA:251,0,4,0
BRDA:251,e0,5,0
BRDA:251,0,6,0
BRDA:251,e0,7,0
BRDA:251,0,8,0
BRDA:251,e0,9,0
BRDA:264,0,0,0
BRDA:264,0,1,1
BRDA:264,0,2,0
BRDA:264,e0,3,0
BRDA:264,0,4,0
BRDA:264,e0,5,0
BRDA:264,0,6,0
BRDA:264,e0,7,0
BRDA:264,0,8,0
BRDA:264,e0,9,0
BRDA:273,0,0,1
BRDA:273,e0,1,0
BRDA:273,0,2,0
BRDA:273,0,3,1
BRDA:273,0,4,0
BRDA:273,e0,5,0
BRDA:273,0,6,0
BRDA:273,e0,7,0
BRDA:273,0,8,0
BRDA:273,e0,9,0
BRDA:288,0,0,1
BRDA:288,e0,1,0
BRDA:288,0,2,1
BRDA:288,e0,3,0
BRDA:288,0,4,0
BRDA:288,0,5,1
BRDA:288,0,6,0
BRDA:288,e0,7,0
BRDA:288,0,8,0
BRDA:288,e0,9,0
BRDA:288,0,10,0
BRDA:288,e0,11,0
BRDA:293,0,0,1
BRDA:293,e0,1,0
BRDA:293,0,2,1
BRDA:293,e0,3,0
BRDA:293,0,4,0
BRDA:293,0,5,1
BRDA:293,0,6,0
BRDA:293,e0,7,0
BRDA:293,0,8,0
BRDA:293,e0,9,0
BRDA:293,0,10,0
BRDA:293,e0,11,0
BRDA:299,0,0,1
BRDA:299,e0,1,0
BRDA:300,0,0,0
BRDA:300,0,1,1
BRDA:300,0,2,0
BRDA:300,e0,3,0
BRDA:300,0,4,0
BRDA:300,e0,5,0
BRDA:300,0,6,0
BRDA:300,e0,7,0
BRDA:300,0,8,0
BRDA:300,e0,9,0
BRDA:306,0,0,0
BRDA:306,0,1,1
BRDA:306,0,2,0
BRDA:306,e0,3,0
BRDA:306,0,4,0
BRDA:306,e0,5,0
BRDA:306,0,6,0
BRDA:306,e0,7,0
BRDA:306,0,8,0
BRDA:306,e0,9,0
BRDA:308,0,0,0
BRDA:308,0,1,1
BRDA:308,0,2,0
BRDA:308,e0,3,0
BRDA:308,0,4,0
BRDA:308,e0,5,0
BRDA:308,0,6,0
BRDA:308,e0,7,0
BRDA:308,0,8,0
BRDA:308,e0,9,0
BRDA:316,0,0,1
BRDA:316,e0,1,0
BRDA:316,0,2,1
BRDA:316,e0,3,0
BRDA:316,0,4,0
BRDA:316,0,5,1
BRDA:316,0,6,0
BRDA:316,e0,7,0
BRDA:316,0,8,0
BRDA:316,e0,9,0
BRDA:316,0,10,0
BRDA:316,e0,11,0
BRDA:321,0,0,60
BRDA:321,0,1,1
BRDA:325,0,0,1
BRDA:325,e0,1,0
BRDA:325,0,2,0
BRDA:325,0,3,1
BRDA:325,0,4,0
BRDA:325,e0,5,0
BRDA:325,0,6,0
BRDA:325,e0,7,0
BRDA:325,0,8,0
BRDA:325,e0,9,0
BRDA:339,0,0,1
BRDA:339,e0,1,0
BRDA:339,0,2,1
BRDA:339,e0,3,0
BRDA:339,0,4,0
BRDA:339,0,5,1
BRDA:339,0,6,0
BRDA:339,e0,7,0
BRDA:339,0,8,0
BRDA:339,e0,9,0
BRDA:339,0,10,0
BRDA:339,e0,11,0
BRDA:341,0,0,1
BRDA:341,e0,1,0
BRDA:341,0,2,1
BRDA:341,e0,3,0
BRDA:341,0,4,0
BRDA:341,0,5,1
BRDA:341,0,6,0
BRDA:341,e0,7,0
BRDA:341,0,8,0
BRDA:341,e0,9,0
BRDA:341,0,10,0
BRDA:341,e0,11,0
BRDA:349,0,0,1
BRDA:349,e0,1,0
BRDA:349,0,2,0
BRDA:349,0,3,1
BRDA:349,0,4,0
BRDA:349,e0,5,0
BRDA:349,0,6,0
BRDA:349,e0,7,0
BRDA:349,0,8,0
BRDA:349,e0,9,0
BRDA:363,0,0,1
BRDA:363,e0,1,0
BRDA:363,0,2,0
BRDA:363,0,3,1
BRDA:363,0,4,0
BRDA:363,e0,5,0
BRDA:363,0,6,0
BRDA:363,e0,7,0
BRDA:363,0,8,0
BRDA:363,e0,9,0
BRDA:369,0,0,1
BRDA:369,e0,1,0
BRDA:375,0,0,1
BRDA:375,e0,1,0
BRDA:376,0,0,1
BRDA:376,e0,1,0
BRDA:376,0,2,0
BRDA:376,0,3,1
BRDA:376,0,4,0
BRDA:376,e0,5,0
BRDA:376,0,6,0
BRDA:376,e0,7,0
BRDA:376,0,8,0
BRDA:376,e0,9,0
BRDA:383,0,0,1
BRDA:383,e0,1,0
BRDA:385,0,0,1
BRDA:385,e0,1,0
BRDA:386,0,0,1
BRDA:386,e0,1,0
BRDA:386,0,2,0
BRDA:386,0,3,1
BRDA:386,0,4,0
BRDA:386,e0,5,0
BRDA:386,0,6,0
BRDA:386,e0,7,0
BRDA:386,0,8,0
BRDA:386,e0,9,0
BRDA:387,0,0,0
BRDA:387,0,1,1
BRDA:387,0,2,0
BRDA:387,e0,3,0
BRDA:387,0,4,0
BRDA:387,e0,5,0
BRDA:387,0,6,0
BRDA:387,e0,7,0
BRDA:387,0,8,0
BRDA:387,e0,9,0
BRDA:394,0,0,1
BRDA:394,e0,1,0
BRDA:395,0,0,0
BRDA:395,0,1,1
BRDA:395,0,2,0
BRDA:395,e0,3,0
BRDA:395,0,4,0
BRDA:395,e0,5,0
BRDA:395,0,6,0
BRDA:395,e0,7,0
BRDA:395,0,8,0
BRDA:395,e0,9,0
BRF:526
BRH:106
DA:10,49
DA:11,49
DA:12,49
DA:13,49
DA:14,49
DA:25,4
DA:26,1
DA:27,1
DA:28,1
DA:31,4
DA:32,1
DA:33,1
DA:34,1
DA:37,4
DA:38,1
DA:39,1
DA:40,1
DA:43,4
DA:44,1
DA:45,1
DA:46,1
DA:47,1
DA:48,1
DA:51,4
DA:53,1
DA:54,1
DA:55,1
DA:60,4
DA:61,1
DA:62,1
DA:63,1
DA:64,1
DA:65,1
DA:68,4
DA:69,1
DA:70,1
DA:71,1
DA:72,1
DA:75,4
DA:76,1
DA:77,1
DA:78,1
DA:79,1
DA:80,1
DA:83,4
DA:84,1
DA:85,1
DA:88,4
DA:89,1
DA:90,1
DA:91,1
DA:92,1
DA:93,1
DA:96,4
DA:97,1
DA:98,1
DA:99,1
DA:102,4
DA:103,1
DA:104,1
DA:105,1
DA:106,1
DA:107,1
DA:110,4
DA:111,1
DA:112,1
DA:113,1
DA:114,1
DA:115,1
DA:116,1
DA:119,4
DA:120,1
DA:121,1
DA:122,1
DA:123,1
DA:126,4
DA:127,1
DA:128,1
DA:129,1
DA:132,4
DA:133,1
DA:134,1
DA:135,1
DA:136,1
DA:137,1
DA:138,1
DA:139,1
DA:140,1
DA:141,1
DA:144,4
DA:145,1
DA:146,1
DA:147,1
DA:148,1
DA:149,1
DA:150,1
DA:151,1
DA:152,1
DA:153,1
DA:156,4
DA:157,1
DA:158,1
DA:159,1
DA:160,1
DA:161,1
DA:166,4
DA:167,1
DA:168,1
DA:169,1
DA:172,4
DA:173,1
DA:174,1
DA:175,1
DA:176,1
DA:177,1
DA:180,4
DA:181,1
DA:182,1
DA:183,1
DA:184,1
DA:185,1
DA:188,4
DA:189,1
DA:190,1
DA:191,1
DA:194,4
DA:195,1
DA:196,1
DA:197,1
DA:198,1
DA:199,1
DA:202,4
DA:203,1
DA:204,1
DA:205,1
DA:206,1
DA:207,1
DA:208,1
DA:209,1
DA:210,1
DA:213,4
DA:214,1
DA:215,1
DA:216,1
DA:217,1
DA:218,1
DA:219,1
DA:222,4
DA:223,1
DA:224,1
DA:225,1
DA:226,1
DA:227,1
DA:230,4
DA:231,1
DA:232,1
DA:233,1
DA:234,1
DA:235,1
DA:236,1
DA:241,4
DA:242,1
DA:243,1
DA:244,1
DA:245,1
DA:246,1
DA:247,1
DA:248,1
DA:249,1
DA:250,1
DA:251,1
DA:252,1
DA:255,4
DA:256,1
DA:257,1
DA:258,1
DA:259,1
DA:260,1
DA:261,1
DA:262,1
DA:263,1
DA:264,1
DA:265,1
DA:268,4
DA:269,1
DA:270,1
DA:271,1
DA:272,1
DA:273,1
DA:274,1
DA:277,4
DA:278,1
DA:279,1
DA:280,1
DA:281,1
DA:282,1
DA:283,1
DA:284,1
DA:287,4
DA:288,1
DA:289,1
DA:292,4
DA:293,1
DA:294,1
DA:297,4
DA:298,1
DA:299,1
DA:300,1
DA:301,1
DA:304,4
DA:305,1
DA:306,1
DA:307,1
DA:308,1
DA:309,1
DA:312,4
DA:313,1
DA:314,1
DA:315,1
DA:316,1
DA:317,1
DA:320,4
DA:321,61
DA:322,60
DA:323,60
DA:325,1
DA:326,1
DA:329,4
DA:330,1
DA:331,1
DA:332,1
DA:333,1
DA:334,1
DA:337,4
DA:338,1
DA:339,1
DA:340,1
DA:341,1
DA:342,1
DA:345,4
DA:346,1
DA:347,1
DA:348,1
DA:349,1
DA:350,1
DA:353,4
DA:354,1
DA:355,1
DA:356,1
DA:359,4
DA:360,1
DA:361,1
DA:362,1
DA:363,1
DA:364,1
DA:367,4
DA:368,1
DA:369,1
DA:370,1
DA:373,4
DA:374,1
DA:375,1
DA:376,1
DA:377,1
DA:380,4
DA:381,1
DA:382,1
DA:383,1
DA:384,1
DA:385,1
DA:386,1
DA:387,1
DA:388,1
DA:391,4
DA:392,1
DA:393,1
DA:394,1
DA:395,1
DA:396,1
DA:399,4
DA:400,1
DA:401,1
DA:402,1
DA:405,4
DA:406,1
DA:407,1
DA:408,1
DA:409,1
DA:410,1
DA:411,1
DA:412,1
DA:413,1
DA:418,4
DA:419,1
DA:420,1
DA:421,1
DA:422,1
LF:297
LH:297
end_of_record
TN:
SF:/usr/include/c++/13/bits/alloc_traits.h
FNF:0
FNH:0
DA:482,492
DA:517,101
DA:576,528
DA:588,49
LF:4
LH:4
end_of_record
TN:
SF:/usr/include/c++/13/bits/allocator.h
FNF:0
FNH:0
BRDA:191,0,0,0
BRDA:191,0,1,492
BRDA:193,0,0,-
BRDA:193,0,1,-
BRDA:205,0,0,0
BRDA:205,0,1,101
BRF:6
BRH:2
DA:163,0
DA:168,147
DA:184,49
DA:191,492
DA:193,0
DA:194,0
DA:195,0
DA:198,492
DA:205,101
DA:207,0
DA:208,0
DA:210,101
LF:12
LH:6
end_of_record
TN:
SF:/usr/include/c++/13/bits/basic_string.h
FN:1071,1072,_ZNKSt7__cxx1112basic_stringIcSt11char_traitsIcESaIcEE4sizeEv
FN:1078,1079,_ZNKSt7__cxx1112basic_stringIcSt11char_traitsIcESaIcEE6lengthEv
FN:1084,1085,_ZNKSt7__cxx1112basic_stringIcSt11char_traitsIcESaIcEE8max_sizeEv
FN:1169,1173,_ZNKSt7__cxx1112basic_stringIcSt11char_traitsIcESaIcEE8capacityEv
FN:124,137,_ZNSt7__cxx1112basic_stringIcSt11char_traitsIcESaIcEE11_S_allocateERS3_m
FN:1469,1475,_ZNSt7__cxx1112basic_stringIcSt11char_traitsIcESaIcEE6appendEPKc
FN:188,189,_ZNSt7__cxx1112basic_stringIcSt11char_traitsIcESaIcEE12_Alloc_hiderC2EPcRKS3_
FN:192,193,_ZNSt7__cxx1112basic_stringIcSt11char_traitsIcESaIcEE12_Alloc_hiderC2EPcOS3_
FN:212,213,_ZNSt7__cxx1112basic_stringIcSt11char_traitsIcESaIcEE7_M_dataEPc
FN:217,218,_ZNSt7__cxx1112basic_stringIcSt11char_traitsIcESaIcEE9_M_lengthEm
FN:222,223,_ZNKSt7__cxx1112basic_stringIcSt11char_traitsIcESaIcEE7_M_dataEv
FN:227,234,_ZNSt7__cxx1112basic_stringIcSt11char_traitsIcESaIcEE13_M_local_dataEv
FN:238,245,_ZNKSt7__cxx1112basic_stringIcSt11char_traitsIcESaIcEE13_M_local_dataEv
FN:249,250,_ZNSt7__cxx1112basic_stringIcSt11char_traitsIcESaIcEE11_M_capacityEm
FN:254,258,_ZNSt7__cxx1112basic_stringIcSt11char_traitsIcESaIcEE13_M_set_lengthEm
FN:2595,2596,_ZNKSt7__cxx1112basic_stringIcSt11char_traitsIcESaIcEE5c_strEv
FN:262,271,_ZNKSt7__cxx1112basic_stringIcSt11char_traitsIcESaIcEE11_M_is_localEv
FN:280,284,_ZNSt7__cxx1112basic_stringIcSt11char_traitsIcESaIcEE10_M_disposeEv
FN:288,289,_ZNSt7__cxx1112basic_stringIcSt11char_traitsIcESaIcEE10_M_destroyEm
FN:336,337,_ZNSt7__cxx1112basic_stringIcSt11char_traitsIcESaIcEE16_M_get_allocatorEv
FN:341,342,_ZNKSt7__cxx1112basic_stringIcSt11char_traitsIcESaIcEE16_M_get_allocatorEv
FN:397,401,_ZNKSt7__cxx1112basic_stringIcSt11char_traitsIcESaIcEE15_M_check_lengthEmmPKc
FN:425,431,_ZNSt7__cxx1112basic_stringIcSt11char_traitsIcESaIcEE7_S_copyEPcPKcm
FN:477,478,_ZNSt7__cxx1112basic_stringIcSt11char_traitsIcESaIcEE13_S_copy_charsEPcS5_S5_
FN:482,484,_ZNSt7__cxx1112basic_stringIcSt11char_traitsIcESaIcEE13_S_copy_charsEPcPKcS7_
FN:522,528,_ZNSt7__cxx1112basic_stringIcSt11char_traitsIcESaIcEEC2Ev
FN:547,553,_ZNSt7__cxx1112basic_stringIcSt11char_traitsIcESaIcEEC2ERKS4_
FN:641,650,_ZNSt7__cxx1112basic_stringIcSt11char_traitsIcESaIcEEC2IS3_EEPKcRKS3_
FN:803,804,_ZNSt7__cxx1112basic_stringIcSt11char_traitsIcESaIcEED2Ev
FNDA:322,_ZNKSt7__cxx1112basic_stringIcSt11char_traitsIcESaIcEE4sizeEv
FNDA:199,_ZNKSt7__cxx1112basic_stringIcSt11char_traitsIcESaIcEE6lengthEv
FNDA:528,_ZNKSt7__cxx1112basic_stringIcSt11char_traitsIcESaIcEE8max_sizeEv
FNDA:236,_ZNKSt7__cxx1112basic_stringIcSt11char_traitsIcESaIcEE8capacityEv
FNDA:492,_ZNSt7__cxx1112basic_stringIcSt11char_traitsIcESaIcEE11_S_allocateERS3_m
FNDA:0,_ZNSt7__cxx1112basic_stringIcSt11char_traitsIcESaIcEE6appendEPKc
FNDA:49,_ZNSt7__cxx1112basic_stringIcSt11char_traitsIcESaIcEE12_Alloc_hiderC2EPcRKS3_
FNDA:49,_ZNSt7__cxx1112basic_stringIcSt11char_traitsIcESaIcEE12_Alloc_hiderC2EPcOS3_
FNDA:173,_ZNSt7__cxx1112basic_stringIcSt11char_traitsIcESaIcEE7_M_dataEPc
FNDA:259,_ZNSt7__cxx1112basic_stringIcSt11char_traitsIcESaIcEE9_M_lengthEm
FNDA:1146,_ZNKSt7__cxx1112basic_stringIcSt11char_traitsIcESaIcEE7_M_dataEv
FNDA:98,_ZNSt7__cxx1112basic_stringIcSt11char_traitsIcESaIcEE13_M_local_dataEv
FNDA:429,_ZNKSt7__cxx1112basic_stringIcSt11char_traitsIcESaIcEE13_M_local_dataEv
FNDA:173,_ZNSt7__cxx1112basic_stringIcSt11char_traitsIcESaIcEE11_M_capacityEm
FNDA:259,_ZNSt7__cxx1112basic_stringIcSt11char_traitsIcESaIcEE13_M_set_lengthEm
FNDA:0,_ZNKSt7__cxx1112basic_stringIcSt11char_traitsIcESaIcEE5c_strEv
FNDA:429,_ZNKSt7__cxx1112basic_stringIcSt11char_traitsIcESaIcEE11_M_is_localEv
FNDA:193,_ZNSt7__cxx1112basic_stringIcSt11char_traitsIcESaIcEE10_M_disposeEv
FNDA:101,_ZNSt7__cxx1112basic_stringIcSt11char_traitsIcESaIcEE10_M_destroyEm
FNDA:593,_ZNSt7__cxx1112basic_stringIcSt11char_traitsIcESaIcEE16_M_get_allocatorEv
FNDA:577,_ZNKSt7__cxx1112basic_stringIcSt11char_traitsIcESaIcEE16_M_get_allocatorEv
FNDA:0,_ZNKSt7__cxx1112basic_stringIcSt11char_traitsIcESaIcEE15_M_check_lengthEmmPKc
FNDA:334,_ZNSt7__cxx1112basic_stringIcSt11char_traitsIcESaIcEE7_S_copyEPcPKcm
FNDA:49,_ZNSt7__cxx1112basic_stringIcSt11char_traitsIcESaIcEE13_S_copy_charsEPcS5_S5_
FNDA:49,_ZNSt7__cxx1112basic_stringIcSt11char_traitsIcESaIcEE13_S_copy_charsEPcPKcS7_
FNDA:0,_ZNSt7__cxx1112basic_stringIcSt11char_traitsIcESaIcEEC2Ev
FNDA:49,_ZNSt7__cxx1112basic_stringIcSt11char_traitsIcESaIcEEC2ERKS4_
FNDA:49,_ZNSt7__cxx1112basic_stringIcSt11char_traitsIcESaIcEEC2IS3_EEPKcRKS3_
FNDA:106,_ZNSt7__cxx1112basic_stringIcSt11char_traitsIcESaIcEED2Ev
FNF:29
FNH:25
BRDA:264,0,0,328
BRDA:264,0,1,101
BRDA:266,0,0,0
BRDA:266,0,1,328
BRDA:282,0,0,101
BRDA:282,0,1,92
BRDA:351,0,0,-
BRDA:351,0,1,-
BRDA:351,0,2,-
BRDA:351,0,3,-
BRDA:351,0,4,-
BRDA:351,0,5,-
BRDA:352,0,0,-
BRDA:352,0,1,-
BRDA:352,0,2,-
BRDA:352,0,3,-
BRDA:352,0,4,-
BRDA:352,0,5,-
BRDA:399,0,0,-
BRDA:399,0,1,-
BRDA:427,0,0,56
BRDA:427,0,1,278
BRDA:551,0,0,49
BRDA:551,e0,1,0
BRDA:645,0,0,0
BRDA:645,0,1,49
BRDA:648,0,0,49
BRDA:648,e0,1,0
BRDA:649,0,0,49
BRDA:649,e0,1,0
BRDA:1171,0,0,236
BRDA:1171,0,1,0
BRF:32
BRH:12
DA:124,492
DA:126,492
DA:136,492
DA:188,49
DA:189,49
DA:192,49
DA:193,49
DA:212,173
DA:213,173
DA:217,259
DA:218,259
DA:222,1146
DA:223,1146
DA:227,98
DA:230,98
DA:238,429
DA:241,429
DA:249,173
DA:250,173
DA:254,259
DA:256,259
DA:257,259
DA:258,259
DA:262,429
DA:264,429
DA:266,328
DA:267,0
DA:268,328
DA:270,101
DA:280,193
DA:282,193
DA:283,101
DA:284,193
DA:288,101
DA:289,101
DA:336,593
DA:337,593
DA:341,577
DA:342,577
DA:351,0
DA:352,0
DA:353,0
DA:355,0
DA:397,0
DA:399,0
DA:400,0
DA:401,0
DA:425,334
DA:427,334
DA:428,56
DA:430,278
DA:431,334
DA:477,49
DA:478,49
DA:482,49
DA:484,49
DA:522,0
DA:524,0
DA:527,0
DA:528,0
DA:547,49
DA:548,49
DA:549,49
DA:551,49
DA:553,49
DA:641,49
DA:642,49
DA:645,49
DA:646,0
DA:648,49
DA:649,49
DA:650,49
DA:803,106
DA:804,106
DA:1071,322
DA:1072,322
DA:1078,199
DA:1079,199
DA:1084,528
DA:1085,1056
DA:1169,236
DA:1171,236
DA:1172,236
DA:1469,0
DA:1472,0
DA:1473,0
DA:1474,0
DA:2595,0
DA:2596,0
LF:89
LH:69
end_of_record
TN:
SF:/usr/include/c++/13/bits/basic_string.tcc
FN:138,160,_ZNSt7__cxx1112basic_stringIcSt11char_traitsIcESaIcEE9_M_createERmm
FN:221,252,_ZNSt7__cxx1112basic_stringIcSt11char_traitsIcESaIcEE12_M_constructIPKcEEvT_S8_St20forward_iterator_tag
FN:221,252,_ZNSt7__cxx1112basic_stringIcSt11char_traitsIcESaIcEE12_M_constructIPcEEvT_S7_St20forward_iterator_tag
FN:239,239,_ZZNSt7__cxx1112basic_stringIcSt11char_traitsIcESaIcEE12_M_constructIPKcEEvT_S8_St20forward_iterator_tagEN6_GuardC2EPS4_
FN:239,239,_ZZNSt7__cxx1112basic_stringIcSt11char_traitsIcESaIcEE12_M_constructIPcEEvT_S7_St20forward_iterator_tagEN6_GuardC2EPS4_
FN:242,242,_ZZNSt7__cxx1112basic_stringIcSt11char_traitsIcESaIcEE12_M_constructIPKcEEvT_S8_St20forward_iterator_tagEN6_GuardD2Ev
FN:242,242,_ZZNSt7__cxx1112basic_stringIcSt11char_traitsIcESaIcEE12_M_constructIPcEEvT_S7_St20forward_iterator_tagEN6_GuardD2Ev
FN:325,345,_ZNSt7__cxx1112basic_stringIcSt11char_traitsIcESaIcEE9_M_mutateEmmPKcm
FN:413,428,_ZNSt7__cxx1112basic_stringIcSt11char_traitsIcESaIcEE9_M_appendEPKcm
FNDA:492,_ZNSt7__cxx1112basic_stringIcSt11char_traitsIcESaIcEE9_M_createERmm
FNDA:49,_ZNSt7__cxx1112basic_stringIcSt11char_traitsIcESaIcEE12_M_constructIPKcEEvT_S8_St20forward_iterator_tag
FNDA:49,_ZNSt7__cxx1112basic_stringIcSt11char_traitsIcESaIcEE12_M_constructIPcEEvT_S7_St20forward_iterator_tag
FNDA:49,_ZZNSt7__cxx1112basic_stringIcSt11char_traitsIcESaIcEE12_M_constructIPKcEEvT_S8_St20forward_iterator_tagEN6_GuardC2EPS4_
FNDA:49,_ZZNSt7__cxx1112basic_stringIcSt11char_traitsIcESaIcEE12_M_constructIPcEEvT_S7_St20forward_iterator_tagEN6_GuardC2EPS4_
FNDA:49,_ZZNSt7__cxx1112basic_stringIcSt11char_traitsIcESaIcEE12_M_constructIPKcEEvT_S8_St20forward_iterator_tagEN6_GuardD2Ev
FNDA:49,_ZZNSt7__cxx1112basic_stringIcSt11char_traitsIcESaIcEE12_M_constructIPcEEvT_S7_St20forward_iterator_tagEN6_GuardD2Ev
FNDA:75,_ZNSt7__cxx1112basic_stringIcSt11char_traitsIcESaIcEE9_M_mutateEmmPKcm
FNDA:161,_ZNSt7__cxx1112basic_stringIcSt11char_traitsIcESaIcEE9_M_appendEPKcm
FNF:9
FNH:9
BRDA:143,0,0,0
BRDA:143,0,1,492
BRDA:149,0,0,492
BRDA:149,0,1,0
BRDA:149,0,2,36
BRDA:149,0,3,456
BRDA:153,0,0,0
BRDA:153,0,1,36
BRDA:227,0,0,98
BRDA:227,0,1,0
BRDA:229,0,0,98
BRDA:229,e0,1,0
BRDA:242,0,0,0
BRDA:242,0,1,98
BRDA:332,0,0,75
BRDA:332,e0,1,0
BRDA:334,0,0,49
BRDA:334,0,1,26
BRDA:335,0,0,49
BRDA:335,e0,1,0
BRDA:336,0,0,75
BRDA:336,0,1,0
BRDA:336,0,2,75
BRDA:336,0,3,0
BRDA:337,0,0,75
BRDA:337,e0,1,0
BRDA:338,0,0,0
BRDA:338,0,1,75
BRDA:340,0,0,-
BRDA:340,e0,1,-
BRDA:342,0,0,75
BRDA:342,e0,1,0
BRDA:418,0,0,112
BRDA:418,0,1,49
BRDA:420,0,0,112
BRDA:420,0,1,0
BRF:36
BRH:20
DA:138,492
DA:143,492
DA:144,0
DA:149,492
DA:151,36
DA:153,36
DA:154,0
DA:159,492
DA:221,98
DA:225,98
DA:227,98
DA:229,98
DA:230,98
DA:239,98
DA:242,98
DA:245,98
DA:247,98
DA:249,98
DA:251,98
DA:252,98
DA:325,75
DA:329,75
DA:331,75
DA:332,75
DA:334,75
DA:335,49
DA:336,75
DA:337,75
DA:338,75
DA:339,0
DA:340,0
DA:342,75
DA:343,75
DA:344,75
DA:345,75
DA:413,161
DA:416,161
DA:418,161
DA:420,112
DA:421,112
DA:424,49
DA:426,161
DA:427,161
LF:43
LH:39
end_of_record
TN:
SF:/usr/include/c++/13/bits/char_traits.h
FN:136,137,_ZN9__gnu_cxx11char_traitsIcE2eqERKcS3_
FN:199,206,_ZN9__gnu_cxx11char_traitsIcE6lengthEPKc
FN:253,268,_ZN9__gnu_cxx11char_traitsIcE4copyEPcPKcm
FN:351,359,_ZNSt11char_traitsIcE6assignERcRKc
FN:393,400,_ZNSt11char_traitsIcE6lengthEPKc
FN:427,436,_ZNSt11char_traitsIcE4copyEPcPKcm
FNDA:0,_ZN9__gnu_cxx11char_traitsIcE2eqERKcS3_
FNDA:0,_ZN9__gnu_cxx11char_traitsIcE6lengthEPKc
FNDA:0,_ZN9__gnu_cxx11char_traitsIcE4copyEPcPKcm
FNDA:315,_ZNSt11char_traitsIcE6assignERcRKc
FNDA:49,_ZNSt11char_traitsIcE6lengthEPKc
FNDA:278,_ZNSt11char_traitsIcE4copyEPcPKcm
FNF:6
FNH:3
BRDA:203,0,0,-
BRDA:203,0,1,-
BRDA:256,0,0,-
BRDA:256,0,1,-
BRDA:259,0,0,-
BRDA:259,0,1,-
BRDA:261,0,0,-
BRDA:261,0,1,-
BRDA:354,0,0,0
BRDA:354,0,1,315
BRDA:396,0,0,0
BRDA:396,0,1,49
BRDA:429,0,0,0
BRDA:429,0,1,278
BRDA:432,0,0,0
BRDA:432,0,1,278
BRF:16
BRH:4
DA:136,0
DA:137,0
DA:199,0
DA:202,0
DA:203,0
DA:204,0
DA:205,0
DA:253,0
DA:256,0
DA:257,0
DA:259,0
DA:261,0
DA:262,0
DA:263,0
DA:266,0
DA:267,0
DA:351,315
DA:354,315
DA:355,0
DA:358,315
DA:359,315
DA:393,49
DA:396,49
DA:397,0
DA:399,49
DA:427,278
DA:429,278
DA:430,0
DA:432,278
DA:433,0
DA:435,278
LF:31
LH:11
end_of_record
TN:
SF:/usr/include/c++/13/bits/ios_base.h
FN:732,733,_ZNKSt8ios_base9precisionEv
FN:741,746,_ZNSt8ios_base9precisionEl
FNDA:0,_ZNKSt8ios_base9precisionEv
FNDA:0,_ZNSt8ios_base9precisionEl
FNF:2
FNH:0
DA:732,0
DA:733,0
DA:741,0
DA:743,0
DA:744,0
DA:745,0
LF:6
LH:0
end_of_record
TN:
SF:/usr/include/c++/13/bits/move.h
FN:138,139,_ZSt9addressofIKcEPT_RS1_
FN:138,139,_ZSt9addressofIcEPT_RS0_
FN:51,52,_ZSt11__addressofIKcEPT_RS1_
FN:51,52,_ZSt11__addressofIcEPT_RS0_
FN:70,71,_ZSt7forwardIRKcEOT_RNSt16remove_referenceIS2_E4typeE
FN:70,71,_ZSt7forwardISt14default_deleteINSt7__cxx1112basic_stringIcSt11char_traitsIcESaIcEEEEEOT_RNSt16remove_referenceIS8_E4typeE
FN:97,98,_ZSt4moveIRPNSt7__cxx1112basic_stringIcSt11char_traitsIcESaIcEEEEONSt16remove_referenceIT_E4typeEOS9_
FN:97,98,_ZSt4moveIRPNSt7__cxx1118basic_stringstreamIcSt11char_traitsIcESaIcEEEEONSt16remove_referenceIT_E4typeEOS9_
FN:97,98,_ZSt4moveIRSaIcEEONSt16remove_referenceIT_E4typeEOS3_
FNDA:429,_ZSt9addressofIKcEPT_RS1_
FNDA:98,_ZSt9addressofIcEPT_RS0_
FNDA:429,_ZSt11__addressofIKcEPT_RS1_
FNDA:98,_ZSt11__addressofIcEPT_RS0_
FNDA:0,_ZSt7forwardIRKcEOT_RNSt16remove_referenceIS2_E4typeE
FNDA:0,_ZSt7forwardISt14default_deleteINSt7__cxx1112basic_stringIcSt11char_traitsIcESaIcEEEEEOT_RNSt16remove_referenceIS8_E4typeE
FNDA:0,_ZSt4moveIRPNSt7__cxx1112basic_stringIcSt11char_traitsIcESaIcEEEEONSt16remove_referenceIT_E4typeEOS9_
FNDA:0,_ZSt4moveIRPNSt7__cxx1118basic_stringstreamIcSt11char_traitsIcESaIcEEEEONSt16remove_referenceIT_E4typeEOS9_
FNDA:49,_ZSt4moveIRSaIcEEONSt16remove_referenceIT_E4typeEOS3_
FNF:9
FNH:5
DA:51,527
DA:52,527
DA:70,0
DA:71,0
DA:97,49
DA:98,49
DA:138,527
DA:139,527
LF:8
LH:6
end_of_record
TN:
SF:/usr/include/c++/13/bits/new_allocator.h
FN:126,152,_ZNSt15__new_allocatorIcE8allocateEmPKv
FN:156,173,_ZNSt15__new_allocatorIcE10deallocateEPcm
FNDA:492,_ZNSt15__new_allocatorIcE8allocateEmPKv
FNDA:101,_ZNSt15__new_allocatorIcE10deallocateEPcm
FNF:2
FNH:2
BRDA:134,0,0,0
BRDA:134,0,1,492
BRF:2
BRH:1
DA:88,0
DA:92,147
DA:126,492
DA:134,492
DA:140,0
DA:151,492
DA:156,101
DA:172,101
DA:233,492
LF:9
LH:7
end_of_record
TN:
SF:/usr/include/c++/13/bits/ptr_traits.h
FN:141,142,_ZNSt19__ptr_traits_ptr_toIPKcS0_Lb0EE10pointer_toERS0_
FN:141,142,_ZNSt19__ptr_traits_ptr_toIPccLb0EE10pointer_toERc
FNDA:429,_ZNSt19__ptr_traits_ptr_toIPKcS0_Lb0EE10pointer_toERS0_
FNDA:98,_ZNSt19__ptr_traits_ptr_toIPccLb0EE10pointer_toERc
FNF:2
FNH:2
DA:141,527
DA:142,527
LF:2
LH:2
end_of_record
TN:
SF:/usr/include/c++/13/bits/stl_construct.h
FN:94,97,_ZSt12construct_atIcJRKcEEDTgsnwcvPvLi0E_T_pispcl7declvalIT0_EEEEPS3_DpOS4_
FNDA:0,_ZSt12construct_atIcJRKcEEDTgsnwcvPvLi0E_T_pispcl7declvalIT0_EEEEPS3_DpOS4_
FNF:1
FNH:0
DA:94,0
DA:97,0
LF:2
LH:0
end_of_record
TN:
SF:/usr/include/c++/13/bits/stl_iterator_base_funcs.h
FNF:0
FNH:0
DA:106,98
DA:151,196
DA:152,196
LF:3
LH:3
end_of_record
TN:
SF:/usr/include/c++/13/bits/stl_iterator_base_types.h
FNF:0
FNH:0
DA:240,98
LF:1
LH:1
end_of_record
TN:
SF:/usr/include/c++/13/bits/unique_ptr.h
FN:1069,1070,_ZSt11make_uniqueINSt7__cxx1112basic_stringIcSt11char_traitsIcESaIcEEEJEENSt8__detail9_MakeUniqIT_E15__single_objectEDpOT0_
FN:174,174,_ZNSt15__uniq_ptr_implINSt7__cxx1112basic_stringIcSt11char_traitsIcESaIcEEESt14default_deleteIS5_EEC2Ev
FN:176,176,_ZNSt15__uniq_ptr_implINSt7__cxx1112basic_stringIcSt11char_traitsIcESaIcEEESt14default_deleteIS5_EEC2EPS5_
FN:189,194,_ZNSt15__uniq_ptr_implINSt7__cxx1112basic_stringIcSt11char_traitsIcESaIcEEESt14default_deleteIS5_EEaSEOS8_
FN:197,197,_ZNSt15__uniq_ptr_implINSt7__cxx1112basic_stringIcSt11char_traitsIcESaIcEEESt14default_deleteIS5_EE6_M_ptrEv
FN:197,197,_ZNSt15__uniq_ptr_implINSt7__cxx1118basic_stringstreamIcSt11char_traitsIcESaIcEEESt14default_deleteIS5_EE6_M_ptrEv
FN:199,199,_ZNKSt15__uniq_ptr_implINSt7__cxx1112basic_stringIcSt11char_traitsIcESaIcEEESt14default_deleteIS5_EE6_M_ptrEv
FN:199,199,_ZNKSt15__uniq_ptr_implINSt7__cxx1118basic_stringstreamIcSt11char_traitsIcESaIcEEESt14default_deleteIS5_EE6_M_ptrEv
FN:201,201,_ZNSt15__uniq_ptr_implINSt7__cxx1112basic_stringIcSt11char_traitsIcESaIcEEESt14default_deleteIS5_EE10_M_deleterEv
FN:201,201,_ZNSt15__uniq_ptr_implINSt7__cxx1118basic_stringstreamIcSt11char_traitsIcESaIcEEESt14default_deleteIS5_EE10_M_deleterEv
FN:206,212,_ZNSt15__uniq_ptr_implINSt7__cxx1112basic_stringIcSt11char_traitsIcESaIcEEESt14default_deleteIS5_EE5resetEPS5_
FN:215,220,_ZNSt15__uniq_ptr_implINSt7__cxx1112basic_stringIcSt11char_traitsIcESaIcEEESt14default_deleteIS5_EE7releaseEv
FN:243,243,_ZNSt15__uniq_ptr_dataINSt7__cxx1112basic_stringIcSt11char_traitsIcESaIcEEESt14default_deleteIS5_ELb1ELb1EEaSEOS8_
FN:304,306,_ZNSt10unique_ptrINSt7__cxx1112basic_stringIcSt11char_traitsIcESaIcEEESt14default_deleteIS5_EEC2IS7_vEEv
FN:317,319,_ZNSt10unique_ptrINSt7__cxx1112basic_stringIcSt11char_traitsIcESaIcEEESt14default_deleteIS5_EEC2IS7_vEEPS5_
FN:398,406,_ZNSt10unique_ptrINSt7__cxx1112basic_stringIcSt11char_traitsIcESaIcEEESt14default_deleteIS5_EED2Ev
FN:398,406,_ZNSt10unique_ptrINSt7__cxx1118basic_stringstreamIcSt11char_traitsIcESaIcEEESt14default_deleteIS5_EED2Ev
FN:414,414,_ZNSt10unique_ptrINSt7__cxx1112basic_stringIcSt11char_traitsIcESaIcEEESt14default_deleteIS5_EEaSEOS8_
FN:451,455,_ZNKSt10unique_ptrINSt7__cxx1118basic_stringstreamIcSt11char_traitsIcESaIcEEESt14default_deleteIS5_EEdeEv
FN:460,464,_ZNKSt10unique_ptrINSt7__cxx1112basic_stringIcSt11char_traitsIcESaIcEEESt14default_deleteIS5_EEptEv
FN:469,470,_ZNKSt10unique_ptrINSt7__cxx1112basic_stringIcSt11char_traitsIcESaIcEEESt14default_deleteIS5_EE3getEv
FN:469,470,_ZNKSt10unique_ptrINSt7__cxx1118basic_stringstreamIcSt11char_traitsIcESaIcEEESt14default_deleteIS5_EE3getEv
FN:475,476,_ZNSt10unique_ptrINSt7__cxx1112basic_stringIcSt11char_traitsIcESaIcEEESt14default_deleteIS5_EE11get_deleterEv
FN:475,476,_ZNSt10unique_ptrINSt7__cxx1118basic_stringstreamIcSt11char_traitsIcESaIcEEESt14default_deleteIS5_EE11get_deleterEv
FN:486,487,_ZNKSt10unique_ptrINSt7__cxx1112basic_stringIcSt11char_traitsIcESaIcEEESt14default_deleteIS5_EEcvbEv
FN:837,838,_ZSteqINSt7__cxx1112basic_stringIcSt11char_traitsIcESaIcEEESt14default_deleteIS5_EEbRKSt10unique_ptrIT_T0_EDn
FN:93,100,_ZNKSt14default_deleteINSt7__cxx1112basic_stringIcSt11char_traitsIcESaIcEEEEclEPS5_
FN:93,100,_ZNKSt14default_deleteINSt7__cxx1118basic_stringstreamIcSt11char_traitsIcESaIcEEEEclEPS5_
FNDA:0,_ZSt11make_uniqueINSt7__cxx1112basic_stringIcSt11char_traitsIcESaIcEEEJEENSt8__detail9_MakeUniqIT_E15__single_objectEDpOT0_
FNDA:26,_ZNSt15__uniq_ptr_implINSt7__cxx1112basic_stringIcSt11char_traitsIcESaIcEEESt14default_deleteIS5_EEC2Ev
FNDA:0,_ZNSt15__uniq_ptr_implINSt7__cxx1112basic_stringIcSt11char_traitsIcESaIcEEESt14default_deleteIS5_EEC2EPS5_
FNDA:0,_ZNSt15__uniq_ptr_implINSt7__cxx1112basic_stringIcSt11char_traitsIcESaIcEEESt14default_deleteIS5_EEaSEOS8_
FNDA:44,_ZNSt15__uniq_ptr_implINSt7__cxx1112basic_stringIcSt11char_traitsIcESaIcEEESt14default_deleteIS5_EE6_M_ptrEv
FNDA:0,_ZNSt15__uniq_ptr_implINSt7__cxx1118basic_stringstreamIcSt11char_traitsIcESaIcEEESt14default_deleteIS5_EE6_M_ptrEv
FNDA:0,_ZNKSt15__uniq_ptr_implINSt7__cxx1112basic_stringIcSt11char_traitsIcESaIcEEESt14default_deleteIS5_EE6_M_ptrEv
FNDA:0,_ZNKSt15__uniq_ptr_implINSt7__cxx1118basic_stringstreamIcSt11char_traitsIcESaIcEEESt14default_deleteIS5_EE6_M_ptrEv
FNDA:0,_ZNSt15__uniq_ptr_implINSt7__cxx1112basic_stringIcSt11char_traitsIcESaIcEEESt14default_deleteIS5_EE10_M_deleterEv
FNDA:0,_ZNSt15__uniq_ptr_implINSt7__cxx1118basic_stringstreamIcSt11char_traitsIcESaIcEEESt14default_deleteIS5_EE10_M_deleterEv
FNDA:0,_ZNSt15__uniq_ptr_implINSt7__cxx1112basic_stringIcSt11char_traitsIcESaIcEEESt14default_deleteIS5_EE5resetEPS5_
FNDA:0,_ZNSt15__uniq_ptr_implINSt7__cxx1112basic_stringIcSt11char_traitsIcESaIcEEESt14default_deleteIS5_EE7releaseEv
FNDA:0,_ZNSt15__uniq_ptr_dataINSt7__cxx1112basic_stringIcSt11char_traitsIcESaIcEEESt14default_deleteIS5_ELb1ELb1EEaSEOS8_
FNDA:26,_ZNSt10unique_ptrINSt7__cxx1112basic_stringIcSt11char_traitsIcESaIcEEESt14default_deleteIS5_EEC2IS7_vEEv
FNDA:0,_ZNSt10unique_ptrINSt7__cxx1112basic_stringIcSt11char_traitsIcESaIcEEESt14default_deleteIS5_EEC2IS7_vEEPS5_
FNDA:44,_ZNSt10unique_ptrINSt7__cxx1112basic_stringIcSt11char_traitsIcESaIcEEESt14default_deleteIS5_EED2Ev
FNDA:0,_ZNSt10unique_ptrINSt7__cxx1118basic_stringstreamIcSt11char_traitsIcESaIcEEESt14default_deleteIS5_EED2Ev
FNDA:0,_ZNSt10unique_ptrINSt7__cxx1112basic_stringIcSt11char_traitsIcESaIcEEESt14default_deleteIS5_EEaSEOS8_
FNDA:0,_ZNKSt10unique_ptrINSt7__cxx1118basic_stringstreamIcSt11char_traitsIcESaIcEEESt14default_deleteIS5_EEdeEv
FNDA:0,_ZNKSt10unique_ptrINSt7__cxx1112basic_stringIcSt11char_traitsIcESaIcEEESt14default_deleteIS5_EEptEv
FNDA:0,_ZNKSt10unique_ptrINSt7__cxx1112basic_stringIcSt11char_traitsIcESaIcEEESt14default_deleteIS5_EE3getEv
FNDA:0,_ZNKSt10unique_ptrINSt7__cxx1118basic_stringstreamIcSt11char_traitsIcESaIcEEESt14default_deleteIS5_EE3getEv
FNDA:0,_ZNSt10unique_ptrINSt7__cxx1112basic_stringIcSt11char_traitsIcESaIcEEESt14default_deleteIS5_EE11get_deleterEv
FNDA:0,_ZNSt10unique_ptrINSt7__cxx1118basic_stringstreamIcSt11char_traitsIcESaIcEEESt14default_deleteIS5_EE11get_deleterEv
FNDA:0,_ZNKSt10unique_ptrINSt7__cxx1112basic_stringIcSt11char_traitsIcESaIcEEESt14default_deleteIS5_EEcvbEv
FNDA:0,_ZSteqINSt7__cxx1112basic_stringIcSt11char_traitsIcESaIcEEESt14default_deleteIS5_EEbRKSt10unique_ptrIT_T0_EDn
FNDA:0,_ZNKSt14default_deleteINSt7__cxx1112basic_stringIcSt11char_traitsIcESaIcEEEEclEPS5_
FNDA:0,_ZNKSt14default_deleteINSt7__cxx1118basic_stringstreamIcSt11char_traitsIcESaIcEEEEclEPS5_
FNF:28
FNH:4
BRDA:99,0,0,-
BRDA:99,0,1,-
BRDA:210,0,0,-
BRDA:210,0,1,-
BRDA:403,0,0,0
BRDA:403,0,1,44
BRDA:453,0,0,-
BRDA:453,0,1,-
BRDA:453,0,2,-
BRDA:453,0,3,-
BRDA:453,0,4,-
BRDA:453,0,5,-
BRF:12
BRH:1
DA:93,0
DA:99,0
DA:100,0
DA:174,26
DA:176,0
DA:189,0
DA:191,0
DA:192,0
DA:193,0
DA:197,44
DA:199,0
DA:201,0
DA:206,0
DA:208,0
DA:209,0
DA:210,0
DA:211,0
DA:212,0
DA:215,0
DA:217,0
DA:218,0
DA:219,0
DA:243,0
DA:304,26
DA:305,26
DA:306,26
DA:317,0
DA:318,0
DA:319,0
DA:398,44
DA:402,44
DA:403,44
DA:404,0
DA:405,44
DA:406,44
DA:414,0
DA:451,0
DA:453,0
DA:454,0
DA:460,0
DA:463,0
DA:469,0
DA:470,0
DA:475,0
DA:476,0
DA:486,0
DA:487,0
DA:837,0
DA:838,0
DA:1069,0
DA:1070,0
LF:51
LH:10
end_of_record
TN:
SF:/usr/include/c++/13/ext/alloc_traits.h
FNF:0
FNH:0
DA:98,49
LF:1
LH:1
end_of_record
TN:
SF:/usr/include/c++/13/iomanip
FN:197,198,_ZSt12setprecisioni
FNDA:0,_ZSt12setprecisioni
FNF:1
FNH:0
DA:197,0
DA:198,0
LF:2
LH:0
end_of_record
TN:
SF:/usr/include/c++/13/new
FN:174,175,_ZnwmPv
FNDA:0,_ZnwmPv
FNF:1
FNH:0
DA:174,0
DA:175,0
LF:2
LH:0
end_of_record
TN:
SF:/usr/include/c++/13/tuple
FN:125,125,_ZNSt10_Head_baseILm1ESt14default_deleteINSt7__cxx1112basic_stringIcSt11char_traitsIcESaIcEEEELb1EE7_M_headERS8_
FN:125,125,_ZNSt10_Head_baseILm1ESt14default_deleteINSt7__cxx1118basic_stringstreamIcSt11char_traitsIcESaIcEEEELb1EE7_M_headERS8_
FN:1317,1319,_ZNSt5tupleIJPNSt7__cxx1112basic_stringIcSt11char_traitsIcESaIcEEESt14default_deleteIS5_EEEC2ILb1ELb1EEEv
FN:1787,1788,_ZSt12__get_helperILm0EPNSt7__cxx1112basic_stringIcSt11char_traitsIcESaIcEEEJSt14default_deleteIS5_EEERT0_RSt11_Tuple_implIXT_EJS9_DpT1_EE
FN:1787,1788,_ZSt12__get_helperILm0EPNSt7__cxx1118basic_stringstreamIcSt11char_traitsIcESaIcEEEJSt14default_deleteIS5_EEERT0_RSt11_Tuple_implIXT_EJS9_DpT1_EE
FN:1787,1788,_ZSt12__get_helperILm1ESt14default_deleteINSt7__cxx1112basic_stringIcSt11char_traitsIcESaIcEEEEJEERT0_RSt11_Tuple_implIXT_EJS8_DpT1_EE
FN:1787,1788,_ZSt12__get_helperILm1ESt14default_deleteINSt7__cxx1118basic_stringstreamIcSt11char_traitsIcESaIcEEEEJEERT0_RSt11_Tuple_implIXT_EJS8_DpT1_EE
FN:1792,1793,_ZSt12__get_helperILm0EPNSt7__cxx1112basic_stringIcSt11char_traitsIcESaIcEEEJSt14default_deleteIS5_EEERKT0_RKSt11_Tuple_implIXT_EJS9_DpT1_EE
FN:1792,1793,_ZSt12__get_helperILm0EPNSt7__cxx1118basic_stringstreamIcSt11char_traitsIcESaIcEEEJSt14default_deleteIS5_EEERKT0_RKSt11_Tuple_implIXT_EJS9_DpT1_EE
FN:1803,1804,_ZSt3getILm0EJPNSt7__cxx1112basic_stringIcSt11char_traitsIcESaIcEEESt14default_deleteIS5_EEERNSt13tuple_elementIXT_ESt5tupleIJDpT0_EEE4typeERSD_
FN:1803,1804,_ZSt3getILm0EJPNSt7__cxx1118basic_stringstreamIcSt11char_traitsIcESaIcEEESt14default_deleteIS5_EEERNSt13tuple_elementIXT_ESt5tupleIJDpT0_EEE4typeERSD_
FN:1803,1804,_ZSt3getILm1EJPNSt7__cxx1112basic_stringIcSt11char_traitsIcESaIcEEESt14default_deleteIS5_EEERNSt13tuple_elementIXT_ESt5tupleIJDpT0_EEE4typeERSD_
FN:1803,1804,_ZSt3getILm1EJPNSt7__cxx1118basic_stringstreamIcSt11char_traitsIcESaIcEEESt14default_deleteIS5_EEERNSt13tuple_elementIXT_ESt5tupleIJDpT0_EEE4typeERSD_
FN:1809,1810,_ZSt3getILm0EJPNSt7__cxx1112basic_stringIcSt11char_traitsIcESaIcEEESt14default_deleteIS5_EEERKNSt13tuple_elementIXT_ESt5tupleIJDpT0_EEE4typeERKSD_
FN:1809,1810,_ZSt3getILm0EJPNSt7__cxx1118basic_stringstreamIcSt11char_traitsIcESaIcEEESt14default_deleteIS5_EEERKNSt13tuple_elementIXT_ESt5tupleIJDpT0_EEE4typeERKSD_
FN:190,191,_ZNSt10_Head_baseILm0EPNSt7__cxx1112basic_stringIcSt11char_traitsIcESaIcEEELb0EEC2Ev
FN:234,234,_ZNSt10_Head_baseILm0EPNSt7__cxx1112basic_stringIcSt11char_traitsIcESaIcEEELb0EE7_M_headERS7_
FN:234,234,_ZNSt10_Head_baseILm0EPNSt7__cxx1118basic_stringstreamIcSt11char_traitsIcESaIcEEELb0EE7_M_headERS7_
FN:237,237,_ZNSt10_Head_baseILm0EPNSt7__cxx1112basic_stringIcSt11char_traitsIcESaIcEEELb0EE7_M_headERKS7_
FN:237,237,_ZNSt10_Head_baseILm0EPNSt7__cxx1118basic_stringstreamIcSt11char_traitsIcESaIcEEELb0EE7_M_headERKS7_
FN:269,269,_ZNSt11_Tuple_implILm0EJPNSt7__cxx1112basic_stringIcSt11char_traitsIcESaIcEEESt14default_deleteIS5_EEE7_M_headERS9_
FN:269,269,_ZNSt11_Tuple_implILm0EJPNSt7__cxx1118basic_stringstreamIcSt11char_traitsIcESaIcEEESt14default_deleteIS5_EEE7_M_headERS9_
FN:272,272,_ZNSt11_Tuple_implILm0EJPNSt7__cxx1112basic_stringIcSt11char_traitsIcESaIcEEESt14default_deleteIS5_EEE7_M_headERKS9_
FN:272,272,_ZNSt11_Tuple_implILm0EJPNSt7__cxx1118basic_stringstreamIcSt11char_traitsIcESaIcEEESt14default_deleteIS5_EEE7_M_headERKS9_
FN:280,281,_ZNSt11_Tuple_implILm0EJPNSt7__cxx1112basic_stringIcSt11char_traitsIcESaIcEEESt14default_deleteIS5_EEEC2Ev
FN:497,497,_ZNSt11_Tuple_implILm1EJSt14default_deleteINSt7__cxx1112basic_stringIcSt11char_traitsIcESaIcEEEEEE7_M_headERS8_
FN:497,497,_ZNSt11_Tuple_implILm1EJSt14default_deleteINSt7__cxx1118basic_stringstreamIcSt11char_traitsIcESaIcEEEEEE7_M_headERS8_
FN:503,504,_ZNSt11_Tuple_implILm1EJSt14default_deleteINSt7__cxx1112basic_stringIcSt11char_traitsIcESaIcEEEEEEC2Ev
FN:81,82,_ZNSt10_Head_baseILm1ESt14default_deleteINSt7__cxx1112basic_stringIcSt11char_traitsIcESaIcEEEELb1EEC2Ev
FNDA:0,_ZNSt10_Head_baseILm1ESt14default_deleteINSt7__cxx1112basic_stringIcSt11char_traitsIcESaIcEEEELb1EE7_M_headERS8_
FNDA:0,_ZNSt10_Head_baseILm1ESt14default_deleteINSt7__cxx1118basic_stringstreamIcSt11char_traitsIcESaIcEEEELb1EE7_M_headERS8_
FNDA:26,_ZNSt5tupleIJPNSt7__cxx1112basic_stringIcSt11char_traitsIcESaIcEEESt14default_deleteIS5_EEEC2ILb1ELb1EEEv
FNDA:44,_ZSt12__get_helperILm0EPNSt7__cxx1112basic_stringIcSt11char_traitsIcESaIcEEEJSt14default_deleteIS5_EEERT0_RSt11_Tuple_implIXT_EJS9_DpT1_EE
FNDA:0,_ZSt12__get_helperILm0EPNSt7__cxx1118basic_stringstreamIcSt11char_traitsIcESaIcEEEJSt14default_deleteIS5_EEERT0_RSt11_Tuple_implIXT_EJS9_DpT1_EE
FNDA:0,_ZSt12__get_helperILm1ESt14default_deleteINSt7__cxx1112basic_stringIcSt11char_traitsIcESaIcEEEEJEERT0_RSt11_Tuple_implIXT_EJS8_DpT1_EE
FNDA:0,_ZSt12__get_helperILm1ESt14default_deleteINSt7__cxx1118basic_stringstreamIcSt11char_traitsIcESaIcEEEEJEERT0_RSt11_Tuple_implIXT_EJS8_DpT1_EE
FNDA:0,_ZSt12__get_helperILm0EPNSt7__cxx1112basic_stringIcSt11char_traitsIcESaIcEEEJSt14default_deleteIS5_EEERKT0_RKSt11_Tuple_implIXT_EJS9_DpT1_EE
FNDA:0,_ZSt12__get_helperILm0EPNSt7__cxx1118basic_stringstreamIcSt11char_traitsIcESaIcEEEJSt14default_deleteIS5_EEERKT0_RKSt11_Tuple_implIXT_EJS9_DpT1_EE
FNDA:44,_ZSt3getILm0EJPNSt7__cxx1112basic_stringIcSt11char_traitsIcESaIcEEESt14default_deleteIS5_EEERNSt13tuple_elementIXT_ESt5tupleIJDpT0_EEE4typeERSD_
FNDA:0,_ZSt3getILm0EJPNSt7__cxx1118basic_stringstreamIcSt11char_traitsIcESaIcEEESt14default_deleteIS5_EEERNSt13tuple_elementIXT_ESt5tupleIJDpT0_EEE4typeERSD_
FNDA:0,_ZSt3getILm1EJPNSt7__cxx1112basic_stringIcSt11char_traitsIcESaIcEEESt14default_deleteIS5_EEERNSt13tuple_elementIXT_ESt5tupleIJDpT0_EEE4typeERSD_
FNDA:0,_ZSt3getILm1EJPNSt7__cxx1118basic_stringstreamIcSt11char_traitsIcESaIcEEESt14default_deleteIS5_EEERNSt13tuple_elementIXT_ESt5tupleIJDpT0_EEE4typeERSD_
FNDA:0,_ZSt3getILm0EJPNSt7__cxx1112basic_stringIcSt11char_traitsIcESaIcEEESt14default_deleteIS5_EEERKNSt13tuple_elementIXT_ESt5tupleIJDpT0_EEE4typeERKSD_
FNDA:0,_ZSt3getILm0EJPNSt7__cxx1118basic_stringstreamIcSt11char_traitsIcESaIcEEESt14default_deleteIS5_EEERKNSt13tuple_elementIXT_ESt5tupleIJDpT0_EEE4typeERKSD_
FNDA:26,_ZNSt10_Head_baseILm0EPNSt7__cxx1112basic_stringIcSt11char_traitsIcESaIcEEELb0EEC2Ev
FNDA:44,_ZNSt10_Head_baseILm0EPNSt7__cxx1112basic_stringIcSt11char_traitsIcESaIcEEELb0EE7_M_headERS7_
FNDA:0,_ZNSt10_Head_baseILm0EPNSt7__cxx1118basic_stringstreamIcSt11char_traitsIcESaIcEEELb0EE7_M_headERS7_
FNDA:0,_ZNSt10_Head_baseILm0EPNSt7__cxx1112basic_stringIcSt11char_traitsIcESaIcEEELb0EE7_M_headERKS7_
FNDA:0,_ZNSt10_Head_baseILm0EPNSt7__cxx1118basic_stringstreamIcSt11char_traitsIcESaIcEEELb0EE7_M_headERKS7_
FNDA:44,_ZNSt11_Tuple_implILm0EJPNSt7__cxx1112basic_stringIcSt11char_traitsIcESaIcEEESt14default_deleteIS5_EEE7_M_headERS9_
FNDA:0,_ZNSt11_Tuple_implILm0EJPNSt7__cxx1118basic_stringstreamIcSt11char_traitsIcESaIcEEESt14default_deleteIS5_EEE7_M_headERS9_
FNDA:0,_ZNSt11_Tuple_implILm0EJPNSt7__cxx1112basic_stringIcSt11char_traitsIcESaIcEEESt14default_deleteIS5_EEE7_M_headERKS9_
FNDA:0,_ZNSt11_Tuple_implILm0EJPNSt7__cxx1118basic_stringstreamIcSt11char_traitsIcESaIcEEESt14default_deleteIS5_EEE7_M_headERKS9_
FNDA:26,_ZNSt11_Tuple_implILm0EJPNSt7__cxx1112basic_stringIcSt11char_traitsIcESaIcEEESt14default_deleteIS5_EEEC2Ev
FNDA:0,_ZNSt11_Tuple_implILm1EJSt14default_deleteINSt7__cxx1112basic_stringIcSt11char_traitsIcESaIcEEEEEE7_M_headERS8_
FNDA:0,_ZNSt11_Tuple_implILm1EJSt14default_deleteINSt7__cxx1118basic_stringstreamIcSt11char_traitsIcESaIcEEEEEE7_M_headERS8_
FNDA:26,_ZNSt11_Tuple_implILm1EJSt14default_deleteINSt7__cxx1112basic_stringIcSt11char_traitsIcESaIcEEEEEEC2Ev
FNDA:26,_ZNSt10_Head_baseILm1ESt14default_deleteINSt7__cxx1112basic_stringIcSt11char_traitsIcESaIcEEEELb1EEC2Ev
FNF:29
FNH:9
DA:81,26
DA:82,26
DA:125,0
DA:190,26
DA:191,26
DA:234,44
DA:237,0
DA:269,44
DA:272,0
DA:280,26
DA:281,26
DA:497,0
DA:503,26
DA:504,26
DA:1317,26
DA:1319,26
DA:1787,44
DA:1788,44
DA:1792,0
DA:1793,0
DA:1803,44
DA:1804,44
DA:1809,0
DA:1810,0
LF:24
LH:16
end_of_record
TN:
SF:/usr/include/c++/13/type_traits
FN:3649,3656,_ZSt21is_constant_evaluatedv
FNDA:0,_ZSt21is_constant_evaluatedv
FNF:1
FNH:0
DA:3649,0
DA:3654,0
LF:2
LH:0
end_of_record
TN:
SF:/usr/include/gtest/gtest-assertion-result.h
FN:155,161,_ZN7testing15AssertionResultC2IbEERKT_PNSt9enable_ifIXntsrSt14is_convertibleIS2_S0_E5valueEvE4typeE
FN:174,174,_ZNK7testing15AssertionResultcvbEv
FN:183,185,_ZNK7testing15AssertionResult7messageEv
FN:187,187,_ZNK7testing15AssertionResult15failure_messageEv
FN:191,194,_ZN7testing15AssertionResultlsIA12_cEERS0_RKT_
FN:191,194,_ZN7testing15AssertionResultlsIA3_cEERS0_RKT_
FN:191,194,_ZN7testing15AssertionResultlsIA5_cEERS0_RKT_
FN:191,194,_ZN7testing15AssertionResultlsINSt7__cxx1112basic_stringIcSt11char_traitsIcESaIcEEEEERS0_RKT_
FN:191,194,_ZN7testing15AssertionResultlsIPKcEERS0_RKT_
FN:206,209,_ZN7testing15AssertionResult13AppendMessageERKNS_7MessageE
FNDA:26,_ZN7testing15AssertionResultC2IbEERKT_PNSt9enable_ifIXntsrSt14is_convertibleIS2_S0_E5valueEvE4typeE
FNDA:44,_ZNK7testing15AssertionResultcvbEv
FNDA:0,_ZNK7testing15AssertionResult7messageEv
FNDA:0,_ZNK7testing15AssertionResult15failure_messageEv
FNDA:0,_ZN7testing15AssertionResultlsIA12_cEERS0_RKT_
FNDA:0,_ZN7testing15AssertionResultlsIA3_cEERS0_RKT_
FNDA:0,_ZN7testing15AssertionResultlsIA5_cEERS0_RKT_
FNDA:0,_ZN7testing15AssertionResultlsINSt7__cxx1112basic_stringIcSt11char_traitsIcESaIcEEEEERS0_RKT_
FNDA:0,_ZN7testing15AssertionResultlsIPKcEERS0_RKT_
FNDA:0,_ZN7testing15AssertionResult13AppendMessageERKNS_7MessageE
FNF:10
FNH:2
BRDA:184,0,0,-
BRDA:184,0,1,-
BRDA:192,0,0,-
BRDA:192,e0,1,-
BRDA:192,0,2,-
BRDA:192,e0,3,-
BRDA:192,0,4,-
BRDA:192,e0,5,-
BRDA:207,0,0,-
BRDA:207,0,1,-
BRDA:207,0,2,-
BRDA:207,e0,3,-
BRDA:208,0,0,-
BRDA:208,e0,1,-
BRDA:208,0,2,-
BRDA:208,e0,3,-
BRF:16
BRH:0
DA:155,26
DA:161,26
DA:174,44
DA:183,0
DA:184,0
DA:187,0
DA:191,0
DA:192,0
DA:193,0
DA:206,0
DA:207,0
DA:208,0
DA:209,0
LF:13
LH:3
end_of_record
TN:
SF:/usr/include/gtest/gtest-message.h
FN:132,150,_ZN7testing7MessagelsIA12_cEERS0_RKT_
FN:132,150,_ZN7testing7MessagelsIA3_cEERS0_RKT_
FN:132,150,_ZN7testing7MessagelsIA5_cEERS0_RKT_
FN:132,150,_ZN7testing7MessagelsINSt7__cxx1112basic_stringIcSt11char_traitsIcESaIcEEEEERS0_RKT_
FN:182,189,_ZN7testing7MessagelsIKcEERS0_RKPT_
FNDA:0,_ZN7testing7MessagelsIA12_cEERS0_RKT_
FNDA:0,_ZN7testing7MessagelsIA3_cEERS0_RKT_
FNDA:0,_ZN7testing7MessagelsIA5_cEERS0_RKT_
FNDA:0,_ZN7testing7MessagelsINSt7__cxx1112basic_stringIcSt11char_traitsIcESaIcEEEEERS0_RKT_
FNDA:0,_ZN7testing7MessagelsIKcEERS0_RKPT_
FNF:5
FNH:0
BRDA:183,0,0,-
BRDA:183,0,1,-
BRF:2
BRH:0
DA:132,0
DA:148,0
DA:149,0
DA:182,0
DA:183,0
DA:184,0
DA:186,0
DA:188,0
LF:8
LH:0
end_of_record
TN:
SF:/usr/include/gtest/gtest-printers.h
FN:1108,1113,_ZN7testing8internal14UniversalPrintIP12InfusionModeEEvRKT_PSo
FN:1108,1113,_ZN7testing8internal14UniversalPrintIP14LinearRampModeEEvRKT_PSo
FN:1108,1113,_ZN7testing8internal14UniversalPrintIfEEvRKT_PSo
FN:1108,1113,_ZN7testing8internal14UniversalPrintIhEEvRKT_PSo
FN:1108,1113,_ZN7testing8internal14UniversalPrintIiEEvRKT_PSo
FN:1148,1152,_ZN7testing13PrintToStringIP12InfusionModeEENSt7__cxx1112basic_stringIcSt11char_traitsIcESaIcEEERKT_
FN:1148,1152,_ZN7testing13PrintToStringIP14LinearRampModeEENSt7__cxx1112basic_stringIcSt11char_traitsIcESaIcEEERKT_
FN:1148,1152,_ZN7testing13PrintToStringIfEENSt7__cxx1112basic_stringIcSt11char_traitsIcESaIcEEERKT_
FN:1148,1152,_ZN7testing13PrintToStringIhEENSt7__cxx1112basic_stringIcSt11char_traitsIcESaIcEEERKT_
FN:1148,1152,_ZN7testing13PrintToStringIiEENSt7__cxx1112basic_stringIcSt11char_traitsIcESaIcEEERKT_
FN:190,199,_ZN7testing8internal14PointerPrinter10PrintValueI12InfusionModeEEvPT_PSo
FN:190,199,_ZN7testing8internal14PointerPrinter10PrintValueI14LinearRampModeEEvPT_PSo
FN:221,226,_ZN7testing8internal52internal_stream_operator_without_lexical_name_lookup13StreamPrinter10PrintValueIivEEDTcvvlsdefp0_fp_ERKT_PSo
FN:326,337,_ZN7testing8internal17PrintWithFallbackIP12InfusionModeEEvRKT_PSo
FN:326,337,_ZN7testing8internal17PrintWithFallbackIP14LinearRampModeEEvRKT_PSo
FN:326,337,_ZN7testing8internal17PrintWithFallbackIiEEvRKT_PSo
FN:357,359,_ZN7testing8internal19FormatForComparisonIP12InfusionModeP14LinearRampModeE6FormatB5cxx11ERKS3_
FN:357,359,_ZN7testing8internal19FormatForComparisonIP12InfusionModeS3_E6FormatB5cxx11ERKS3_
FN:357,359,_ZN7testing8internal19FormatForComparisonIP14LinearRampModeP12InfusionModeE6FormatB5cxx11ERKS3_
[...]
FN:1376,1384,_ZN7testing8internal11CmpHelperEQIP12InfusionModeS3_EENS_15AssertionResultEPKcS6_RKT_RKT0_
FN:1376,1384,_ZN7testing8internal11CmpHelperEQIffEENS_15AssertionResultEPKcS4_RKT_RKT0_
FN:1376,1384,_ZN7testing8internal11CmpHelperEQIhiEENS_15AssertionResultEPKcS4_RKT_RKT0_
FN:1395,1399,_ZN7testing8internal8EqHelper7CompareIP12InfusionModeP14LinearRampModeLPv0EEENS_15AssertionResultEPKcSA_RKT_RKT0_
FN:1395,1399,_ZN7testing8internal8EqHelper7CompareIP12InfusionModeS4_LPv0EEENS_15AssertionResultEPKcS8_RKT_RKT0_
FN:1395,1399,_ZN7testing8internal8EqHelper7CompareIffLPv0EEENS_15AssertionResultEPKcS6_RKT_RKT0_
FN:1395,1399,_ZN7testing8internal8EqHelper7CompareIhiLPv0EEENS_15AssertionResultEPKcS6_RKT_RKT0_
FN:1428,1435,_ZN7testing8internal18CmpHelperOpFailureIhiEENS_15AssertionResultEPKcS4_RKT_RKT0_S4_
FN:1465,1465,_ZN7testing8internal11CmpHelperGTIhiEENS_15AssertionResultEPKcS4_RKT_RKT0_
FN:1567,1587,_ZN7testing8internal24CmpHelperFloatingPointEQIfEENS_15AssertionResultEPKcS4_T_S5_
FN:256,256,_ZN7testing4Test14SetUpTestSuiteEv
FN:264,264,_ZN7testing4Test17TearDownTestSuiteEv
FN:269,269,_ZN7testing4Test16TearDownTestCaseEv
FN:270,270,_ZN7testing4Test13SetUpTestCaseEv
FN:357,357,_ZN7testing4Test5SetupEv
FNDA:0,_ZN7testing8internal18CmpHelperEQFailureIP12InfusionModeP14LinearRampModeEENS_15AssertionResultEPKcS8_RKT_RKT0_
FNDA:0,_ZN7testing8internal18CmpHelperEQFailureIP12InfusionModeS3_EENS_15AssertionResultEPKcS6_RKT_RKT0_
FNDA:0,_ZN7testing8internal18CmpHelperEQFailureIffEENS_15AssertionResultEPKcS4_RKT_RKT0_
FNDA:0,_ZN7testing8internal18CmpHelperEQFailureIhiEENS_15AssertionResultEPKcS4_RKT_RKT0_
FNDA:1,_ZN7testing8internal11CmpHelperEQIP12InfusionModeP14LinearRampModeEENS_15AssertionResultEPKcS8_RKT_RKT0_
FNDA:1,_ZN7testing8internal11CmpHelperEQIP12InfusionModeS3_EENS_15AssertionResultEPKcS6_RKT_RKT0_
FNDA:5,_ZN7testing8internal11CmpHelperEQIffEENS_15AssertionResultEPKcS4_RKT_RKT0_
FNDA:8,_ZN7testing8internal11CmpHelperEQIhiEENS_15AssertionResultEPKcS4_RKT_RKT0_
FNDA:1,_ZN7testing8internal8EqHelper7CompareIP12InfusionModeP14LinearRampModeLPv0EEENS_15AssertionResultEPKcSA_RKT_RKT0_
FNDA:1,_ZN7testing8internal8EqHelper7CompareIP12InfusionModeS4_LPv0EEENS_15AssertionResultEPKcS8_RKT_RKT0_
FNDA:5,_ZN7testing8internal8EqHelper7CompareIffLPv0EEENS_15AssertionResultEPKcS6_RKT_RKT0_
FNDA:8,_ZN7testing8internal8EqHelper7CompareIhiLPv0EEENS_15AssertionResultEPKcS6_RKT_RKT0_
FNDA:0,_ZN7testing8internal18CmpHelperOpFailureIhiEENS_15AssertionResultEPKcS4_RKT_RKT0_S4_
FNDA:1,_ZN7testing8internal11CmpHelperGTIhiEENS_15AssertionResultEPKcS4_RKT_RKT0_
FNDA:2,_ZN7testing8internal24CmpHelperFloatingPointEQIfEENS_15AssertionResultEPKcS4_T_S5_
FNDA:0,_ZN7testing4Test14SetUpTestSuiteEv
FNDA:0,_ZN7testing4Test17TearDownTestSuiteEv
FNDA:0,_ZN7testing4Test16TearDownTestCaseEv
FNDA:0,_ZN7testing4Test13SetUpTestCaseEv
FNDA:0,_ZN7testing4Test5SetupEv
FNF:20
FNH:10
BRDA:1364,0,0,-
BRDA:1364,e0,1,-
BRDA:1364,0,2,-
BRDA:1364,e0,3,-
BRDA:1364,0,4,-
BRDA:1364,e0,5,-
BRDA:1379,0,0,15
BRDA:1379,0,1,0
BRDA:1432,0,0,-
BRDA:1432,e0,1,-
BRDA:1432,0,2,-
BRDA:1432,e0,3,-
BRDA:1432,0,4,-
BRDA:1432,e0,5,-
BRDA:1432,0,6,-
BRDA:1432,e0,7,-
BRDA:1432,0,8,-
BRDA:1432,e0,9,-
BRDA:1432,0,10,-
BRDA:1432,e0,11,-
BRDA:1432,0,12,-
BRDA:1432,e0,13,-
BRDA:1433,0,0,-
BRDA:1433,e0,1,-
BRDA:1433,0,2,-
BRDA:1433,e0,3,-
BRDA:1433,0,4,-
BRDA:1433,e0,5,-
BRDA:1434,0,0,-
BRDA:1434,e0,1,-
BRDA:1434,0,2,-
BRDA:1434,e0,3,-
BRDA:1434,0,4,-
BRDA:1434,e0,5,-
BRDA:1434,0,6,-
BRDA:1434,e0,7,-
BRDA:1465,0,0,1
BRDA:1465,0,1,0
BRDA:1572,0,0,2
BRDA:1572,e0,1,0
BRDA:1572,0,2,2
BRDA:1572,0,3,0
BRDA:1573,0,0,2
BRDA:1573,e0,1,0
BRDA:1576,0,0,-
BRDA:1576,e0,1,-
BRDA:1578,0,0,-
BRDA:1578,e0,1,-
BRDA:1580,0,0,-
BRDA:1580,e0,1,-
BRDA:1582,0,0,-
BRDA:1582,e0,1,-
BRDA:1586,0,0,-
BRDA:1586,e0,1,-
BRDA:1586,0,2,-
BRDA:1586,e0,3,-
BRDA:1586,0,4,-
BRDA:1586,e0,5,-
BRF:58
BRH:5
DA:256,0
DA:264,0
DA:269,0
DA:270,0
DA:357,0
DA:1359,0
DA:1364,0
DA:1376,15
DA:1379,15
DA:1380,15
DA:1383,0
DA:1395,15
DA:1398,15
DA:1428,0
DA:1432,0
DA:1433,0
DA:1434,0
DA:1465,1
DA:1567,2
DA:1570,2
DA:1572,2
DA:1573,2
DA:1576,0
DA:1577,0
DA:1578,0
DA:1580,0
DA:1581,0
DA:1582,0
DA:1586,0
DA:1587,0
LF:30
LH:10
end_of_record
TN:
SF:/usr/include/gtest/internal/gtest-internal.h
FN:294,294,_ZN7testing8internal13FloatingPointIfEC2ERKf
FN:316,316,_ZNK7testing8internal13FloatingPointIfE13exponent_bitsEv
FN:319,319,_ZNK7testing8internal13FloatingPointIfE13fraction_bitsEv
FN:325,329,_ZNK7testing8internal13FloatingPointIfE6is_nanEv
FN:337,344,_ZNK7testing8internal13FloatingPointIfE12AlmostEqualsERKS2_
FN:368,376,_ZN7testing8internal13FloatingPointIfE24SignAndMagnitudeToBiasedERKj
FN:380,385,_ZN7testing8internal13FloatingPointIfE38DistanceBetweenSignAndMagnitudeNumbersERKjS4_
FN:419,425,_ZN7testing8internal9GetTypeIdI12InfusionTestEEPKvv
FN:438,438,_ZN7testing8internal15TestFactoryBaseD0Ev
FN:438,438,_ZN7testing8internal15TestFactoryBaseD2Ev
FN:445,445,_ZN7testing8internal15TestFactoryBaseC2Ev
FN:457,457,_ZN7testing8internal15TestFactoryImplI38InfusionTest_VolumeAlertThrottled_TestE10CreateTestEv
FN:457,457,_ZN7testing8internal15TestFactoryImplI47InfusionTest_AlarmManager_ClearAll_NoError_TestE10CreateTestEv
FN:457,457,_ZN7testing8internal15TestFactoryImplI48InfusionTest_InfusionMode_ApplyRate_NoError_TestE10CreateTestEv
FN:457,457,_ZN7testing8internal15TestFactoryImplI48InfusionTest_InfusionMode_ZeroRate_NoAction_TestE10CreateTestEv
FN:457,457,_ZN7testing8internal15TestFactoryImplI49InfusionTest_Hardware_MotorStopStart_NoError_TestE10CreateTestEv
FN:457,457,_ZN7testing8internal15TestFactoryImplI49InfusionTest_InfusionMode_NoPressure_NoAlarm_TestE10CreateTestEv
FN:457,457,_ZN7testing8internal15TestFactoryImplI50InfusionTest_LinearRampMode_OverMax_CapsAtFin_TestE10CreateTestEv
FN:457,457,_ZN7testing8internal15TestFactoryImplI50InfusionTest_OcclusionMonitor_CustomThreshold_TestE10CreateTestEv
FN:457,457,_ZN7testing8internal15TestFactoryImplI51InfusionTest_AlarmManager_AddBeyondMax_Ignored_TestE10CreateTestEv
FN:457,457,_ZN7testing8internal15TestFactoryImplI51InfusionTest_AlarmManager_ClearAll_NoObservers_TestE10CreateTestEv
FN:457,457,_ZN7testing8internal15TestFactoryImplI51InfusionTest_AlarmManager_ClearAll_ResetsFlags_TestE10CreateTestEv
FN:457,457,_ZN7testing8internal15TestFactoryImplI51InfusionTest_InfusionMode_VolumeAlarm_Coverage_TestE10CreateTestEv
FN:457,457,_ZN7testing8internal15TestFactoryImplI52InfusionTest_AlarmManager_NoObservers_CountZero_TestE10CreateTestEv
FN:457,457,_ZN7testing8internal15TestFactoryImplI52InfusionTest_ModeSwitch_SamePointer_ReturnsSame_TestE10CreateTestEv
FN:457,457,_ZN7testing8internal15TestFactoryImplI52InfusionTest_VolumeTracker_ZeroTime_ReturnsTrue_TestE10CreateTestEv
FN:457,457,_ZN7testing8internal15TestFactoryImplI54InfusionTest_InfusionMode_AlarmThrottle_Execution_TestE10CreateTestEv
FN:457,457,_ZN7testing8internal15TestFactoryImplI56InfusionTest_AlarmManager_ClearOcclusionType_Branch_TestE10CreateTestEv
FN:457,457,_ZN7testing8internal15TestFactoryImplI56InfusionTest_InfusionMode_AlarmThrottle_FalseBranch_TestE10CreateTestEv
FN:457,457,_ZN7testing8internal15TestFactoryImplI56InfusionTest_VolumeTracker_CorrectTicks_ReturnsTrue_TestE10CreateTestEv
FN:457,457,_ZN7testing8internal15TestFactoryImplI56InfusionTest_VolumeTracker_EarlyElapsed_ReturnsTrue_TestE10CreateTestEv
FN:457,457,_ZN7testing8internal15TestFactoryImplI56InfusionTest_VolumeTracker_ZeroTicks_AlarmTriggered_TestE10CreateTestEv
FN:457,457,_ZN7testing8internal15TestFactoryImplI57InfusionTest_AlarmManager_NotifyOcclusionType_Branch_TestE10CreateTestEv
FN:457,457,_ZN7testing8internal15TestFactoryImplI57InfusionTest_ConstantRateMode_ComputeRate_Returns100_TestE10CreateTestEv
FN:457,457,_ZN7testing8internal15TestFactoryImplI57InfusionTest_LinearRampMode_AfterInterval_Increments_TestE10CreateTestEv
FN:457,457,_ZN7testing8internal15TestFactoryImplI57InfusionTest_LinearRampMode_FirstCall_ReturnsInitial_TestE10CreateTestEv
FN:457,457,_ZN7testing8internal15TestFactoryImplI57InfusionTest_LinearRampMode_VolumeNotComplete_NoStop_TestE10CreateTestEv
FN:457,457,_ZN7testing8internal15TestFactoryImplI57InfusionTest_ModeSwitch_NoRestart_ResetsNewModeState_TestE10CreateTestEv
FN:457,457,_ZN7testing8internal15TestFactoryImplI58InfusionTest_AlarmManager_TwoObservers_NotifyCountOne_TestE10CreateTestEv
FN:457,457,_ZN7testing8internal15TestFactoryImplI58InfusionTest_AlarmObserver_VirtualDestructor_Coverage_TestE10CreateTestEv
FN:457,457,_ZN7testing8internal15TestFactoryImplI58InfusionTest_InfusionMode_OcclusionAlarm_NotifyCount1_TestE10CreateTestEv
FN:457,457,_ZN7testing8internal15TestFactoryImplI58InfusionTest_LinearRampMode_VolumeComplete_StopsMotor_TestE10CreateTestEv
FN:457,457,_ZN7testing8internal15TestFactoryImplI59InfusionTest_AlarmManager_AllObservers_UpdateExecution_TestE10CreateTestEv
FN:457,457,_ZN7testing8internal15TestFactoryImplI59InfusionTest_InfusionMode_NearZeroRate_SkipsMotorStart_TestE10CreateTestEv
FN:457,457,_ZN7testing8internal15TestFactoryImplI59InfusionTest_OcclusionMonitor_EqualPressure_ReturnTrue_TestE10CreateTestEv
FN:457,457,_ZN7testing8internal15TestFactoryImplI60InfusionTest_OcclusionMonitor_HighPressure_ReturnsFalse_TestE10CreateTestEv
FN:457,457,_ZN7testing8internal15TestFactoryImplI60InfusionTest_VolumeTracker_AlreadyCorrected_SkipsRecalc_TestE10CreateTestEv
FN:457,457,_ZN7testing8internal15TestFactoryImplI60InfusionTest_VolumeTracker_NearZeroExpected_ReturnsTrue_TestE10CreateTestEv
FN:457,457,_ZN7testing8internal15TestFactoryImplI60InfusionTest_VolumeTracker_TimeElapsed_ReturnsDeviation_TestE10CreateTestEv
FN:457,457,_ZN7testing8internal15TestFactoryImplI61InfusionTest_InfusionMode_SwitchMode_ComputesCorrectRate_TestE10CreateTestEv
FN:457,457,_ZN7testing8internal15TestFactoryImplI61InfusionTest_OcclusionMonitor_NormalPressure_ReturnsTrue_TestE10CreateTestEv
FN:457,457,_ZN7testing8internal15TestFactoryImplI62InfusionTest_AlarmManager_ClearBothAlarmsNotifiesObserver_TestE10CreateTestEv
FN:457,457,_ZN7testing8internal15TestFactoryImplI62InfusionTest_AlarmManager_ClearVolumeWhileOcclusionActive_TestE10CreateTestEv
FN:457,457,_ZN7testing8internal15TestFactoryImplI63InfusionTest_VolumeTracker_OffsetCapture_TicksReflectDelta_TestE10CreateTestEv
FN:457,457,_ZN7testing8internal15TestFactoryImplI64InfusionTest_VolumeTracker_SecondCallWithinWindow_NoReprint_TestE10CreateTestEv
FN:457,457,_ZN7testing8internal15TestFactoryImplI65InfusionTest_LinearRampMode_SecondCallWithinWindow_NoReprint_TestE10CreateTestEv
FN:457,457,_ZN7testing8internal15TestFactoryImplI67InfusionTest_AlarmManager_ClearOcclusion_ShortCircuitsOnVolume_TestE10CreateTestEv
FN:457,457,_ZN7testing8internal15TestFactoryImplI67InfusionTest_OcclusionMonitor_SecondCallWithinWindow_NoReprint_TestE10CreateTestEv
FN:457,457,_ZN7testing8internal15TestFactoryImplI68InfusionTest_VolumeTracker_HighDeviation_TriggersAlarmCondition_TestE10CreateTestEv
FN:457,457,_ZN7testing8internal15TestFactoryImplI70InfusionTest_LinearRampMode_TotalVolumeDepleted_CompletesInfusion_TestE10CreateTestEv
FN:478,479,_ZN7testing8internal12CodeLocationC2ERKNSt7__cxx1112basic_stringIcSt11char_traitsIcESaIcEEEi
FN:491,494,_ZN7testing8internal19GetNotDefaultOrNullEPFvvES2_
FN:506,525,_ZN7testing8internal16SuiteApiResolverI12InfusionTestE19GetSetUpCaseOrSuiteEPKci
FN:527,546,_ZN7testing8internal16SuiteApiResolverI12InfusionTestE22GetTearDownCaseOrSuiteEPKci
FNDA:4,_ZN7testing8internal13FloatingPointIfEC2ERKf
FNDA:4,_ZNK7testing8internal13FloatingPointIfE13exponent_bitsEv
FNDA:0,_ZNK7testing8internal13FloatingPointIfE13fraction_bitsEv
FNDA:4,_ZNK7testing8internal13FloatingPointIfE6is_nanEv
FNDA:2,_ZNK7testing8internal13FloatingPointIfE12AlmostEqualsERKS2_
FNDA:4,_ZN7testing8internal13FloatingPointIfE24SignAndMagnitudeToBiasedERKj
FNDA:2,_ZN7testing8internal13FloatingPointIfE38DistanceBetweenSignAndMagnitudeNumbersERKjS4_
FNDA:49,_ZN7testing8internal9GetTypeIdI12InfusionTestEEPKvv
FNDA:0,_ZN7testing8internal15TestFactoryBaseD0Ev
FNDA:49,_ZN7testing8internal15TestFactoryBaseD2Ev
FNDA:49,_ZN7testing8internal15TestFactoryBaseC2Ev
FNDA:1,_ZN7testing8internal15TestFactoryImplI38InfusionTest_VolumeAlertThrottled_TestE10CreateTestEv
FNDA:1,_ZN7testing8internal15TestFactoryImplI47InfusionTest_AlarmManager_ClearAll_NoError_TestE10CreateTestEv
FNDA:1,_ZN7testing8internal15TestFactoryImplI48InfusionTest_InfusionMode_ApplyRate_NoError_TestE10CreateTestEv
FNDA:1,_ZN7testing8internal15TestFactoryImplI48InfusionTest_InfusionMode_ZeroRate_NoAction_TestE10CreateTestEv
FNDA:1,_ZN7testing8internal15TestFactoryImplI49InfusionTest_Hardware_MotorStopStart_NoError_TestE10CreateTestEv
FNDA:1,_ZN7testing8internal15TestFactoryImplI49InfusionTest_InfusionMode_NoPressure_NoAlarm_TestE10CreateTestEv
FNDA:1,_ZN7testing8internal15TestFactoryImplI50InfusionTest_LinearRampMode_OverMax_CapsAtFin_TestE10CreateTestEv
FNDA:1,_ZN7testing8internal15TestFactoryImplI50InfusionTest_OcclusionMonitor_CustomThreshold_TestE10CreateTestEv
FNDA:1,_ZN7testing8internal15TestFactoryImplI51InfusionTest_AlarmManager_AddBeyondMax_Ignored_TestE10CreateTestEv
FNDA:1,_ZN7testing8internal15TestFactoryImplI51InfusionTest_AlarmManager_ClearAll_NoObservers_TestE10CreateTestEv
FNDA:1,_ZN7testing8internal15TestFactoryImplI51InfusionTest_AlarmManager_ClearAll_ResetsFlags_TestE10CreateTestEv
FNDA:1,_ZN7testing8internal15TestFactoryImplI51InfusionTest_InfusionMode_VolumeAlarm_Coverage_TestE10CreateTestEv
FNDA:1,_ZN7testing8internal15TestFactoryImplI52InfusionTest_AlarmManager_NoObservers_CountZero_TestE10CreateTestEv
FNDA:1,_ZN7testing8internal15TestFactoryImplI52InfusionTest_ModeSwitch_SamePointer_ReturnsSame_TestE10CreateTestEv
FNDA:1,_ZN7testing8internal15TestFactoryImplI52InfusionTest_VolumeTracker_ZeroTime_ReturnsTrue_TestE10CreateTestEv
FNDA:1,_ZN7testing8internal15TestFactoryImplI54InfusionTest_InfusionMode_AlarmThrottle_Execution_TestE10CreateTestEv
FNDA:1,_ZN7testing8internal15TestFactoryImplI56InfusionTest_AlarmManager_ClearOcclusionType_Branch_TestE10CreateTestEv
FNDA:1,_ZN7testing8internal15TestFactoryImplI56InfusionTest_InfusionMode_AlarmThrottle_FalseBranch_TestE10CreateTestEv
FNDA:1,_ZN7testing8internal15TestFactoryImplI56InfusionTest_VolumeTracker_CorrectTicks_ReturnsTrue_TestE10CreateTestEv
FNDA:1,_ZN7testing8internal15TestFactoryImplI56InfusionTest_VolumeTracker_EarlyElapsed_ReturnsTrue_TestE10CreateTestEv
FNDA:1,_ZN7testing8internal15TestFactoryImplI56InfusionTest_VolumeTracker_ZeroTicks_AlarmTriggered_TestE10CreateTestEv
FNDA:1,_ZN7testing8internal15TestFactoryImplI57InfusionTest_AlarmManager_NotifyOcclusionType_Branch_TestE10CreateTestEv
FNDA:1,_ZN7testing8internal15TestFactoryImplI57InfusionTest_ConstantRateMode_ComputeRate_Returns100_TestE10CreateTestEv
FNDA:1,_ZN7testing8internal15TestFactoryImplI57InfusionTest_LinearRampMode_AfterInterval_Increments_TestE10CreateTestEv
FNDA:1,_ZN7testing8internal15TestFactoryImplI57InfusionTest_LinearRampMode_FirstCall_ReturnsInitial_TestE10CreateTestEv
FNDA:1,_ZN7testing8internal15TestFactoryImplI57InfusionTest_LinearRampMode_VolumeNotComplete_NoStop_TestE10CreateTestEv
FNDA:1,_ZN7testing8internal15TestFactoryImplI57InfusionTest_ModeSwitch_NoRestart_ResetsNewModeState_TestE10CreateTestEv
FNDA:1,_ZN7testing8internal15TestFactoryImplI58InfusionTest_AlarmManager_TwoObservers_NotifyCountOne_TestE10CreateTestEv
FNDA:1,_ZN7testing8internal15TestFactoryImplI58InfusionTest_AlarmObserver_VirtualDestructor_Coverage_TestE10CreateTestEv
FNDA:1,_ZN7testing8internal15TestFactoryImplI58InfusionTest_InfusionMode_OcclusionAlarm_NotifyCount1_TestE10CreateTestEv
FNDA:1,_ZN7testing8internal15TestFactoryImplI58InfusionTest_LinearRampMode_VolumeComplete_StopsMotor_TestE10CreateTestEv
FNDA:1,_ZN7testing8internal15TestFactoryImplI59InfusionTest_AlarmManager_AllObservers_UpdateExecution_TestE10CreateTestEv
FNDA:1,_ZN7testing8internal15TestFactoryImplI59InfusionTest_InfusionMode_NearZeroRate_SkipsMotorStart_TestE10CreateTestEv
FNDA:1,_ZN7testing8internal15TestFactoryImplI59InfusionTest_OcclusionMonitor_EqualPressure_ReturnTrue_TestE10CreateTestEv
FNDA:1,_ZN7testing8internal15TestFactoryImplI60InfusionTest_OcclusionMonitor_HighPressure_ReturnsFalse_TestE10CreateTestEv
FNDA:1,_ZN7testing8internal15TestFactoryImplI60InfusionTest_VolumeTracker_AlreadyCorrected_SkipsRecalc_TestE10CreateTestEv
FNDA:1,_ZN7testing8internal15TestFactoryImplI60InfusionTest_VolumeTracker_NearZeroExpected_ReturnsTrue_TestE10CreateTestEv
FNDA:1,_ZN7testing8internal15TestFactoryImplI60InfusionTest_VolumeTracker_TimeElapsed_ReturnsDeviation_TestE10CreateTestEv
FNDA:1,_ZN7testing8internal15TestFactoryImplI61InfusionTest_InfusionMode_SwitchMode_ComputesCorrectRate_TestE10CreateTestEv
FNDA:1,_ZN7testing8internal15TestFactoryImplI61InfusionTest_OcclusionMonitor_NormalPressure_ReturnsTrue_TestE10CreateTestEv
FNDA:1,_ZN7testing8internal15TestFactoryImplI62InfusionTest_AlarmManager_ClearBothAlarmsNotifiesObserver_TestE10CreateTestEv
FNDA:1,_ZN7testing8internal15TestFactoryImplI62InfusionTest_AlarmManager_ClearVolumeWhileOcclusionActive_TestE10CreateTestEv
FNDA:1,_ZN7testing8internal15TestFactoryImplI63InfusionTest_VolumeTracker_OffsetCapture_TicksReflectDelta_TestE10CreateTestEv
FNDA:1,_ZN7testing8internal15TestFactoryImplI64InfusionTest_VolumeTracker_SecondCallWithinWindow_NoReprint_TestE10CreateTestEv
FNDA:1,_ZN7testing8internal15TestFactoryImplI65InfusionTest_LinearRampMode_SecondCallWithinWindow_NoReprint_TestE10CreateTestEv
FNDA:1,_ZN7testing8internal15TestFactoryImplI67InfusionTest_AlarmManager_ClearOcclusion_ShortCircuitsOnVolume_TestE10CreateTestEv
FNDA:1,_ZN7testing8internal15TestFactoryImplI67InfusionTest_OcclusionMonitor_SecondCallWithinWindow_NoReprint_TestE10CreateTestEv
FNDA:1,_ZN7testing8internal15TestFactoryImplI68InfusionTest_VolumeTracker_HighDeviation_TriggersAlarmCondition_TestE10CreateTestEv
FNDA:1,_ZN7testing8internal15TestFactoryImplI70InfusionTest_LinearRampMode_TotalVolumeDepleted_CompletesInfusion_TestE10CreateTestEv
FNDA:49,_ZN7testing8internal12CodeLocationC2ERKNSt7__cxx1112basic_stringIcSt11char_traitsIcESaIcEEEi
FNDA:196,_ZN7testing8internal19GetNotDefaultOrNullEPFvvES2_
FNDA:49,_ZN7testing8internal16SuiteApiResolverI12InfusionTestE19GetSetUpCaseOrSuiteEPKci
FNDA:49,_ZN7testing8internal16SuiteApiResolverI12InfusionTestE22GetTearDownCaseOrSuiteEPKci
FNF:64
FNH:62
BRDA:328,0,0,0
BRDA:328,0,1,4
BRDA:328,0,2,0
BRDA:328,0,3,0
BRDA:340,0,0,2
BRDA:340,0,1,0
BRDA:340,0,2,0
BRDA:340,0,3,2
BRDA:340,0,4,0
BRDA:340,0,5,2
BRDA:369,0,0,0
BRDA:369,0,1,4
BRDA:384,0,0,2
BRDA:384,0,1,0
BRDA:457,0,0,49
BRDA:457,e0,1,0
BRDA:457,0,2,0
BRDA:457,0,3,0
BRDA:493,0,0,0
BRDA:493,0,1,196
BRDA:514,0,0,0
BRDA:514,0,1,49
BRDA:514,0,2,0
BRDA:514,0,3,0
BRDA:514,0,4,0
BRDA:514,0,5,49
BRDA:514,0,6,0
BRDA:514,e0,7,0
BRDA:517,0,0,-
BRDA:517,e0,1,-
BRDA:517,0,2,-
BRDA:517,e0,3,-
BRDA:517,0,4,-
BRDA:517,e0,5,-
BRDA:517,0,6,-
BRDA:517,e0,7,-
BRDA:517,0,8,-
BRDA:517,e0,9,-
BRDA:519,0,0,0
BRDA:519,0,1,49
BRDA:535,0,0,0
BRDA:535,0,1,49
BRDA:535,0,2,0
BRDA:535,0,3,0
BRDA:535,0,4,0
BRDA:535,0,5,49
BRDA:535,0,6,0
BRDA:535,e0,7,0
BRDA:538,0,0,-
BRDA:538,e0,1,-
BRDA:538,0,2,-
BRDA:538,e0,3,-
BRDA:538,0,4,-
BRDA:538,e0,5,-
BRDA:538,0,6,-
BRDA:538,e0,7,-
BRDA:538,0,8,-
BRDA:538,e0,9,-
BRDA:540,0,0,0
BRDA:540,0,1,49
BRF:60
BRH:14
DA:294,4
DA:316,4
DA:319,0
DA:325,4
DA:328,4
DA:337,2
DA:340,2
DA:342,2
DA:343,2
DA:368,4
DA:369,4
DA:371,0
DA:374,4
DA:380,2
DA:382,2
DA:383,2
DA:384,2
DA:419,49
DA:424,49
DA:438,49
DA:445,49
DA:457,49
DA:478,49
DA:479,49
DA:491,196
DA:493,196
DA:506,49
DA:510,49
DA:512,49
DA:514,49
DA:517,0
DA:519,49
DA:527,49
DA:531,49
DA:533,49
DA:535,49
DA:538,0
DA:540,49
LF:38
LH:34
end_of_record
TN:
SF:/usr/include/gtest/internal/gtest-port.h
FN:1042,1042,_ZN7testing8internal8GTestLog9GetStreamEv
FNDA:0,_ZN7testing8internal8GTestLog9GetStreamEv
FNF:1
FNH:0
DA:1042,0
LF:1
LH:0
end_of_record
TN:
SF:/usr/include/x86_64-linux-gnu/c++/13/bits/c++config.h
FN:540,551,_ZSt23__is_constant_evaluatedv
FNDA:1235,_ZSt23__is_constant_evaluatedv
FNF:1
FNH:1
DA:540,1235
DA:547,1235
LF:2
LH:2
end_of_record
